2024-11-13 08:48:32 INFO File downloaded successfully.200
2024-11-13 08:48:32 INFO Connection successful!
2024-11-13 08:48:32 INFO Brenno  already on SE
2024-11-13 08:48:32 INFO Daniel Bairros Perrone already on SE
2024-11-13 08:48:32 INFO Thaise Cardoso Cavalcante already on SE
2024-11-13 08:48:32 INFO Jairo de Faria Barros Filho. already on SE
2024-11-13 08:48:32 INFO Cleisson cordeiro dos santos  already on SE
2024-11-13 08:48:32 INFO ANA CAROLINE DE BORBA PETROSKI already on SE
2024-11-13 08:48:32 INFO Carlos Eduardo Beluco already on SE
2024-11-13 08:48:32 INFO Kethleen Lanna Lima Pinheiro  already on SE
2024-11-13 08:48:32 INFO Franciele Pagno already on SE
2024-11-13 08:48:32 INFO Pedro Vilson Fernandes Júnior already on SE
2024-11-13 08:48:32 INFO THIAGO CARLOS DE ALENCAR already on SE
2024-11-13 08:48:32 INFO DIANA VALLERY OLIVEIRA MOREIRA already on SE
2024-11-13 08:48:32 INFO PEDRO ANTONIO TESTONI BRUNKEN already on SE
2024-11-13 08:48:32 INFO LEONARDO CARDOSO SANTOS already on SE
2024-11-13 08:48:32 INFO Aline Souza da Luz already on SE
2024-11-13 08:48:32 INFO Maxmaihor Marques already on SE
2024-11-13 08:48:32 INFO Moises Daniel medina abreu already on SE
2024-11-13 08:48:32 INFO Matheus Gonçalves Enes  already on SE
2024-11-13 08:48:32 INFO AMANDA ESPINDOLA GODINHO DOS SANTOS already on SE
2024-11-13 08:48:32 INFO GLEIVIANE DA SILVA COSTA already on SE
2024-11-13 08:48:32 INFO ELUISA EYNG ROMANHA already on SE
2024-11-13 08:48:32 INFO ISABEL CRISTINA LEITE FURTADO already on SE
2024-11-13 08:48:32 INFO EDER JEAN GONÇALVES already on SE
2024-11-13 08:48:32 INFO ANA PAULA ARAUJO DE OLIVEIRA already on SE
2024-11-13 08:48:32 INFO Caroline Vieira Schmidt  already on SE
2024-11-13 08:48:32 INFO Nayara Angélica Struziatto Motta  already on SE
2024-11-13 08:48:32 INFO Rafael de Santana Teixeira Rinaldi already on SE
2024-11-13 08:48:32 INFO João Carlos Bonetti  already on SE
2024-11-13 08:48:32 INFO Patrícia Silva Rodrigues  already on SE
2024-11-13 08:48:32 INFO João Felipe Grosskopf already on SE
2024-11-13 08:48:32 INFO Claudia Jakelin Martinez Carrasquel  already on SE
2024-11-13 08:48:32 INFO RENAN REZENDE already on SE
2024-11-13 08:48:32 INFO Fabiana Sabino de Souza already on SE
2024-11-13 08:48:32 INFO Felipe  Souza already on SE
2024-11-13 08:48:32 INFO Igor Butzke already on SE
2024-11-13 08:48:32 INFO Michel Barboza Burilli  already on SE
2024-11-13 08:48:32 INFO Luiz Filipe Mafra  already on SE
2024-11-13 08:48:32 INFO Lucas Feitosa Silva already on SE
2024-11-13 08:48:32 INFO VALDIR PEDRO SCHWAAB already on SE
2024-11-13 08:48:32 INFO CARLOS EDUARDO DE BARROS already on SE
2024-11-13 08:48:32 INFO VITORIA EMANUELLE BATISTA VIEIRA  already on SE
2024-11-13 08:48:32 INFO VILMA GONÇALVES CORRA SOARES already on SE
2024-11-13 08:48:32 INFO Matheus william Gonçalves  already on SE
2024-11-13 08:48:32 INFO Mychelle Cordeiro de Oliveira already on SE
2024-11-13 08:48:32 INFO Cristiane Francine Tantsch da Silva  already on SE
2024-11-13 08:48:32 INFO Simone dos Santos Luciano  already on SE
2024-11-13 08:48:32 INFO Vitor Quintino  already on SE
2024-11-13 08:48:32 INFO Josicler Turassi  already on SE
2024-11-13 08:48:32 INFO Andreia Costa Sá already on SE
2024-11-13 08:48:32 INFO Tainá Do Nascimento correa dos Santos  already on SE
2024-11-13 08:48:32 INFO Gracilene Abigail de Souza  already on SE
2024-11-13 08:48:32 INFO ADRIANA REGINA HOLZ SELL already on SE
2024-11-13 08:48:32 INFO JHONY DE MORAES already on SE
2024-11-13 08:48:32 INFO Maria Luiza Pavoski Porto already on SE
2024-11-13 08:48:32 INFO Flávia Cheila Ternoski  already on SE
2024-11-13 08:48:32 INFO Patricia Rosa Will already on SE
2024-11-13 08:48:32 INFO Maria Luiza Melo Ferreira  already on SE
2024-11-13 08:48:32 INFO Martinha kruger  already on SE
2024-11-13 08:48:32 INFO Juan Carlos dos Santos  already on SE
2024-11-13 08:48:32 INFO PRISCILA DOS SANTOS MIGUEL already on SE
2024-11-13 08:48:32 INFO Jeferson Sobral  already on SE
2024-11-13 08:48:32 INFO Carine Rodrigues dos Santos  already on SE
2024-11-13 08:48:32 INFO Emmanuel Delfino dos Passos  already on SE
2024-11-13 08:48:32 INFO JAILSON DA SILVA already on SE
2024-11-13 08:48:32 INFO NAYARA MILENE ALVES already on SE
2024-11-13 08:48:32 INFO Maicon Alexandre de Oliveira  already on SE
2024-11-13 08:48:32 INFO Jefferson William Alves da Silva  already on SE
2024-11-13 08:48:32 INFO Cintia Mendes  already on SE
2024-11-13 08:48:32 INFO Eliane mara cercal already on SE
2024-11-13 08:48:32 INFO Juliane Belo Puccinelli already on SE
2024-11-13 08:48:32 INFO Rosana roque da Cunha Silva  already on SE
2024-11-13 08:48:32 INFO Schirley Dellandrea Hoffmann  already on SE
2024-11-13 08:48:32 INFO Karina Carvalho  already on SE
2024-11-13 08:48:32 INFO Wesley Miguel de Amorim already on SE
2024-11-13 08:48:32 INFO Rubens Vitório Lins Batista already on SE
2024-11-13 08:48:32 INFO Elaine Muller  already on SE
2024-11-13 08:48:32 INFO Janaina Fortunato Pereira Lima de Souza  already on SE
2024-11-13 08:48:32 INFO Bruno Eduardo de Souza  already on SE
2024-11-13 08:48:32 INFO Manuela Silva Souza Simão  already on SE
2024-11-13 08:48:32 INFO Marcos Antônio Sandrini already on SE
2024-11-13 08:48:32 INFO Dayana Martins Ramos  already on SE
2024-11-13 08:48:32 INFO Vivian Maria Linhares  already on SE
2024-11-13 08:48:32 INFO Eliete Alves  already on SE
2024-11-13 08:48:32 INFO Themístocles Duarte  already on SE
2024-11-13 08:48:32 INFO Nancy Esperanza Patino Castellanos  already on SE
2024-11-13 08:48:32 INFO Giani Gonçalves  already on SE
2024-11-13 08:48:32 INFO Luiza Karine de Jesus already on SE
2024-11-13 08:48:32 INFO Grazieli ines cervo  already on SE
2024-11-13 08:48:32 INFO Helena Lemos Simon  already on SE
2024-11-13 08:48:32 INFO Alessandra Avelino de Oliveira already on SE
