2024-10-30 11:51:52 INFO File downloaded successfully.200
2024-10-30 11:51:52 INFO Connection successful!
2024-10-30 11:51:52 INFO Brenno  already on
2024-10-30 11:51:52 INFO Daniel Bairros Perrone already on
2024-10-30 11:51:52 INFO Thaise Cardoso Cavalcante already on
2024-10-30 11:51:52 INFO Jairo de Faria Barros Filho. already on
2024-10-30 11:51:52 INFO Cleisson cordeiro dos santos  already on
2024-10-30 11:51:52 INFO ANA CAROLINE DE BORBA PETROSKI already on
2024-10-30 11:51:52 INFO Carlos Eduardo Beluco already on
2024-10-30 11:51:52 INFO Kethleen Lanna Lima Pinheiro  already on
2024-10-30 11:51:52 INFO Franciele Pagno already on
2024-10-30 11:51:52 INFO Pedro Vilson Fernandes Júnior already on
2024-10-30 11:51:52 INFO THIAGO CARLOS DE ALENCAR already on
2024-10-30 11:51:52 INFO DIANA VALLERY OLIVEIRA MOREIRA already on
2024-10-30 11:51:52 INFO PEDRO ANTONIO TESTONI BRUNKEN already on
2024-10-30 11:51:52 INFO LEONARDO CARDOSO SANTOS already on
2024-10-30 11:51:52 INFO Aline Souza da Luz already on
2024-10-30 11:51:52 INFO Maxmaihor Marques already on
2024-10-30 11:51:52 INFO Moises Daniel medina abreu already on
2024-10-30 11:51:52 INFO Matheus Gonçalves Enes  already on
2024-10-30 11:51:52 INFO AMANDA ESPINDOLA GODINHO DOS SANTOS already on
2024-10-30 11:51:52 INFO GLEIVIANE DA SILVA COSTA already on
2024-10-30 11:51:52 INFO ELUISA EYNG ROMANHA already on
2024-10-30 11:51:52 INFO ISABEL CRISTINA LEITE FURTADO already on
2024-10-30 11:51:52 INFO EDER JEAN GONÇALVES already on
2024-10-30 11:51:52 INFO ANA PAULA ARAUJO DE OLIVEIRA already on
2024-10-30 11:51:52 INFO Caroline Vieira Schmidt  already on
2024-10-30 11:51:52 INFO Nayara Angélica Struziatto Motta  already on
2024-10-30 11:51:52 INFO Rafael de Santana Teixeira Rinaldi already on
2024-10-30 11:51:52 INFO João Carlos Bonetti  already on
2024-10-30 11:51:52 INFO Patrícia Silva Rodrigues  already on
2024-10-30 11:51:52 INFO João Felipe Grosskopf already on
2024-10-30 11:51:52 INFO Claudia Jakelin Martinez Carrasquel  already on
2024-10-30 11:51:52 INFO RENAN REZENDE already on
2024-10-30 11:51:52 INFO Fabiana Sabino de Souza already on
2024-10-30 11:51:52 INFO Felipe  Souza already on
2024-10-30 11:51:52 INFO Igor Butzke already on
2024-10-30 11:51:52 INFO Michel Barboza Burilli  already on
2024-10-30 11:51:52 INFO Luiz Filipe Mafra  already on
2024-10-30 11:51:52 INFO Lucas Feitosa Silva already on
2024-10-30 11:51:52 INFO VALDIR PEDRO SCHWAAB already on
2024-10-30 11:51:52 INFO CARLOS EDUARDO DE BARROS already on
2024-10-30 11:51:52 INFO VITORIA EMANUELLE BATISTA VIEIRA  already on
2024-10-30 11:51:52 INFO VILMA GONÇALVES CORRA SOARES already on
2024-10-30 11:51:52 INFO Matheus william Gonçalves  already on
2024-10-30 11:51:52 INFO Mychelle Cordeiro de Oliveira already on
2024-10-30 11:51:52 INFO Cristiane Francine Tantsch da Silva  already on
2024-10-30 11:51:52 INFO Simone dos Santos Luciano  already on
2024-10-30 11:51:52 INFO Vitor Quintino  already on
2024-10-30 11:51:52 INFO Josicler Turassi  already on
2024-10-30 11:51:52 INFO Andreia Costa Sá already on
2024-10-30 11:51:52 INFO Tainá Do Nascimento correa dos Santos  already on
2024-10-30 11:51:52 INFO Gracilene Abigail de Souza  already on
2024-10-30 11:51:52 INFO ADRIANA REGINA HOLZ SELL already on
2024-10-30 11:51:52 INFO JHONY DE MORAES already on
2024-10-30 11:51:52 INFO Maria Luiza Pavoski Porto already on
2024-10-30 11:51:52 INFO Flávia Cheila Ternoski  already on
2024-10-30 11:51:52 INFO Patricia Rosa Will already on
2024-10-30 11:51:52 INFO Maria Luiza Melo Ferreira  already on
2024-10-30 11:51:52 INFO Martinha kruger  already on
2024-10-30 11:51:52 INFO Juan Carlos dos Santos  already on
2024-10-30 11:51:52 INFO PRISCILA DOS SANTOS MIGUEL already on
2024-10-30 11:51:52 INFO Jeferson Sobral  already on
2024-10-30 11:51:52 INFO Carine Rodrigues dos Santos  already on
2024-10-30 11:51:52 INFO Emmanuel Delfino dos Passos  already on
2024-10-30 11:51:52 INFO JAILSON DA SILVA already on
2024-10-30 11:51:52 INFO NAYARA MILENE ALVES already on
2024-10-30 11:51:52 INFO Maicon Alexandre de Oliveira  already on
2024-10-30 11:51:52 INFO Jefferson William Alves da Silva  already on
2024-10-30 11:51:52 INFO Cintia Mendes  already on
2024-10-30 11:51:52 INFO Eliane mara cercal already on
2024-10-30 11:51:52 INFO Juliane Belo Puccinelli already on
2024-10-30 11:51:52 INFO Rosana roque da Cunha Silva  already on
2024-10-30 11:51:52 INFO Schirley Dellandrea Hoffmann  already on
2024-10-30 11:51:52 INFO Karina Carvalho  already on
2024-10-30 11:51:52 INFO Wesley Miguel de Amorim already on
2024-10-30 11:51:52 INFO Rubens Vitório Lins Batista already on
2024-10-30 11:51:52 INFO Elaine Muller  already on
2024-10-30 11:51:52 INFO Janaina Fortunato Pereira Lima de Souza  already on
2024-10-30 11:51:52 INFO Bruno Eduardo de Souza  already on
2024-10-30 11:51:52 INFO Manuela Silva Souza Simão  already on
2024-10-30 11:51:52 INFO Marcos Antônio Sandrini already on
2024-10-30 11:51:52 INFO Dayana Martins Ramos  already on
2024-10-30 11:51:52 INFO Vivian Maria Linhares  already on
2024-10-30 11:51:52 INFO Eliete Alves  already on
2024-10-30 11:51:52 INFO Themístocles Duarte  already on
2024-10-30 11:51:52 INFO Nancy Esperanza Patino Castellanos  already on
2024-10-30 11:51:52 INFO Giani Gonçalves  already on
2024-10-30 11:51:52 INFO Luiza Karine de Jesus already on
2024-10-30 11:51:52 INFO Grazieli ines cervo  already on
2024-10-30 11:51:52 INFO Helena Lemos Simon  already on
2024-10-30 11:51:52 INFO Alessandra Avelino de Oliveira already on
