2024-10-31 13:13:05 INFO File downloaded successfully.200
2024-10-31 13:13:05 INFO Connection successful!
2024-10-31 13:13:05 INFO Brenno  already on SE
2024-10-31 13:13:05 INFO Daniel Bairros Perrone already on SE
2024-10-31 13:13:05 INFO Thaise Cardoso Cavalcante already on SE
2024-10-31 13:13:05 INFO Jairo de Faria Barros Filho. already on SE
2024-10-31 13:13:05 INFO Cleisson cordeiro dos santos  already on SE
2024-10-31 13:13:05 INFO ANA CAROLINE DE BORBA PETROSKI already on SE
2024-10-31 13:13:05 INFO Carlos Eduardo Beluco already on SE
2024-10-31 13:13:05 INFO Kethleen Lanna Lima Pinheiro  already on SE
2024-10-31 13:13:05 INFO Franciele Pagno already on SE
2024-10-31 13:13:05 INFO Pedro Vilson Fernandes Júnior already on SE
2024-10-31 13:13:05 INFO THIAGO CARLOS DE ALENCAR already on SE
2024-10-31 13:13:05 INFO DIANA VALLERY OLIVEIRA MOREIRA already on SE
2024-10-31 13:13:05 INFO PEDRO ANTONIO TESTONI BRUNKEN already on SE
2024-10-31 13:13:05 INFO LEONARDO CARDOSO SANTOS already on SE
2024-10-31 13:13:05 INFO Aline Souza da Luz already on SE
2024-10-31 13:13:05 INFO Maxmaihor Marques already on SE
2024-10-31 13:13:05 INFO Moises Daniel medina abreu already on SE
2024-10-31 13:13:05 INFO Matheus Gonçalves Enes  already on SE
2024-10-31 13:13:05 INFO AMANDA ESPINDOLA GODINHO DOS SANTOS already on SE
2024-10-31 13:13:05 INFO GLEIVIANE DA SILVA COSTA already on SE
2024-10-31 13:13:05 INFO ELUISA EYNG ROMANHA already on SE
2024-10-31 13:13:05 INFO ISABEL CRISTINA LEITE FURTADO already on SE
2024-10-31 13:13:05 INFO EDER JEAN GONÇALVES already on SE
2024-10-31 13:13:05 INFO ANA PAULA ARAUJO DE OLIVEIRA already on SE
2024-10-31 13:13:05 INFO Caroline Vieira Schmidt  already on SE
2024-10-31 13:13:05 INFO Nayara Angélica Struziatto Motta  already on SE
2024-10-31 13:13:05 INFO Rafael de Santana Teixeira Rinaldi already on SE
2024-10-31 13:13:05 INFO João Carlos Bonetti  already on SE
2024-10-31 13:13:05 INFO Patrícia Silva Rodrigues  already on SE
2024-10-31 13:13:05 INFO João Felipe Grosskopf already on SE
2024-10-31 13:13:05 INFO Claudia Jakelin Martinez Carrasquel  already on SE
2024-10-31 13:13:05 INFO RENAN REZENDE already on SE
2024-10-31 13:13:05 INFO Fabiana Sabino de Souza already on SE
2024-10-31 13:13:05 INFO Felipe  Souza already on SE
2024-10-31 13:13:05 INFO Igor Butzke already on SE
2024-10-31 13:13:05 INFO Michel Barboza Burilli  already on SE
2024-10-31 13:13:05 INFO Luiz Filipe Mafra  already on SE
2024-10-31 13:13:05 INFO Lucas Feitosa Silva already on SE
2024-10-31 13:13:05 INFO VALDIR PEDRO SCHWAAB already on SE
2024-10-31 13:13:05 INFO CARLOS EDUARDO DE BARROS already on SE
2024-10-31 13:13:05 INFO VITORIA EMANUELLE BATISTA VIEIRA  already on SE
2024-10-31 13:13:05 INFO VILMA GONÇALVES CORRA SOARES already on SE
2024-10-31 13:13:05 INFO Matheus william Gonçalves  already on SE
2024-10-31 13:13:05 INFO Mychelle Cordeiro de Oliveira already on SE
2024-10-31 13:13:05 INFO Cristiane Francine Tantsch da Silva  already on SE
2024-10-31 13:13:05 INFO Simone dos Santos Luciano  already on SE
2024-10-31 13:13:05 INFO Vitor Quintino  already on SE
2024-10-31 13:13:05 INFO Josicler Turassi  already on SE
2024-10-31 13:13:05 INFO Andreia Costa Sá already on SE
2024-10-31 13:13:05 INFO Tainá Do Nascimento correa dos Santos  already on SE
2024-10-31 13:13:05 INFO Gracilene Abigail de Souza  already on SE
2024-10-31 13:13:05 INFO ADRIANA REGINA HOLZ SELL already on SE
2024-10-31 13:13:05 INFO JHONY DE MORAES already on SE
2024-10-31 13:13:05 INFO Maria Luiza Pavoski Porto already on SE
2024-10-31 13:13:05 INFO Flávia Cheila Ternoski  already on SE
2024-10-31 13:13:05 INFO Patricia Rosa Will already on SE
2024-10-31 13:13:05 INFO Maria Luiza Melo Ferreira  already on SE
2024-10-31 13:13:05 INFO Martinha kruger  already on SE
2024-10-31 13:13:05 INFO Juan Carlos dos Santos  already on SE
2024-10-31 13:13:05 INFO PRISCILA DOS SANTOS MIGUEL already on SE
2024-10-31 13:13:05 INFO Jeferson Sobral  already on SE
2024-10-31 13:13:05 INFO Carine Rodrigues dos Santos  already on SE
2024-10-31 13:13:05 INFO Emmanuel Delfino dos Passos  already on SE
2024-10-31 13:13:05 INFO JAILSON DA SILVA already on SE
2024-10-31 13:13:05 INFO NAYARA MILENE ALVES already on SE
2024-10-31 13:13:05 INFO Maicon Alexandre de Oliveira  already on SE
2024-10-31 13:13:05 INFO Jefferson William Alves da Silva  already on SE
2024-10-31 13:13:05 INFO Cintia Mendes  already on SE
2024-10-31 13:13:05 INFO Eliane mara cercal already on SE
2024-10-31 13:13:05 INFO Juliane Belo Puccinelli already on SE
2024-10-31 13:13:05 INFO Rosana roque da Cunha Silva  already on SE
2024-10-31 13:13:05 INFO Schirley Dellandrea Hoffmann  already on SE
2024-10-31 13:13:05 INFO Karina Carvalho  already on SE
2024-10-31 13:13:05 INFO Wesley Miguel de Amorim already on SE
2024-10-31 13:13:05 INFO Rubens Vitório Lins Batista already on SE
2024-10-31 13:13:05 INFO Elaine Muller  already on SE
2024-10-31 13:13:05 INFO Janaina Fortunato Pereira Lima de Souza  already on SE
2024-10-31 13:13:05 INFO Bruno Eduardo de Souza  already on SE
2024-10-31 13:13:05 INFO Manuela Silva Souza Simão  already on SE
2024-10-31 13:13:05 INFO Marcos Antônio Sandrini already on SE
2024-10-31 13:13:05 INFO Dayana Martins Ramos  already on SE
2024-10-31 13:13:05 INFO Vivian Maria Linhares  already on SE
2024-10-31 13:13:05 INFO Eliete Alves  already on SE
2024-10-31 13:13:05 INFO Themístocles Duarte  already on SE
2024-10-31 13:13:05 INFO Nancy Esperanza Patino Castellanos  already on SE
2024-10-31 13:13:05 INFO Giani Gonçalves  already on SE
2024-10-31 13:13:05 INFO Luiza Karine de Jesus already on SE
2024-10-31 13:13:05 INFO Grazieli ines cervo  already on SE
2024-10-31 13:13:05 INFO Helena Lemos Simon  already on SE
2024-10-31 13:13:05 INFO Alessandra Avelino de Oliveira already on SE
2024-10-31 13:20:42 INFO Connection successful!
2024-10-31 13:20:42 INFO Brenno  already on SE
2024-10-31 13:20:42 INFO Daniel Bairros Perrone already on SE
2024-10-31 13:20:42 INFO Thaise Cardoso Cavalcante already on SE
2024-10-31 13:20:42 INFO Jairo de Faria Barros Filho. already on SE
2024-10-31 13:20:42 INFO Cleisson cordeiro dos santos  already on SE
2024-10-31 13:20:42 INFO ANA CAROLINE DE BORBA PETROSKI already on SE
2024-10-31 13:20:42 INFO Carlos Eduardo Beluco already on SE
2024-10-31 13:20:42 INFO Kethleen Lanna Lima Pinheiro  already on SE
2024-10-31 13:20:42 INFO Franciele Pagno already on SE
2024-10-31 13:20:42 INFO Pedro Vilson Fernandes Júnior already on SE
2024-10-31 13:20:42 INFO THIAGO CARLOS DE ALENCAR already on SE
2024-10-31 13:20:42 INFO DIANA VALLERY OLIVEIRA MOREIRA already on SE
2024-10-31 13:20:42 INFO PEDRO ANTONIO TESTONI BRUNKEN already on SE
2024-10-31 13:20:42 INFO LEONARDO CARDOSO SANTOS already on SE
2024-10-31 13:20:42 INFO Aline Souza da Luz already on SE
2024-10-31 13:20:42 INFO Maxmaihor Marques already on SE
2024-10-31 13:20:42 INFO Moises Daniel medina abreu already on SE
2024-10-31 13:20:42 INFO Matheus Gonçalves Enes  already on SE
2024-10-31 13:20:42 INFO AMANDA ESPINDOLA GODINHO DOS SANTOS already on SE
2024-10-31 13:20:42 INFO GLEIVIANE DA SILVA COSTA already on SE
2024-10-31 13:20:42 INFO ELUISA EYNG ROMANHA already on SE
2024-10-31 13:20:42 INFO ISABEL CRISTINA LEITE FURTADO already on SE
2024-10-31 13:20:42 INFO EDER JEAN GONÇALVES already on SE
2024-10-31 13:20:42 INFO ANA PAULA ARAUJO DE OLIVEIRA already on SE
2024-10-31 13:20:42 INFO Caroline Vieira Schmidt  already on SE
2024-10-31 13:20:42 INFO Nayara Angélica Struziatto Motta  already on SE
2024-10-31 13:20:42 INFO Rafael de Santana Teixeira Rinaldi already on SE
2024-10-31 13:20:42 INFO João Carlos Bonetti  already on SE
2024-10-31 13:20:42 INFO Patrícia Silva Rodrigues  already on SE
2024-10-31 13:20:42 INFO João Felipe Grosskopf already on SE
2024-10-31 13:20:42 INFO Claudia Jakelin Martinez Carrasquel  already on SE
2024-10-31 13:20:42 INFO RENAN REZENDE already on SE
2024-10-31 13:20:42 INFO Fabiana Sabino de Souza already on SE
2024-10-31 13:20:42 INFO Felipe  Souza already on SE
2024-10-31 13:20:42 INFO Igor Butzke already on SE
2024-10-31 13:20:42 INFO Michel Barboza Burilli  already on SE
2024-10-31 13:20:42 INFO Luiz Filipe Mafra  already on SE
2024-10-31 13:20:42 INFO Lucas Feitosa Silva already on SE
2024-10-31 13:20:42 INFO VALDIR PEDRO SCHWAAB already on SE
2024-10-31 13:20:42 INFO CARLOS EDUARDO DE BARROS already on SE
2024-10-31 13:20:42 INFO VITORIA EMANUELLE BATISTA VIEIRA  already on SE
2024-10-31 13:20:42 INFO VILMA GONÇALVES CORRA SOARES already on SE
2024-10-31 13:20:42 INFO Matheus william Gonçalves  already on SE
2024-10-31 13:20:42 INFO Mychelle Cordeiro de Oliveira already on SE
2024-10-31 13:20:42 INFO Cristiane Francine Tantsch da Silva  already on SE
2024-10-31 13:20:42 INFO Simone dos Santos Luciano  already on SE
2024-10-31 13:20:42 INFO Vitor Quintino  already on SE
2024-10-31 13:20:42 INFO Josicler Turassi  already on SE
2024-10-31 13:20:42 INFO Andreia Costa Sá already on SE
2024-10-31 13:20:42 INFO Tainá Do Nascimento correa dos Santos  already on SE
2024-10-31 13:20:42 INFO Gracilene Abigail de Souza  already on SE
2024-10-31 13:20:42 INFO ADRIANA REGINA HOLZ SELL already on SE
2024-10-31 13:20:42 INFO JHONY DE MORAES already on SE
2024-10-31 13:20:42 INFO Maria Luiza Pavoski Porto already on SE
2024-10-31 13:20:42 INFO Flávia Cheila Ternoski  already on SE
2024-10-31 13:20:42 INFO Patricia Rosa Will already on SE
2024-10-31 13:20:42 INFO Maria Luiza Melo Ferreira  already on SE
2024-10-31 13:20:42 INFO Martinha kruger  already on SE
2024-10-31 13:20:42 INFO Juan Carlos dos Santos  already on SE
2024-10-31 13:20:42 INFO PRISCILA DOS SANTOS MIGUEL already on SE
2024-10-31 13:20:42 INFO Jeferson Sobral  already on SE
2024-10-31 13:20:42 INFO Carine Rodrigues dos Santos  already on SE
2024-10-31 13:20:42 INFO Emmanuel Delfino dos Passos  already on SE
2024-10-31 13:20:42 INFO JAILSON DA SILVA already on SE
2024-10-31 13:20:42 INFO NAYARA MILENE ALVES already on SE
2024-10-31 13:20:42 INFO Maicon Alexandre de Oliveira  already on SE
2024-10-31 13:20:42 INFO Jefferson William Alves da Silva  already on SE
2024-10-31 13:20:42 INFO Cintia Mendes  already on SE
2024-10-31 13:20:42 INFO Eliane mara cercal already on SE
2024-10-31 13:20:42 INFO Juliane Belo Puccinelli already on SE
2024-10-31 13:20:42 INFO Rosana roque da Cunha Silva  already on SE
2024-10-31 13:20:42 INFO Schirley Dellandrea Hoffmann  already on SE
2024-10-31 13:20:42 INFO Karina Carvalho  already on SE
2024-10-31 13:20:42 INFO Wesley Miguel de Amorim already on SE
2024-10-31 13:20:42 INFO Rubens Vitório Lins Batista already on SE
2024-10-31 13:20:42 INFO Elaine Muller  already on SE
2024-10-31 13:20:42 INFO Janaina Fortunato Pereira Lima de Souza  already on SE
2024-10-31 13:20:42 INFO Bruno Eduardo de Souza  already on SE
2024-10-31 13:20:42 INFO Manuela Silva Souza Simão  already on SE
2024-10-31 13:20:42 INFO Marcos Antônio Sandrini already on SE
2024-10-31 13:20:42 INFO Dayana Martins Ramos  already on SE
2024-10-31 13:20:42 INFO Vivian Maria Linhares  already on SE
2024-10-31 13:20:42 INFO Eliete Alves  already on SE
2024-10-31 13:20:42 INFO Themístocles Duarte  already on SE
2024-10-31 13:20:42 INFO Nancy Esperanza Patino Castellanos  already on SE
2024-10-31 13:20:42 INFO Giani Gonçalves  already on SE
2024-10-31 13:20:42 INFO Luiza Karine de Jesus already on SE
2024-10-31 13:20:42 INFO Grazieli ines cervo  already on SE
2024-10-31 13:20:42 INFO Helena Lemos Simon  already on SE
2024-10-31 13:20:42 INFO Alessandra Avelino de Oliveira already on SE
2024-10-31 13:20:42 INFO Executing Script - Wait Finish!, 1: Script Running
2024-10-31 13:20:43 INFO RecordID: 080047
2024-10-31 13:20:43 INFO Status: SUCCESS, Code: 1, Detail: Registro alterado com sucesso de teste Transportation
2024-10-31 13:46:33 INFO File downloaded successfully.200
2024-10-31 13:46:34 INFO Connection successful!
2024-10-31 13:46:35 INFO RecordID: 080077
2024-10-31 13:46:35 INFO Status: SUCCESS, Code: 1, Detail: Registro alterado com sucesso de Brenno  Transportation
2024-10-31 13:46:36 INFO RecordID: 080078
2024-10-31 13:46:37 INFO Status: SUCCESS, Code: 1, Detail: Registro alterado com sucesso de Daniel Bairros Perrone Transportation
2024-10-31 13:46:37 INFO RecordID: 080079
2024-10-31 13:46:38 INFO Status: SUCCESS, Code: 1, Detail: Registro alterado com sucesso de Thaise Cardoso Cavalcante Transportation
2024-10-31 13:46:38 INFO RecordID: 080080
2024-10-31 13:46:39 INFO Status: SUCCESS, Code: 1, Detail: Registro alterado com sucesso de Jairo de Faria Barros Filho. Transportation
2024-10-31 13:46:39 INFO RecordID: 080081
2024-10-31 13:46:39 INFO Status: SUCCESS, Code: 1, Detail: Registro alterado com sucesso de Cleisson cordeiro dos santos  Transportation
2024-10-31 13:46:40 INFO RecordID: 080082
2024-10-31 13:46:41 INFO Status: SUCCESS, Code: 1, Detail: Registro alterado com sucesso de ANA CAROLINE DE BORBA PETROSKI Transportation
2024-10-31 13:46:41 INFO RecordID: 080083
2024-10-31 13:46:42 INFO Status: SUCCESS, Code: 1, Detail: Registro alterado com sucesso de Carlos Eduardo Beluco Transportation
2024-10-31 13:46:42 INFO RecordID: 080084
2024-10-31 13:46:43 INFO Status: SUCCESS, Code: 1, Detail: Registro alterado com sucesso de Kethleen Lanna Lima Pinheiro  Transportation
2024-10-31 13:46:43 INFO RecordID: 080085
2024-10-31 13:46:43 INFO Status: SUCCESS, Code: 1, Detail: Registro alterado com sucesso de Franciele Pagno Transportation
2024-10-31 13:46:44 INFO RecordID: 080086
2024-10-31 13:47:53 INFO File downloaded successfully.200
2024-10-31 13:47:53 INFO Connection successful!
2024-10-31 13:47:54 INFO RecordID: 080087
2024-10-31 13:47:54 INFO Status: SUCCESS, Code: 1, Detail: Registro alterado com sucesso de Brenno  Transportation
2024-10-31 13:47:55 INFO RecordID: 080088
2024-10-31 13:47:55 INFO Status: SUCCESS, Code: 1, Detail: Registro alterado com sucesso de Daniel Bairros Perrone Transportation
2024-10-31 13:47:56 INFO RecordID: 080089
2024-10-31 13:47:56 INFO Status: SUCCESS, Code: 1, Detail: Registro alterado com sucesso de Thaise Cardoso Cavalcante Transportation
2024-10-31 13:47:57 INFO RecordID: 080090
2024-10-31 13:47:57 INFO Status: SUCCESS, Code: 1, Detail: Registro alterado com sucesso de Jairo de Faria Barros Filho. Transportation
2024-10-31 13:47:58 INFO RecordID: 080091
2024-10-31 13:47:58 INFO Status: SUCCESS, Code: 1, Detail: Registro alterado com sucesso de Cleisson cordeiro dos santos  Transportation
2024-10-31 13:47:59 INFO RecordID: 080092
2024-10-31 13:47:59 INFO Status: SUCCESS, Code: 1, Detail: Registro alterado com sucesso de ANA CAROLINE DE BORBA PETROSKI Transportation
2024-10-31 13:48:00 INFO RecordID: 080093
2024-10-31 13:48:01 INFO Status: SUCCESS, Code: 1, Detail: Registro alterado com sucesso de Carlos Eduardo Beluco Transportation
2024-10-31 13:48:01 INFO RecordID: 080094
2024-10-31 13:48:02 INFO Status: SUCCESS, Code: 1, Detail: Registro alterado com sucesso de Kethleen Lanna Lima Pinheiro  Transportation
2024-10-31 13:48:02 INFO RecordID: 080095
2024-10-31 13:48:03 INFO Status: SUCCESS, Code: 1, Detail: Registro alterado com sucesso de Franciele Pagno Transportation
2024-10-31 13:48:03 INFO RecordID: 080096
2024-10-31 13:50:31 INFO File downloaded successfully.200
2024-10-31 13:50:31 INFO Connection successful!
2024-10-31 13:50:32 INFO RecordID: 080097
2024-10-31 13:50:32 INFO Status: SUCCESS, Code: 1, Detail: Registro alterado com sucesso de Brenno  Transportation
2024-10-31 13:50:33 INFO RecordID: 080098
2024-10-31 13:50:33 INFO Status: SUCCESS, Code: 1, Detail: Registro alterado com sucesso de Daniel Bairros Perrone Transportation
2024-10-31 13:50:34 INFO RecordID: 080099
2024-10-31 13:50:34 INFO Status: SUCCESS, Code: 1, Detail: Registro alterado com sucesso de Thaise Cardoso Cavalcante Transportation
2024-10-31 13:50:35 INFO RecordID: 080100
2024-10-31 13:50:35 INFO Status: SUCCESS, Code: 1, Detail: Registro alterado com sucesso de Jairo de Faria Barros Filho. Transportation
2024-10-31 13:50:36 INFO RecordID: 080101
2024-10-31 13:50:36 INFO Status: SUCCESS, Code: 1, Detail: Registro alterado com sucesso de Cleisson cordeiro dos santos  Transportation
2024-10-31 13:50:37 INFO RecordID: 080102
2024-10-31 13:50:37 INFO Status: SUCCESS, Code: 1, Detail: Registro alterado com sucesso de ANA CAROLINE DE BORBA PETROSKI Transportation
2024-10-31 13:50:38 INFO RecordID: 080103
2024-10-31 13:50:38 INFO Status: SUCCESS, Code: 1, Detail: Registro alterado com sucesso de Carlos Eduardo Beluco Transportation
2024-10-31 13:50:38 INFO RecordID: 080104
2024-10-31 13:50:39 INFO Status: SUCCESS, Code: 1, Detail: Registro alterado com sucesso de Kethleen Lanna Lima Pinheiro  Transportation
2024-10-31 13:50:40 INFO RecordID: 080105
2024-10-31 13:50:40 INFO Status: SUCCESS, Code: 1, Detail: Registro alterado com sucesso de Franciele Pagno Transportation
2024-10-31 13:50:40 INFO RecordID: 080106
2024-10-31 13:50:41 INFO Status: SUCCESS, Code: 1, Detail: Registro alterado com sucesso de Pedro Vilson Fernandes Júnior Transportation
2024-10-31 13:50:41 INFO RecordID: 080107
2024-10-31 13:50:42 INFO Status: SUCCESS, Code: 1, Detail: Registro alterado com sucesso de THIAGO CARLOS DE ALENCAR Transportation
2024-10-31 13:50:42 INFO RecordID: 080108
2024-10-31 13:50:43 INFO Status: SUCCESS, Code: 1, Detail: Registro alterado com sucesso de DIANA VALLERY OLIVEIRA MOREIRA Transportation
2024-10-31 13:50:43 INFO RecordID: 080109
2024-10-31 13:50:43 INFO Status: SUCCESS, Code: 1, Detail: Registro alterado com sucesso de PEDRO ANTONIO TESTONI BRUNKEN Transportation
2024-10-31 13:50:44 INFO RecordID: 080110
2024-10-31 13:50:44 INFO Status: SUCCESS, Code: 1, Detail: Registro alterado com sucesso de LEONARDO CARDOSO SANTOS Transportation
2024-10-31 13:50:45 INFO RecordID: 080111
2024-10-31 13:50:45 INFO Status: SUCCESS, Code: 1, Detail: Registro alterado com sucesso de Aline Souza da Luz Transportation
2024-10-31 13:50:46 INFO RecordID: 080112
2024-10-31 13:50:46 INFO Status: SUCCESS, Code: 1, Detail: Registro alterado com sucesso de Maxmaihor Marques Transportation
2024-10-31 13:50:47 INFO RecordID: 080113
2024-10-31 13:50:47 INFO Status: SUCCESS, Code: 1, Detail: Registro alterado com sucesso de Moises Daniel medina abreu Transportation
2024-10-31 13:50:48 INFO RecordID: 080114
2024-10-31 13:50:48 INFO Status: SUCCESS, Code: 1, Detail: Registro alterado com sucesso de Matheus Gonçalves Enes  Transportation
2024-10-31 13:50:49 INFO RecordID: 080115
2024-10-31 13:50:49 INFO Status: SUCCESS, Code: 1, Detail: Registro alterado com sucesso de AMANDA ESPINDOLA GODINHO DOS SANTOS Transportation
2024-10-31 13:50:50 INFO RecordID: 080116
2024-10-31 13:50:50 INFO Status: SUCCESS, Code: 1, Detail: Registro alterado com sucesso de GLEIVIANE DA SILVA COSTA Transportation
2024-10-31 13:50:50 INFO RecordID: 080117
2024-10-31 13:50:51 INFO Status: SUCCESS, Code: 1, Detail: Registro alterado com sucesso de ELUISA EYNG ROMANHA Transportation
2024-10-31 13:50:51 INFO RecordID: 080118
2024-10-31 13:50:52 INFO Status: SUCCESS, Code: 1, Detail: Registro alterado com sucesso de ISABEL CRISTINA LEITE FURTADO Transportation
2024-10-31 13:50:52 INFO RecordID: 080119
2024-10-31 13:50:53 INFO Status: SUCCESS, Code: 1, Detail: Registro alterado com sucesso de EDER JEAN GONÇALVES Transportation
2024-10-31 13:50:53 INFO RecordID: 080120
2024-10-31 13:50:54 INFO Status: SUCCESS, Code: 1, Detail: Registro alterado com sucesso de ANA PAULA ARAUJO DE OLIVEIRA Transportation
2024-10-31 13:50:54 INFO RecordID: 080121
2024-10-31 13:50:54 INFO Status: SUCCESS, Code: 1, Detail: Registro alterado com sucesso de Caroline Vieira Schmidt  Transportation
2024-10-31 13:50:55 INFO RecordID: 080122
2024-10-31 13:50:55 INFO Status: SUCCESS, Code: 1, Detail: Registro alterado com sucesso de Nayara Angélica Struziatto Motta  Transportation
2024-10-31 13:50:56 INFO RecordID: 080123
2024-10-31 13:50:56 INFO Status: SUCCESS, Code: 1, Detail: Registro alterado com sucesso de Rafael de Santana Teixeira Rinaldi Transportation
2024-10-31 13:50:57 INFO RecordID: 080124
2024-10-31 13:50:57 INFO Status: SUCCESS, Code: 1, Detail: Registro alterado com sucesso de João Carlos Bonetti  Transportation
2024-10-31 13:50:58 INFO RecordID: 080125
2024-10-31 13:50:58 INFO Status: SUCCESS, Code: 1, Detail: Registro alterado com sucesso de Patrícia Silva Rodrigues  Transportation
2024-10-31 13:50:59 INFO RecordID: 080126
2024-10-31 13:50:59 INFO Status: SUCCESS, Code: 1, Detail: Registro alterado com sucesso de João Felipe Grosskopf Transportation
2024-10-31 13:51:00 INFO RecordID: 080127
2024-10-31 13:51:00 INFO Status: SUCCESS, Code: 1, Detail: Registro alterado com sucesso de Claudia Jakelin Martinez Carrasquel  Transportation
2024-10-31 13:51:00 INFO RecordID: 080128
2024-10-31 13:51:01 INFO Status: SUCCESS, Code: 1, Detail: Registro alterado com sucesso de RENAN REZENDE Transportation
2024-10-31 13:51:01 INFO RecordID: 080129
2024-10-31 13:51:02 INFO Status: SUCCESS, Code: 1, Detail: Registro alterado com sucesso de Fabiana Sabino de Souza Transportation
2024-10-31 13:51:02 INFO RecordID: 080130
2024-10-31 13:51:03 INFO Status: SUCCESS, Code: 1, Detail: Registro alterado com sucesso de Felipe  Souza Transportation
2024-10-31 13:51:03 INFO RecordID: 080131
2024-10-31 13:51:04 INFO Status: SUCCESS, Code: 1, Detail: Registro alterado com sucesso de Igor Butzke Transportation
2024-10-31 13:51:04 INFO RecordID: 080132
2024-10-31 13:51:05 INFO Status: SUCCESS, Code: 1, Detail: Registro alterado com sucesso de Michel Barboza Burilli  Transportation
2024-10-31 13:51:05 INFO RecordID: 080133
2024-10-31 13:51:06 INFO Status: SUCCESS, Code: 1, Detail: Registro alterado com sucesso de Luiz Filipe Mafra  Transportation
2024-10-31 13:51:06 INFO RecordID: 080134
2024-10-31 13:51:07 INFO Status: SUCCESS, Code: 1, Detail: Registro alterado com sucesso de Lucas Feitosa Silva Transportation
2024-10-31 13:51:07 INFO RecordID: 080135
2024-10-31 13:51:08 INFO Status: SUCCESS, Code: 1, Detail: Registro alterado com sucesso de VALDIR PEDRO SCHWAAB Transportation
2024-10-31 13:51:08 INFO RecordID: 080136
2024-10-31 13:51:09 INFO Status: SUCCESS, Code: 1, Detail: Registro alterado com sucesso de CARLOS EDUARDO DE BARROS Transportation
2024-10-31 13:51:09 INFO RecordID: 080137
2024-10-31 13:51:10 INFO Status: SUCCESS, Code: 1, Detail: Registro alterado com sucesso de VITORIA EMANUELLE BATISTA VIEIRA  Transportation
2024-10-31 13:51:10 INFO RecordID: 080138
2024-10-31 13:51:11 INFO Status: SUCCESS, Code: 1, Detail: Registro alterado com sucesso de VILMA GONÇALVES CORRA SOARES Transportation
2024-10-31 13:51:11 INFO RecordID: 080139
2024-10-31 13:51:12 INFO Status: SUCCESS, Code: 1, Detail: Registro alterado com sucesso de Matheus william Gonçalves  Transportation
2024-10-31 13:51:12 INFO RecordID: 080140
2024-10-31 13:51:13 INFO Status: SUCCESS, Code: 1, Detail: Registro alterado com sucesso de Mychelle Cordeiro de Oliveira Transportation
2024-10-31 13:51:13 INFO RecordID: 080141
2024-10-31 13:51:14 INFO Status: SUCCESS, Code: 1, Detail: Registro alterado com sucesso de Cristiane Francine Tantsch da Silva  Transportation
2024-10-31 13:51:14 INFO RecordID: 080142
2024-10-31 13:51:15 INFO Status: SUCCESS, Code: 1, Detail: Registro alterado com sucesso de Simone dos Santos Luciano  Transportation
2024-10-31 13:51:15 INFO RecordID: 080143
2024-10-31 13:51:15 INFO Status: SUCCESS, Code: 1, Detail: Registro alterado com sucesso de Vitor Quintino  Transportation
2024-10-31 13:51:16 INFO RecordID: 080144
2024-10-31 13:51:16 INFO Status: SUCCESS, Code: 1, Detail: Registro alterado com sucesso de Josicler Turassi  Transportation
2024-10-31 13:51:17 INFO RecordID: 080145
2024-10-31 13:51:17 INFO Status: SUCCESS, Code: 1, Detail: Registro alterado com sucesso de Andreia Costa Sá Transportation
2024-10-31 13:51:18 INFO RecordID: 080146
2024-10-31 13:51:18 INFO Status: SUCCESS, Code: 1, Detail: Registro alterado com sucesso de Tainá Do Nascimento correa dos Santos  Transportation
2024-10-31 13:51:19 INFO RecordID: 080147
2024-10-31 13:51:20 INFO Status: SUCCESS, Code: 1, Detail: Registro alterado com sucesso de Gracilene Abigail de Souza  Transportation
2024-10-31 13:51:20 INFO RecordID: 080148
2024-10-31 13:51:21 INFO Status: SUCCESS, Code: 1, Detail: Registro alterado com sucesso de ADRIANA REGINA HOLZ SELL Transportation
2024-10-31 13:51:22 INFO RecordID: 080149
2024-10-31 13:51:22 INFO Status: SUCCESS, Code: 1, Detail: Registro alterado com sucesso de JHONY DE MORAES Transportation
2024-10-31 13:51:23 INFO RecordID: 080150
2024-10-31 13:51:23 INFO Status: SUCCESS, Code: 1, Detail: Registro alterado com sucesso de Maria Luiza Pavoski Porto Transportation
2024-10-31 13:51:24 INFO RecordID: 080151
2024-10-31 13:51:24 INFO Status: SUCCESS, Code: 1, Detail: Registro alterado com sucesso de Flávia Cheila Ternoski  Transportation
2024-10-31 13:51:24 INFO RecordID: 080152
2024-10-31 13:51:25 INFO Status: SUCCESS, Code: 1, Detail: Registro alterado com sucesso de Patricia Rosa Will Transportation
2024-10-31 13:51:25 INFO RecordID: 080153
2024-10-31 13:51:26 INFO Status: SUCCESS, Code: 1, Detail: Registro alterado com sucesso de Maria Luiza Melo Ferreira  Transportation
2024-10-31 13:51:26 INFO RecordID: 080154
2024-10-31 13:51:27 INFO Status: SUCCESS, Code: 1, Detail: Registro alterado com sucesso de Martinha kruger  Transportation
2024-10-31 13:51:27 INFO RecordID: 080155
2024-10-31 13:51:27 INFO Status: SUCCESS, Code: 1, Detail: Registro alterado com sucesso de Juan Carlos dos Santos  Transportation
2024-10-31 13:51:28 INFO RecordID: 080156
2024-10-31 13:51:29 INFO Status: SUCCESS, Code: 1, Detail: Registro alterado com sucesso de PRISCILA DOS SANTOS MIGUEL Transportation
2024-10-31 13:51:30 INFO RecordID: 080157
2024-10-31 13:51:30 INFO Status: SUCCESS, Code: 1, Detail: Registro alterado com sucesso de Jeferson Sobral  Transportation
2024-10-31 13:51:30 INFO RecordID: 080158
2024-10-31 13:51:31 INFO Status: SUCCESS, Code: 1, Detail: Registro alterado com sucesso de Carine Rodrigues dos Santos  Transportation
2024-10-31 13:51:31 INFO RecordID: 080159
2024-10-31 13:51:32 INFO Status: SUCCESS, Code: 1, Detail: Registro alterado com sucesso de Emmanuel Delfino dos Passos  Transportation
2024-10-31 13:51:32 INFO RecordID: 080160
2024-10-31 13:51:33 INFO Status: SUCCESS, Code: 1, Detail: Registro alterado com sucesso de JAILSON DA SILVA Transportation
2024-10-31 13:51:33 INFO RecordID: 080161
2024-10-31 13:51:34 INFO Status: SUCCESS, Code: 1, Detail: Registro alterado com sucesso de NAYARA MILENE ALVES Transportation
2024-10-31 13:51:34 INFO RecordID: 080162
2024-10-31 13:51:35 INFO Status: SUCCESS, Code: 1, Detail: Registro alterado com sucesso de Maicon Alexandre de Oliveira  Transportation
2024-10-31 13:51:35 INFO RecordID: 080163
2024-10-31 13:51:36 INFO Status: SUCCESS, Code: 1, Detail: Registro alterado com sucesso de Jefferson William Alves da Silva  Transportation
2024-10-31 13:51:36 INFO RecordID: 080164
2024-10-31 13:51:37 INFO Status: SUCCESS, Code: 1, Detail: Registro alterado com sucesso de Cintia Mendes  Transportation
2024-10-31 13:51:37 INFO RecordID: 080165
2024-10-31 13:51:38 INFO Status: SUCCESS, Code: 1, Detail: Registro alterado com sucesso de Eliane mara cercal Transportation
2024-10-31 13:51:38 INFO RecordID: 080166
2024-10-31 13:51:39 INFO Status: SUCCESS, Code: 1, Detail: Registro alterado com sucesso de Juliane Belo Puccinelli Transportation
2024-10-31 13:51:39 INFO RecordID: 080167
2024-10-31 13:51:39 INFO Status: SUCCESS, Code: 1, Detail: Registro alterado com sucesso de Rosana roque da Cunha Silva  Transportation
2024-10-31 13:51:40 INFO RecordID: 080168
2024-10-31 13:51:41 INFO Status: SUCCESS, Code: 1, Detail: Registro alterado com sucesso de Schirley Dellandrea Hoffmann  Transportation
2024-10-31 13:51:41 INFO RecordID: 080169
2024-10-31 13:51:42 INFO Status: SUCCESS, Code: 1, Detail: Registro alterado com sucesso de Karina Carvalho  Transportation
2024-10-31 13:51:42 INFO RecordID: 080170
2024-10-31 13:51:43 INFO Status: SUCCESS, Code: 1, Detail: Registro alterado com sucesso de Wesley Miguel de Amorim Transportation
2024-10-31 13:51:43 INFO RecordID: 080171
2024-10-31 13:51:44 INFO Status: SUCCESS, Code: 1, Detail: Registro alterado com sucesso de Rubens Vitório Lins Batista Transportation
2024-10-31 13:51:44 INFO RecordID: 080172
2024-10-31 13:51:44 INFO Status: SUCCESS, Code: 1, Detail: Registro alterado com sucesso de Elaine Muller  Transportation
2024-10-31 13:51:45 INFO RecordID: 080173
2024-10-31 13:51:45 INFO Status: SUCCESS, Code: 1, Detail: Registro alterado com sucesso de Janaina Fortunato Pereira Lima de Souza  Transportation
2024-10-31 13:51:46 INFO RecordID: 080174
2024-10-31 13:51:46 INFO Status: SUCCESS, Code: 1, Detail: Registro alterado com sucesso de Bruno Eduardo de Souza  Transportation
2024-10-31 13:51:47 INFO RecordID: 080175
2024-10-31 13:51:48 INFO Status: SUCCESS, Code: 1, Detail: Registro alterado com sucesso de Manuela Silva Souza Simão  Transportation
2024-10-31 13:51:48 INFO RecordID: 080176
2024-10-31 13:51:49 INFO Status: SUCCESS, Code: 1, Detail: Registro alterado com sucesso de Marcos Antônio Sandrini Transportation
2024-10-31 13:51:49 INFO RecordID: 080177
2024-10-31 13:51:50 INFO Status: SUCCESS, Code: 1, Detail: Registro alterado com sucesso de Dayana Martins Ramos  Transportation
2024-10-31 13:51:50 INFO RecordID: 080178
2024-10-31 13:51:51 INFO Status: SUCCESS, Code: 1, Detail: Registro alterado com sucesso de Vivian Maria Linhares  Transportation
2024-10-31 13:51:51 INFO RecordID: 080179
2024-10-31 13:51:52 INFO Status: SUCCESS, Code: 1, Detail: Registro alterado com sucesso de Eliete Alves  Transportation
2024-10-31 13:51:52 INFO RecordID: 080180
2024-10-31 13:51:53 INFO Status: SUCCESS, Code: 1, Detail: Registro alterado com sucesso de Themístocles Duarte  Transportation
2024-10-31 13:51:53 INFO RecordID: 080181
2024-10-31 13:51:54 INFO Status: SUCCESS, Code: 1, Detail: Registro alterado com sucesso de Nancy Esperanza Patino Castellanos  Transportation
2024-10-31 13:51:55 INFO RecordID: 080182
2024-10-31 13:51:55 INFO Status: SUCCESS, Code: 1, Detail: Registro alterado com sucesso de Giani Gonçalves  Transportation
2024-10-31 13:51:55 INFO RecordID: 080183
2024-10-31 13:51:56 INFO Status: SUCCESS, Code: 1, Detail: Registro alterado com sucesso de Luiza Karine de Jesus Transportation
2024-10-31 13:51:56 INFO RecordID: 080184
2024-10-31 13:51:57 INFO Status: SUCCESS, Code: 1, Detail: Registro alterado com sucesso de Grazieli ines cervo  Transportation
2024-10-31 13:51:57 INFO RecordID: 080185
2024-10-31 13:51:58 INFO Status: SUCCESS, Code: 1, Detail: Registro alterado com sucesso de Helena Lemos Simon  Transportation
2024-10-31 13:51:58 INFO RecordID: 080186
2024-10-31 13:51:58 INFO Status: SUCCESS, Code: 1, Detail: Registro alterado com sucesso de Alessandra Avelino de Oliveira Transportation
2024-10-31 13:52:36 INFO File downloaded successfully.200
2024-10-31 13:52:36 INFO Connection successful!
2024-10-31 13:52:37 INFO RecordID: 080187
2024-10-31 13:52:37 INFO Status: SUCCESS, Code: 1, Detail: Registro alterado com sucesso de Brenno  Transportation
2024-10-31 13:52:38 INFO RecordID: 080188
2024-10-31 13:52:38 INFO Status: SUCCESS, Code: 1, Detail: Registro alterado com sucesso de Daniel Bairros Perrone Transportation
2024-10-31 13:52:39 INFO RecordID: 080189
2024-10-31 13:52:39 INFO Status: SUCCESS, Code: 1, Detail: Registro alterado com sucesso de Thaise Cardoso Cavalcante Transportation
2024-10-31 13:52:40 INFO RecordID: 080190
2024-10-31 13:52:40 INFO Status: SUCCESS, Code: 1, Detail: Registro alterado com sucesso de Jairo de Faria Barros Filho. Transportation
2024-10-31 13:52:41 INFO RecordID: 080191
2024-10-31 13:52:41 INFO Status: SUCCESS, Code: 1, Detail: Registro alterado com sucesso de Cleisson cordeiro dos santos  Transportation
2024-10-31 13:52:42 INFO RecordID: 080192
2024-10-31 13:52:42 INFO Status: SUCCESS, Code: 1, Detail: Registro alterado com sucesso de ANA CAROLINE DE BORBA PETROSKI Transportation
2024-10-31 13:52:43 INFO RecordID: 080193
2024-10-31 13:52:43 INFO Status: SUCCESS, Code: 1, Detail: Registro alterado com sucesso de Carlos Eduardo Beluco Transportation
2024-10-31 13:52:44 INFO RecordID: 080194
2024-10-31 13:52:44 INFO Status: SUCCESS, Code: 1, Detail: Registro alterado com sucesso de Kethleen Lanna Lima Pinheiro  Transportation
2024-10-31 13:57:35 INFO File downloaded successfully.200
2024-10-31 13:57:35 INFO Connection successful!
2024-10-31 14:01:47 INFO File downloaded successfully.200
2024-10-31 14:01:47 INFO Connection successful!
2024-10-31 14:02:35 INFO File downloaded successfully.200
2024-10-31 14:02:35 INFO Connection successful!
2024-10-31 14:05:41 INFO File downloaded successfully.200
2024-10-31 14:05:42 INFO Connection successful!
2024-10-31 14:05:43 INFO RecordID: 080196
2024-10-31 14:05:44 INFO Status: SUCCESS, Code: 1, Detail: Registro alterado com sucesso de Brenno  Transportation
2024-10-31 14:05:45 INFO RecordID: 080197
2024-10-31 14:05:45 INFO Status: SUCCESS, Code: 1, Detail: Registro alterado com sucesso de Daniel Bairros Perrone Transportation
2024-10-31 14:05:49 INFO RecordID: 080198
2024-10-31 14:13:04 INFO File downloaded successfully.200
2024-10-31 14:13:05 INFO Connection successful!
2024-10-31 14:13:06 INFO RecordID: 080199
2024-10-31 14:13:07 INFO Status: SUCCESS, Code: 1, Detail: Registro alterado com sucesso de Brenno  Transportation
2024-10-31 14:13:08 INFO RecordID: 080200
2024-10-31 14:13:08 INFO Status: SUCCESS, Code: 1, Detail: Registro alterado com sucesso de Daniel Bairros Perrone Transportation
2024-10-31 14:13:10 INFO RecordID: 080201
2024-10-31 14:13:11 INFO Status: SUCCESS, Code: 1, Detail: Registro alterado com sucesso de Thaise Cardoso Cavalcante Transportation
2024-10-31 14:13:11 INFO RecordID: 080202
2024-10-31 14:13:12 INFO Status: SUCCESS, Code: 1, Detail: Registro alterado com sucesso de Jairo de Faria Barros Filho. Transportation
2024-10-31 14:13:13 INFO RecordID: 080203
2024-10-31 14:13:22 INFO Status: SUCCESS, Code: 1, Detail: Registro alterado com sucesso de Cleisson cordeiro dos santos  Transportation
2024-10-31 14:13:23 INFO RecordID: 080204
2024-10-31 14:13:24 INFO Status: SUCCESS, Code: 1, Detail: Registro alterado com sucesso de ANA CAROLINE DE BORBA PETROSKI Transportation
2024-10-31 14:13:25 INFO RecordID: 080205
2024-10-31 14:13:26 INFO Status: SUCCESS, Code: 1, Detail: Registro alterado com sucesso de Carlos Eduardo Beluco Transportation
2024-10-31 14:13:26 INFO RecordID: 080206
2024-10-31 14:13:27 INFO Status: SUCCESS, Code: 1, Detail: Registro alterado com sucesso de Kethleen Lanna Lima Pinheiro  Transportation
2024-10-31 14:13:28 INFO RecordID: 080207
2024-10-31 14:13:28 INFO Status: SUCCESS, Code: 1, Detail: Registro alterado com sucesso de Franciele Pagno Transportation
2024-10-31 14:13:32 INFO RecordID: 080208
2024-10-31 14:13:32 INFO Status: SUCCESS, Code: 1, Detail: Registro alterado com sucesso de Pedro Vilson Fernandes Júnior Transportation
2024-10-31 14:13:33 INFO RecordID: 080209
2024-10-31 14:13:33 INFO Status: SUCCESS, Code: 1, Detail: Registro alterado com sucesso de THIAGO CARLOS DE ALENCAR Transportation
2024-10-31 14:13:34 INFO RecordID: 080210
2024-10-31 14:13:34 INFO Status: SUCCESS, Code: 1, Detail: Registro alterado com sucesso de DIANA VALLERY OLIVEIRA MOREIRA Transportation
2024-10-31 14:13:35 INFO RecordID: 080211
2024-10-31 14:13:35 INFO Status: SUCCESS, Code: 1, Detail: Registro alterado com sucesso de PEDRO ANTONIO TESTONI BRUNKEN Transportation
2024-10-31 14:13:36 INFO RecordID: 080212
2024-10-31 14:13:37 INFO Status: SUCCESS, Code: 1, Detail: Registro alterado com sucesso de LEONARDO CARDOSO SANTOS Transportation
2024-10-31 14:13:37 INFO RecordID: 080213
2024-10-31 14:13:38 INFO Status: SUCCESS, Code: 1, Detail: Registro alterado com sucesso de Aline Souza da Luz Transportation
2024-10-31 14:13:39 INFO RecordID: 080214
2024-10-31 14:13:40 INFO Status: SUCCESS, Code: 1, Detail: Registro alterado com sucesso de Maxmaihor Marques Transportation
2024-10-31 14:13:40 INFO RecordID: 080215
2024-10-31 14:13:41 INFO Status: SUCCESS, Code: 1, Detail: Registro alterado com sucesso de Moises Daniel medina abreu Transportation
2024-10-31 14:13:45 INFO RecordID: 080216
2024-10-31 14:13:46 INFO Status: SUCCESS, Code: 1, Detail: Registro alterado com sucesso de Matheus Gonçalves Enes  Transportation
2024-10-31 14:13:47 INFO RecordID: 080217
2024-10-31 14:13:47 INFO Status: SUCCESS, Code: 1, Detail: Registro alterado com sucesso de AMANDA ESPINDOLA GODINHO DOS SANTOS Transportation
2024-10-31 14:13:48 INFO RecordID: 080218
2024-10-31 14:13:51 INFO Status: SUCCESS, Code: 1, Detail: Registro alterado com sucesso de GLEIVIANE DA SILVA COSTA Transportation
2024-10-31 14:13:52 INFO RecordID: 080219
2024-10-31 14:13:52 INFO Status: SUCCESS, Code: 1, Detail: Registro alterado com sucesso de ELUISA EYNG ROMANHA Transportation
2024-10-31 14:13:53 INFO RecordID: 080220
2024-10-31 14:13:53 INFO Status: SUCCESS, Code: 1, Detail: Registro alterado com sucesso de ISABEL CRISTINA LEITE FURTADO Transportation
2024-10-31 14:13:54 INFO RecordID: 080221
2024-10-31 14:13:54 INFO Status: SUCCESS, Code: 1, Detail: Registro alterado com sucesso de EDER JEAN GONÇALVES Transportation
2024-10-31 14:13:55 INFO RecordID: 080222
2024-10-31 14:13:56 INFO Status: SUCCESS, Code: 1, Detail: Registro alterado com sucesso de ANA PAULA ARAUJO DE OLIVEIRA Transportation
2024-10-31 14:13:57 INFO RecordID: 080223
2024-10-31 14:13:57 INFO Status: SUCCESS, Code: 1, Detail: Registro alterado com sucesso de Caroline Vieira Schmidt  Transportation
2024-10-31 14:13:58 INFO RecordID: 080224
2024-10-31 14:13:58 INFO Status: SUCCESS, Code: 1, Detail: Registro alterado com sucesso de Nayara Angélica Struziatto Motta  Transportation
2024-10-31 14:13:59 INFO RecordID: 080225
2024-10-31 14:13:59 INFO Status: SUCCESS, Code: 1, Detail: Registro alterado com sucesso de Rafael de Santana Teixeira Rinaldi Transportation
2024-10-31 14:14:00 INFO RecordID: 080226
2024-10-31 14:14:00 INFO Status: SUCCESS, Code: 1, Detail: Registro alterado com sucesso de João Carlos Bonetti  Transportation
2024-10-31 14:14:01 INFO RecordID: 080227
2024-10-31 14:14:01 INFO Status: SUCCESS, Code: 1, Detail: Registro alterado com sucesso de Patrícia Silva Rodrigues  Transportation
2024-10-31 14:14:02 INFO RecordID: 080228
2024-10-31 14:14:02 INFO Status: SUCCESS, Code: 1, Detail: Registro alterado com sucesso de João Felipe Grosskopf Transportation
2024-10-31 14:14:03 INFO RecordID: 080229
2024-10-31 14:14:03 INFO Status: SUCCESS, Code: 1, Detail: Registro alterado com sucesso de Claudia Jakelin Martinez Carrasquel  Transportation
2024-10-31 14:14:04 INFO RecordID: 080230
2024-10-31 14:14:04 INFO Status: SUCCESS, Code: 1, Detail: Registro alterado com sucesso de RENAN REZENDE Transportation
2024-10-31 14:14:05 INFO RecordID: 080231
2024-10-31 14:14:05 INFO Status: SUCCESS, Code: 1, Detail: Registro alterado com sucesso de Fabiana Sabino de Souza Transportation
2024-10-31 14:14:06 INFO RecordID: 080232
2024-10-31 14:14:06 INFO Status: SUCCESS, Code: 1, Detail: Registro alterado com sucesso de Felipe  Souza Transportation
2024-10-31 14:14:07 INFO RecordID: 080233
2024-10-31 14:14:07 INFO Status: SUCCESS, Code: 1, Detail: Registro alterado com sucesso de Igor Butzke Transportation
2024-10-31 14:14:08 INFO RecordID: 080234
2024-10-31 14:14:09 INFO Status: SUCCESS, Code: 1, Detail: Registro alterado com sucesso de Michel Barboza Burilli  Transportation
2024-10-31 14:14:09 INFO RecordID: 080235
2024-10-31 14:14:10 INFO Status: SUCCESS, Code: 1, Detail: Registro alterado com sucesso de Luiz Filipe Mafra  Transportation
2024-10-31 14:14:10 INFO RecordID: 080236
2024-10-31 14:14:11 INFO Status: SUCCESS, Code: 1, Detail: Registro alterado com sucesso de Lucas Feitosa Silva Transportation
2024-10-31 14:14:11 INFO RecordID: 080237
2024-10-31 14:14:15 INFO Status: SUCCESS, Code: 1, Detail: Registro alterado com sucesso de VALDIR PEDRO SCHWAAB Transportation
2024-10-31 14:14:15 INFO RecordID: 080238
2024-10-31 14:14:16 INFO Status: SUCCESS, Code: 1, Detail: Registro alterado com sucesso de CARLOS EDUARDO DE BARROS Transportation
2024-10-31 14:14:16 INFO RecordID: 080239
2024-10-31 14:14:17 INFO Status: SUCCESS, Code: 1, Detail: Registro alterado com sucesso de VITORIA EMANUELLE BATISTA VIEIRA  Transportation
2024-10-31 14:14:17 INFO RecordID: 080240
2024-10-31 14:14:18 INFO Status: SUCCESS, Code: 1, Detail: Registro alterado com sucesso de VILMA GONÇALVES CORRA SOARES Transportation
2024-10-31 14:14:18 INFO RecordID: 080241
2024-10-31 14:14:19 INFO Status: SUCCESS, Code: 1, Detail: Registro alterado com sucesso de Matheus william Gonçalves  Transportation
2024-10-31 14:14:19 INFO RecordID: 080242
2024-10-31 14:14:20 INFO Status: SUCCESS, Code: 1, Detail: Registro alterado com sucesso de Mychelle Cordeiro de Oliveira Transportation
2024-10-31 14:14:20 INFO RecordID: 080243
2024-10-31 14:14:21 INFO Status: SUCCESS, Code: 1, Detail: Registro alterado com sucesso de Cristiane Francine Tantsch da Silva  Transportation
2024-10-31 14:14:22 INFO RecordID: 080244
2024-10-31 14:14:22 INFO Status: SUCCESS, Code: 1, Detail: Registro alterado com sucesso de Simone dos Santos Luciano  Transportation
2024-10-31 14:14:23 INFO RecordID: 080245
2024-10-31 14:14:24 INFO Status: SUCCESS, Code: 1, Detail: Registro alterado com sucesso de Vitor Quintino  Transportation
2024-10-31 14:14:24 INFO RecordID: 080246
2024-10-31 14:14:28 INFO Status: SUCCESS, Code: 1, Detail: Registro alterado com sucesso de Josicler Turassi  Transportation
2024-10-31 14:14:28 INFO RecordID: 080247
2024-10-31 14:14:30 INFO Status: SUCCESS, Code: 1, Detail: Registro alterado com sucesso de Andreia Costa Sá Transportation
2024-10-31 14:14:30 INFO RecordID: 080248
2024-10-31 14:14:31 INFO Status: SUCCESS, Code: 1, Detail: Registro alterado com sucesso de Tainá Do Nascimento correa dos Santos  Transportation
2024-10-31 14:14:32 INFO RecordID: 080249
2024-10-31 14:14:32 INFO Status: SUCCESS, Code: 1, Detail: Registro alterado com sucesso de Gracilene Abigail de Souza  Transportation
2024-10-31 14:14:33 INFO RecordID: 080250
2024-10-31 14:14:33 INFO Status: SUCCESS, Code: 1, Detail: Registro alterado com sucesso de ADRIANA REGINA HOLZ SELL Transportation
2024-10-31 14:14:34 INFO RecordID: 080251
2024-10-31 14:14:35 INFO Status: SUCCESS, Code: 1, Detail: Registro alterado com sucesso de JHONY DE MORAES Transportation
2024-10-31 14:14:35 INFO RecordID: 080252
2024-10-31 14:14:36 INFO Status: SUCCESS, Code: 1, Detail: Registro alterado com sucesso de Maria Luiza Pavoski Porto Transportation
2024-10-31 14:14:37 INFO RecordID: 080253
2024-10-31 14:14:37 INFO Status: SUCCESS, Code: 1, Detail: Registro alterado com sucesso de Flávia Cheila Ternoski  Transportation
2024-10-31 14:14:38 INFO RecordID: 080254
2024-10-31 14:14:38 INFO Status: SUCCESS, Code: 1, Detail: Registro alterado com sucesso de Patricia Rosa Will Transportation
2024-10-31 14:14:39 INFO RecordID: 080255
2024-10-31 14:14:39 INFO Status: SUCCESS, Code: 1, Detail: Registro alterado com sucesso de Maria Luiza Melo Ferreira  Transportation
2024-10-31 14:14:40 INFO RecordID: 080256
2024-10-31 14:14:40 INFO Status: SUCCESS, Code: 1, Detail: Registro alterado com sucesso de Martinha kruger  Transportation
2024-10-31 14:14:44 INFO RecordID: 080257
2024-10-31 14:14:45 INFO Status: SUCCESS, Code: 1, Detail: Registro alterado com sucesso de Juan Carlos dos Santos  Transportation
2024-10-31 14:14:45 INFO RecordID: 080258
2024-10-31 14:14:46 INFO Status: SUCCESS, Code: 1, Detail: Registro alterado com sucesso de PRISCILA DOS SANTOS MIGUEL Transportation
2024-10-31 14:14:46 INFO RecordID: 080259
2024-10-31 14:14:47 INFO Status: SUCCESS, Code: 1, Detail: Registro alterado com sucesso de Jeferson Sobral  Transportation
2024-10-31 14:14:48 INFO RecordID: 080260
2024-10-31 14:14:48 INFO Status: SUCCESS, Code: 1, Detail: Registro alterado com sucesso de Carine Rodrigues dos Santos  Transportation
2024-10-31 14:14:48 INFO RecordID: 080261
2024-10-31 14:14:49 INFO Status: SUCCESS, Code: 1, Detail: Registro alterado com sucesso de Emmanuel Delfino dos Passos  Transportation
2024-10-31 14:14:49 INFO RecordID: 080262
2024-10-31 14:14:50 INFO Status: SUCCESS, Code: 1, Detail: Registro alterado com sucesso de JAILSON DA SILVA Transportation
2024-10-31 14:14:50 INFO RecordID: 080263
2024-10-31 14:14:51 INFO Status: SUCCESS, Code: 1, Detail: Registro alterado com sucesso de NAYARA MILENE ALVES Transportation
2024-10-31 14:14:52 INFO RecordID: 080264
2024-10-31 14:14:52 INFO Status: SUCCESS, Code: 1, Detail: Registro alterado com sucesso de Maicon Alexandre de Oliveira  Transportation
2024-10-31 14:14:53 INFO RecordID: 080265
2024-10-31 14:14:53 INFO Status: SUCCESS, Code: 1, Detail: Registro alterado com sucesso de Jefferson William Alves da Silva  Transportation
2024-10-31 14:14:53 INFO RecordID: 080266
2024-10-31 14:14:54 INFO Status: SUCCESS, Code: 1, Detail: Registro alterado com sucesso de Cintia Mendes  Transportation
2024-10-31 14:14:55 INFO RecordID: 080267
2024-10-31 14:14:55 INFO Status: SUCCESS, Code: 1, Detail: Registro alterado com sucesso de Eliane mara cercal Transportation
2024-10-31 14:14:56 INFO RecordID: 080268
2024-10-31 14:14:56 INFO Status: SUCCESS, Code: 1, Detail: Registro alterado com sucesso de Juliane Belo Puccinelli Transportation
2024-10-31 14:15:00 INFO RecordID: 080269
2024-10-31 14:15:00 INFO Status: SUCCESS, Code: 1, Detail: Registro alterado com sucesso de Rosana roque da Cunha Silva  Transportation
2024-10-31 14:15:00 INFO RecordID: 080270
2024-10-31 14:15:01 INFO Status: SUCCESS, Code: 1, Detail: Registro alterado com sucesso de Schirley Dellandrea Hoffmann  Transportation
2024-10-31 14:15:01 INFO RecordID: 080271
2024-10-31 14:15:02 INFO Status: SUCCESS, Code: 1, Detail: Registro alterado com sucesso de Karina Carvalho  Transportation
2024-10-31 14:15:02 INFO RecordID: 080272
2024-10-31 14:15:03 INFO Status: SUCCESS, Code: 1, Detail: Registro alterado com sucesso de Wesley Miguel de Amorim Transportation
2024-10-31 14:15:03 INFO RecordID: 080273
2024-10-31 14:15:03 INFO Status: SUCCESS, Code: 1, Detail: Registro alterado com sucesso de Rubens Vitório Lins Batista Transportation
2024-10-31 14:15:04 INFO RecordID: 080274
2024-10-31 14:15:04 INFO Status: SUCCESS, Code: 1, Detail: Registro alterado com sucesso de Elaine Muller  Transportation
2024-10-31 14:15:05 INFO RecordID: 080275
2024-10-31 14:15:05 INFO Status: SUCCESS, Code: 1, Detail: Registro alterado com sucesso de Janaina Fortunato Pereira Lima de Souza  Transportation
2024-10-31 14:15:06 INFO RecordID: 080276
2024-10-31 14:15:06 INFO Status: SUCCESS, Code: 1, Detail: Registro alterado com sucesso de Bruno Eduardo de Souza  Transportation
2024-10-31 14:15:07 INFO RecordID: 080277
2024-10-31 14:15:07 INFO Status: SUCCESS, Code: 1, Detail: Registro alterado com sucesso de Manuela Silva Souza Simão  Transportation
2024-10-31 14:15:07 INFO RecordID: 080278
2024-10-31 14:15:08 INFO Status: SUCCESS, Code: 1, Detail: Registro alterado com sucesso de Marcos Antônio Sandrini Transportation
2024-10-31 14:15:08 INFO RecordID: 080279
2024-10-31 14:15:09 INFO Status: SUCCESS, Code: 1, Detail: Registro alterado com sucesso de Dayana Martins Ramos  Transportation
2024-10-31 14:15:09 INFO RecordID: 080280
2024-10-31 14:15:10 INFO Status: SUCCESS, Code: 1, Detail: Registro alterado com sucesso de Vivian Maria Linhares  Transportation
2024-10-31 14:15:10 INFO RecordID: 080281
2024-10-31 14:15:11 INFO Status: SUCCESS, Code: 1, Detail: Registro alterado com sucesso de Eliete Alves  Transportation
2024-10-31 14:15:11 INFO RecordID: 080282
2024-10-31 14:15:15 INFO Status: SUCCESS, Code: 1, Detail: Registro alterado com sucesso de Themístocles Duarte  Transportation
2024-10-31 14:15:15 INFO RecordID: 080283
2024-10-31 14:15:15 INFO Status: SUCCESS, Code: 1, Detail: Registro alterado com sucesso de Nancy Esperanza Patino Castellanos  Transportation
2024-10-31 14:15:16 INFO RecordID: 080284
2024-10-31 14:15:17 INFO Status: SUCCESS, Code: 1, Detail: Registro alterado com sucesso de Giani Gonçalves  Transportation
2024-10-31 14:15:17 INFO RecordID: 080285
2024-10-31 14:15:18 INFO Status: SUCCESS, Code: 1, Detail: Registro alterado com sucesso de Luiza Karine de Jesus Transportation
2024-10-31 14:15:18 INFO RecordID: 080286
2024-10-31 14:15:19 INFO Status: SUCCESS, Code: 1, Detail: Registro alterado com sucesso de Grazieli ines cervo  Transportation
2024-10-31 14:15:19 INFO RecordID: 080287
2024-10-31 14:15:20 INFO Status: SUCCESS, Code: 1, Detail: Registro alterado com sucesso de Helena Lemos Simon  Transportation
2024-10-31 14:15:20 INFO RecordID: 080288
2024-10-31 14:15:21 INFO Status: SUCCESS, Code: 1, Detail: Registro alterado com sucesso de Alessandra Avelino de Oliveira Transportation
2024-10-31 14:16:44 INFO File downloaded successfully.200
2024-10-31 14:16:44 INFO Connection successful!
2024-10-31 14:16:45 INFO RecordID: 080289
2024-10-31 14:16:45 INFO Status: SUCCESS, Code: 1, Detail: Registro alterado com sucesso de Brenno  Transportation
2024-10-31 14:16:46 INFO RecordID: 080290
2024-10-31 14:16:46 INFO Status: SUCCESS, Code: 1, Detail: Registro alterado com sucesso de Daniel Bairros Perrone Transportation
2024-10-31 14:16:47 INFO RecordID: 080291
2024-10-31 14:16:47 INFO Status: SUCCESS, Code: 1, Detail: Registro alterado com sucesso de Thaise Cardoso Cavalcante Transportation
2024-10-31 14:18:16 INFO File downloaded successfully.200
2024-10-31 14:18:16 INFO Connection successful!
2024-10-31 14:18:17 INFO RecordID: 080293
2024-10-31 14:18:17 INFO Status: SUCCESS, Code: 1, Detail: Registro alterado com sucesso de brenno  Transportation
2024-10-31 14:18:18 INFO RecordID: 080294
2024-10-31 14:18:18 INFO Status: SUCCESS, Code: 1, Detail: Registro alterado com sucesso de daniel bairros perrone Transportation
2024-10-31 14:18:19 INFO RecordID: 080295
2024-10-31 14:18:19 INFO Status: SUCCESS, Code: 1, Detail: Registro alterado com sucesso de thaise cardoso cavalcante Transportation
2024-10-31 14:18:20 INFO RecordID: 080296
2024-10-31 14:18:20 INFO Status: SUCCESS, Code: 1, Detail: Registro alterado com sucesso de jairo de faria barros filho. Transportation
2024-10-31 14:20:43 INFO File downloaded successfully.200
2024-10-31 14:20:43 INFO Connection successful!
2024-10-31 14:20:44 INFO RecordID: 080298
2024-10-31 14:20:44 INFO Status: SUCCESS, Code: 1, Detail: Registro alterado com sucesso de brenno  Transportation
2024-10-31 14:20:44 INFO RecordID: 080299
2024-10-31 14:20:45 INFO Status: SUCCESS, Code: 1, Detail: Registro alterado com sucesso de daniel bairros perrone Transportation
2024-10-31 14:20:45 INFO RecordID: 080300
2024-10-31 14:20:46 INFO Status: SUCCESS, Code: 1, Detail: Registro alterado com sucesso de thaise cardoso cavalcante Transportation
2024-10-31 14:20:46 INFO RecordID: 080301
2024-10-31 14:20:47 INFO Status: SUCCESS, Code: 1, Detail: Registro alterado com sucesso de jairo de faria barros filho. Transportation
2024-10-31 14:20:47 INFO RecordID: 080302
2024-10-31 14:20:47 INFO Status: SUCCESS, Code: 1, Detail: Registro alterado com sucesso de cleisson cordeiro dos santos  Transportation
2024-10-31 14:20:48 INFO RecordID: 080303
2024-10-31 14:20:49 INFO Status: SUCCESS, Code: 1, Detail: Registro alterado com sucesso de ana caroline de borba petroski Transportation
2024-10-31 14:20:49 INFO RecordID: 080304
2024-10-31 14:20:49 INFO Status: SUCCESS, Code: 1, Detail: Registro alterado com sucesso de carlos eduardo beluco Transportation
2024-10-31 14:20:50 INFO RecordID: 080305
2024-10-31 14:20:50 INFO Status: SUCCESS, Code: 1, Detail: Registro alterado com sucesso de kethleen lanna lima pinheiro  Transportation
2024-10-31 14:20:51 INFO RecordID: 080306
2024-10-31 14:20:51 INFO Status: SUCCESS, Code: 1, Detail: Registro alterado com sucesso de franciele pagno Transportation
2024-10-31 14:20:52 INFO RecordID: 080307
2024-10-31 14:22:13 INFO File downloaded successfully.200
2024-10-31 14:22:13 INFO Connection successful!
2024-10-31 14:22:14 INFO RecordID: 080308
2024-10-31 14:22:14 INFO Status: SUCCESS, Code: 1, Detail: Registro alterado com sucesso de brenno  Transportation
2024-10-31 14:22:15 INFO RecordID: 080309
2024-10-31 14:22:15 INFO Status: SUCCESS, Code: 1, Detail: Registro alterado com sucesso de daniel bairros perrone Transportation
2024-10-31 14:22:16 INFO RecordID: 080310
2024-10-31 14:22:16 INFO Status: SUCCESS, Code: 1, Detail: Registro alterado com sucesso de thaise cardoso cavalcante Transportation
2024-10-31 14:22:17 INFO RecordID: 080311
2024-10-31 14:22:18 INFO Status: SUCCESS, Code: 1, Detail: Registro alterado com sucesso de jairo de faria barros filho. Transportation
2024-10-31 14:22:18 INFO RecordID: 080312
2024-10-31 14:22:18 INFO Status: SUCCESS, Code: 1, Detail: Registro alterado com sucesso de cleisson cordeiro dos santos  Transportation
2024-10-31 14:22:19 INFO RecordID: 080313
2024-10-31 14:22:19 INFO Status: SUCCESS, Code: 1, Detail: Registro alterado com sucesso de ana caroline de borba petroski Transportation
2024-10-31 14:22:57 INFO File downloaded successfully.200
2024-10-31 14:22:57 INFO Connection successful!
2024-10-31 14:22:57 INFO RecordID: 080315
2024-10-31 14:22:58 INFO Status: SUCCESS, Code: 1, Detail: Registro alterado com sucesso de brenno  Transportation
2024-10-31 14:22:58 INFO RecordID: 080316
2024-10-31 14:22:59 INFO Status: SUCCESS, Code: 1, Detail: Registro alterado com sucesso de daniel bairros perrone Transportation
2024-10-31 14:23:00 INFO RecordID: 080317
2024-10-31 14:23:00 INFO Status: SUCCESS, Code: 1, Detail: Registro alterado com sucesso de thaise cardoso cavalcante Transportation
2024-10-31 14:23:00 INFO RecordID: 080318
2024-10-31 14:23:01 INFO Status: SUCCESS, Code: 1, Detail: Registro alterado com sucesso de jairo de faria barros filho. Transportation
2024-10-31 14:23:01 INFO RecordID: 080319
2024-10-31 14:23:02 INFO Status: SUCCESS, Code: 1, Detail: Registro alterado com sucesso de cleisson cordeiro dos santos  Transportation
2024-10-31 14:23:02 INFO RecordID: 080320
2024-10-31 14:23:03 INFO Status: SUCCESS, Code: 1, Detail: Registro alterado com sucesso de ana caroline de borba petroski Transportation
2024-10-31 14:23:03 INFO RecordID: 080321
2024-10-31 14:25:08 INFO File downloaded successfully.200
2024-10-31 14:25:09 INFO Connection successful!
2024-10-31 14:26:30 INFO File downloaded successfully.200
2024-10-31 14:26:30 INFO Connection successful!
2024-10-31 14:26:31 INFO RecordID: 080323
2024-10-31 14:26:31 INFO Status: SUCCESS, Code: 1, Detail: Registro alterado com sucesso de brenno  Transportation
2024-10-31 14:26:32 INFO RecordID: 080324
2024-10-31 14:26:32 INFO Status: SUCCESS, Code: 1, Detail: Registro alterado com sucesso de daniel bairros perrone Transportation
2024-10-31 14:26:33 INFO RecordID: 080325
2024-10-31 14:26:33 INFO Status: SUCCESS, Code: 1, Detail: Registro alterado com sucesso de thaise cardoso cavalcante Transportation
2024-10-31 14:26:34 INFO RecordID: 080326
2024-10-31 14:27:21 INFO File downloaded successfully.200
2024-10-31 14:27:22 INFO Connection successful!
2024-10-31 14:27:22 INFO RecordID: 080327
2024-10-31 14:27:23 INFO Status: SUCCESS, Code: 1, Detail: Registro alterado com sucesso de brenno  Transportation
2024-10-31 14:27:23 INFO RecordID: 080328
2024-10-31 14:27:23 INFO Status: SUCCESS, Code: 1, Detail: Registro alterado com sucesso de daniel bairros perrone Transportation
2024-10-31 14:27:24 INFO RecordID: 080329
2024-10-31 14:27:24 INFO Status: SUCCESS, Code: 1, Detail: Registro alterado com sucesso de thaise cardoso cavalcante Transportation
2024-10-31 14:27:26 INFO RecordID: 080330
2024-10-31 14:27:26 INFO Status: SUCCESS, Code: 1, Detail: Registro alterado com sucesso de jairo de faria barros filho. Transportation
2024-10-31 14:27:26 INFO RecordID: 080331
2024-10-31 14:27:27 INFO Status: SUCCESS, Code: 1, Detail: Registro alterado com sucesso de cleisson cordeiro dos santos  Transportation
2024-10-31 14:27:27 INFO RecordID: 080332
2024-10-31 14:27:28 INFO Status: SUCCESS, Code: 1, Detail: Registro alterado com sucesso de ana caroline de borba petroski Transportation
2024-10-31 14:27:28 INFO RecordID: 080333
2024-10-31 14:27:29 INFO Status: SUCCESS, Code: 1, Detail: Registro alterado com sucesso de carlos eduardo beluco Transportation
2024-10-31 14:27:46 INFO File downloaded successfully.200
2024-10-31 14:27:46 INFO Connection successful!
2024-10-31 14:27:47 INFO RecordID: 080335
2024-10-31 14:27:47 INFO Status: SUCCESS, Code: 1, Detail: Registro alterado com sucesso de brenno  Transportation
2024-10-31 14:27:48 INFO RecordID: 080336
2024-10-31 14:27:48 INFO Status: SUCCESS, Code: 1, Detail: Registro alterado com sucesso de daniel bairros perrone Transportation
2024-10-31 14:27:48 INFO RecordID: 080337
2024-10-31 14:27:49 INFO Status: SUCCESS, Code: 1, Detail: Registro alterado com sucesso de thaise cardoso cavalcante Transportation
2024-10-31 14:27:49 INFO RecordID: 080338
2024-10-31 14:27:50 INFO Status: SUCCESS, Code: 1, Detail: Registro alterado com sucesso de jairo de faria barros filho. Transportation
2024-10-31 14:27:50 INFO RecordID: 080339
2024-10-31 14:27:50 INFO Status: SUCCESS, Code: 1, Detail: Registro alterado com sucesso de cleisson cordeiro dos santos  Transportation
2024-10-31 14:28:11 INFO File downloaded successfully.200
2024-10-31 14:28:11 INFO Connection successful!
2024-10-31 14:28:12 INFO RecordID: 080341
2024-10-31 14:28:12 INFO Status: SUCCESS, Code: 1, Detail: Registro alterado com sucesso de Brenno  Transportation
2024-10-31 14:28:12 INFO RecordID: 080342
2024-10-31 14:28:13 INFO Status: SUCCESS, Code: 1, Detail: Registro alterado com sucesso de Daniel Bairros Perrone Transportation
2024-10-31 14:28:13 INFO RecordID: 080343
2024-10-31 14:28:14 INFO Status: SUCCESS, Code: 1, Detail: Registro alterado com sucesso de Thaise Cardoso Cavalcante Transportation
2024-10-31 14:28:14 INFO RecordID: 080344
2024-10-31 14:31:08 INFO File downloaded successfully.200
2024-10-31 14:31:08 INFO Connection successful!
2024-10-31 14:31:12 INFO RecordID: 080346
2024-10-31 14:31:12 INFO Status: SUCCESS, Code: 1, Detail: Registro alterado com sucesso de Brenno  Transportation
2024-10-31 14:31:13 INFO RecordID: 080347
2024-10-31 14:31:14 INFO Status: SUCCESS, Code: 1, Detail: Registro alterado com sucesso de Daniel Bairros Perrone Transportation
2024-10-31 14:31:14 INFO RecordID: 080348
2024-10-31 14:31:15 INFO Status: SUCCESS, Code: 1, Detail: Registro alterado com sucesso de Thaise Cardoso Cavalcante Transportation
2024-10-31 14:31:15 INFO RecordID: 080349
2024-10-31 14:31:23 INFO File downloaded successfully.200
2024-10-31 14:31:23 INFO Connection successful!
2024-10-31 14:31:25 INFO RecordID: 080350
2024-10-31 14:31:25 INFO Status: SUCCESS, Code: 1, Detail: Registro alterado com sucesso de Brenno  Transportation
2024-10-31 14:31:26 INFO RecordID: 080351
2024-10-31 14:31:26 INFO Status: SUCCESS, Code: 1, Detail: Registro alterado com sucesso de Daniel Bairros Perrone Transportation
2024-10-31 14:31:27 INFO RecordID: 080352
2024-10-31 14:33:12 INFO File downloaded successfully.200
2024-10-31 14:33:13 INFO Connection successful!
2024-10-31 14:34:53 INFO File downloaded successfully.200
2024-10-31 14:34:57 INFO Connection successful!
2024-10-31 14:34:59 INFO RecordID: 080353
2024-10-31 14:34:59 INFO Status: SUCCESS, Code: 1, Detail: Registro alterado com sucesso de Brenno  Transportation
2024-10-31 14:35:00 INFO RecordID: 080354
2024-10-31 14:35:01 INFO Status: SUCCESS, Code: 1, Detail: Registro alterado com sucesso de Daniel Bairros Perrone Transportation
2024-10-31 14:35:03 INFO RecordID: 080355
2024-10-31 14:35:04 INFO Status: SUCCESS, Code: 1, Detail: Registro alterado com sucesso de Thaise Cardoso Cavalcante Transportation
2024-10-31 14:35:05 INFO RecordID: 080356
2024-10-31 14:35:05 INFO Status: SUCCESS, Code: 1, Detail: Registro alterado com sucesso de Jairo de Faria Barros Filho. Transportation
2024-10-31 14:37:20 INFO File downloaded successfully.200
2024-10-31 14:37:21 INFO Connection successful!
2024-10-31 14:37:21 INFO RecordID: 080357
2024-10-31 14:37:22 INFO Status: SUCCESS, Code: 1, Detail: Registro alterado com sucesso de Brenno  Transportation
2024-10-31 14:37:23 INFO RecordID: 080358
2024-10-31 14:37:24 INFO Status: SUCCESS, Code: 1, Detail: Registro alterado com sucesso de Daniel Bairros Perrone Transportation
2024-10-31 14:37:24 INFO RecordID: 080359
2024-10-31 14:37:25 INFO Status: SUCCESS, Code: 1, Detail: Registro alterado com sucesso de Thaise Cardoso Cavalcante Transportation
2024-10-31 14:40:12 INFO File downloaded successfully.200
2024-10-31 14:40:13 INFO Connection successful!
2024-10-31 14:40:14 INFO RecordID: 080361
2024-10-31 14:40:14 INFO Status: SUCCESS, Code: 1, Detail: Registro alterado com sucesso de Brenno  Transportation
2024-10-31 14:40:15 INFO RecordID: 080362
2024-10-31 14:40:15 INFO Status: SUCCESS, Code: 1, Detail: Registro alterado com sucesso de Daniel Bairros Perrone Transportation
2024-10-31 14:40:16 INFO RecordID: 080363
2024-10-31 14:40:16 INFO Status: SUCCESS, Code: 1, Detail: Registro alterado com sucesso de Thaise Cardoso Cavalcante Transportation
2024-10-31 14:44:19 INFO File downloaded successfully.200
2024-10-31 14:44:20 INFO Connection successful!
2024-10-31 14:44:20 INFO RecordID: 080365
2024-10-31 14:44:21 INFO Status: SUCCESS, Code: 1, Detail: Registro alterado com sucesso de Brenno  Transportation
2024-10-31 14:44:21 INFO RecordID: 080366
2024-10-31 14:45:34 INFO File downloaded successfully.200
2024-10-31 14:45:35 INFO Connection successful!
2024-10-31 14:45:36 INFO RecordID: 080367
2024-10-31 14:45:37 INFO Status: SUCCESS, Code: 1, Detail: Registro alterado com sucesso de Brenno  Transportation
2024-10-31 14:45:37 INFO RecordID: 080368
2024-10-31 14:45:38 INFO Status: SUCCESS, Code: 1, Detail: Registro alterado com sucesso de Daniel Bairros Perrone Transportation
2024-10-31 14:45:39 INFO RecordID: 080369
2024-10-31 14:45:39 INFO Status: SUCCESS, Code: 1, Detail: Registro alterado com sucesso de Thaise Cardoso Cavalcante Transportation
2024-10-31 14:46:39 INFO Connection successful!
2024-10-31 14:46:39 INFO Brenno  already on SE
2024-10-31 14:46:39 INFO Daniel Bairros Perrone already on SE
2024-10-31 14:46:39 INFO Thaise Cardoso Cavalcante already on SE
2024-10-31 14:46:39 INFO Jairo de Faria Barros Filho. already on SE
2024-10-31 14:46:39 INFO Cleisson cordeiro dos santos  already on SE
2024-10-31 14:46:39 INFO ANA CAROLINE DE BORBA PETROSKI already on SE
2024-10-31 14:46:39 INFO Carlos Eduardo Beluco already on SE
2024-10-31 14:46:39 INFO Kethleen Lanna Lima Pinheiro  already on SE
2024-10-31 14:46:39 INFO Franciele Pagno already on SE
2024-10-31 14:46:39 INFO Pedro Vilson Fernandes Júnior already on SE
2024-10-31 14:46:39 INFO THIAGO CARLOS DE ALENCAR already on SE
2024-10-31 14:46:39 INFO DIANA VALLERY OLIVEIRA MOREIRA already on SE
2024-10-31 14:46:39 INFO PEDRO ANTONIO TESTONI BRUNKEN already on SE
2024-10-31 14:46:39 INFO LEONARDO CARDOSO SANTOS already on SE
2024-10-31 14:46:39 INFO Aline Souza da Luz already on SE
2024-10-31 14:46:39 INFO Maxmaihor Marques already on SE
2024-10-31 14:46:39 INFO Moises Daniel medina abreu already on SE
2024-10-31 14:46:39 INFO Matheus Gonçalves Enes  already on SE
2024-10-31 14:46:39 INFO AMANDA ESPINDOLA GODINHO DOS SANTOS already on SE
2024-10-31 14:46:39 INFO GLEIVIANE DA SILVA COSTA already on SE
2024-10-31 14:46:39 INFO ELUISA EYNG ROMANHA already on SE
2024-10-31 14:46:39 INFO ISABEL CRISTINA LEITE FURTADO already on SE
2024-10-31 14:46:39 INFO EDER JEAN GONÇALVES already on SE
2024-10-31 14:46:39 INFO ANA PAULA ARAUJO DE OLIVEIRA already on SE
2024-10-31 14:46:39 INFO Caroline Vieira Schmidt  already on SE
2024-10-31 14:46:39 INFO Nayara Angélica Struziatto Motta  already on SE
2024-10-31 14:46:39 INFO Rafael de Santana Teixeira Rinaldi already on SE
2024-10-31 14:46:39 INFO João Carlos Bonetti  already on SE
2024-10-31 14:46:39 INFO Patrícia Silva Rodrigues  already on SE
2024-10-31 14:46:39 INFO João Felipe Grosskopf already on SE
2024-10-31 14:46:39 INFO Claudia Jakelin Martinez Carrasquel  already on SE
2024-10-31 14:46:39 INFO RENAN REZENDE already on SE
2024-10-31 14:46:39 INFO Fabiana Sabino de Souza already on SE
2024-10-31 14:46:39 INFO Felipe  Souza already on SE
2024-10-31 14:46:39 INFO Igor Butzke already on SE
2024-10-31 14:46:39 INFO Michel Barboza Burilli  already on SE
2024-10-31 14:46:39 INFO Luiz Filipe Mafra  already on SE
2024-10-31 14:46:39 INFO Lucas Feitosa Silva already on SE
2024-10-31 14:46:39 INFO VALDIR PEDRO SCHWAAB already on SE
2024-10-31 14:46:39 INFO CARLOS EDUARDO DE BARROS already on SE
2024-10-31 14:46:39 INFO VITORIA EMANUELLE BATISTA VIEIRA  already on SE
2024-10-31 14:46:39 INFO VILMA GONÇALVES CORRA SOARES already on SE
2024-10-31 14:46:39 INFO Matheus william Gonçalves  already on SE
2024-10-31 14:46:39 INFO Mychelle Cordeiro de Oliveira already on SE
2024-10-31 14:46:39 INFO Cristiane Francine Tantsch da Silva  already on SE
2024-10-31 14:46:39 INFO Simone dos Santos Luciano  already on SE
2024-10-31 14:46:39 INFO Vitor Quintino  already on SE
2024-10-31 14:46:39 INFO Josicler Turassi  already on SE
2024-10-31 14:46:39 INFO Andreia Costa Sá already on SE
2024-10-31 14:46:39 INFO Tainá Do Nascimento correa dos Santos  already on SE
2024-10-31 14:46:39 INFO Gracilene Abigail de Souza  already on SE
2024-10-31 14:46:39 INFO ADRIANA REGINA HOLZ SELL already on SE
2024-10-31 14:46:39 INFO JHONY DE MORAES already on SE
2024-10-31 14:46:39 INFO Maria Luiza Pavoski Porto already on SE
2024-10-31 14:46:39 INFO Flávia Cheila Ternoski  already on SE
2024-10-31 14:46:39 INFO Patricia Rosa Will already on SE
2024-10-31 14:46:39 INFO Maria Luiza Melo Ferreira  already on SE
2024-10-31 14:46:39 INFO Martinha kruger  already on SE
2024-10-31 14:46:39 INFO Juan Carlos dos Santos  already on SE
2024-10-31 14:46:39 INFO PRISCILA DOS SANTOS MIGUEL already on SE
2024-10-31 14:46:39 INFO Jeferson Sobral  already on SE
2024-10-31 14:46:39 INFO Carine Rodrigues dos Santos  already on SE
2024-10-31 14:46:39 INFO Emmanuel Delfino dos Passos  already on SE
2024-10-31 14:46:39 INFO JAILSON DA SILVA already on SE
2024-10-31 14:46:39 INFO NAYARA MILENE ALVES already on SE
2024-10-31 14:46:39 INFO Maicon Alexandre de Oliveira  already on SE
2024-10-31 14:46:39 INFO Jefferson William Alves da Silva  already on SE
2024-10-31 14:46:39 INFO Cintia Mendes  already on SE
2024-10-31 14:46:39 INFO Eliane mara cercal already on SE
2024-10-31 14:46:39 INFO Juliane Belo Puccinelli already on SE
2024-10-31 14:46:39 INFO Rosana roque da Cunha Silva  already on SE
2024-10-31 14:46:39 INFO Schirley Dellandrea Hoffmann  already on SE
2024-10-31 14:46:39 INFO Karina Carvalho  already on SE
2024-10-31 14:46:39 INFO Wesley Miguel de Amorim already on SE
2024-10-31 14:46:39 INFO Rubens Vitório Lins Batista already on SE
2024-10-31 14:46:39 INFO Elaine Muller  already on SE
2024-10-31 14:46:39 INFO Janaina Fortunato Pereira Lima de Souza  already on SE
2024-10-31 14:46:39 INFO Bruno Eduardo de Souza  already on SE
2024-10-31 14:46:39 INFO Manuela Silva Souza Simão  already on SE
2024-10-31 14:46:39 INFO Marcos Antônio Sandrini already on SE
2024-10-31 14:46:39 INFO Dayana Martins Ramos  already on SE
2024-10-31 14:46:39 INFO Vivian Maria Linhares  already on SE
2024-10-31 14:46:39 INFO Eliete Alves  already on SE
2024-10-31 14:46:39 INFO Themístocles Duarte  already on SE
2024-10-31 14:46:39 INFO Nancy Esperanza Patino Castellanos  already on SE
2024-10-31 14:46:39 INFO Giani Gonçalves  already on SE
2024-10-31 14:46:39 INFO Luiza Karine de Jesus already on SE
2024-10-31 14:46:39 INFO Grazieli ines cervo  already on SE
2024-10-31 14:46:39 INFO Helena Lemos Simon  already on SE
2024-10-31 14:46:39 INFO Alessandra Avelino de Oliveira already on SE
2024-10-31 14:46:41 INFO Connection successful!
2024-10-31 14:46:41 INFO Brenno  already on SE
2024-10-31 14:46:41 INFO Daniel Bairros Perrone already on SE
2024-10-31 14:46:41 INFO Thaise Cardoso Cavalcante already on SE
2024-10-31 14:46:41 INFO Jairo de Faria Barros Filho. already on SE
2024-10-31 14:46:41 INFO Cleisson cordeiro dos santos  already on SE
2024-10-31 14:46:41 INFO ANA CAROLINE DE BORBA PETROSKI already on SE
2024-10-31 14:46:41 INFO Carlos Eduardo Beluco already on SE
2024-10-31 14:46:41 INFO Kethleen Lanna Lima Pinheiro  already on SE
2024-10-31 14:46:41 INFO Franciele Pagno already on SE
2024-10-31 14:46:41 INFO Pedro Vilson Fernandes Júnior already on SE
2024-10-31 14:46:41 INFO THIAGO CARLOS DE ALENCAR already on SE
2024-10-31 14:46:41 INFO DIANA VALLERY OLIVEIRA MOREIRA already on SE
2024-10-31 14:46:41 INFO PEDRO ANTONIO TESTONI BRUNKEN already on SE
2024-10-31 14:46:41 INFO LEONARDO CARDOSO SANTOS already on SE
2024-10-31 14:46:41 INFO Aline Souza da Luz already on SE
2024-10-31 14:46:41 INFO Maxmaihor Marques already on SE
2024-10-31 14:46:41 INFO Moises Daniel medina abreu already on SE
2024-10-31 14:46:41 INFO Matheus Gonçalves Enes  already on SE
2024-10-31 14:46:41 INFO AMANDA ESPINDOLA GODINHO DOS SANTOS already on SE
2024-10-31 14:46:41 INFO GLEIVIANE DA SILVA COSTA already on SE
2024-10-31 14:46:41 INFO ELUISA EYNG ROMANHA already on SE
2024-10-31 14:46:41 INFO ISABEL CRISTINA LEITE FURTADO already on SE
2024-10-31 14:46:41 INFO EDER JEAN GONÇALVES already on SE
2024-10-31 14:46:41 INFO ANA PAULA ARAUJO DE OLIVEIRA already on SE
2024-10-31 14:46:41 INFO Caroline Vieira Schmidt  already on SE
2024-10-31 14:46:41 INFO Nayara Angélica Struziatto Motta  already on SE
2024-10-31 14:46:41 INFO Rafael de Santana Teixeira Rinaldi already on SE
2024-10-31 14:46:41 INFO João Carlos Bonetti  already on SE
2024-10-31 14:46:41 INFO Patrícia Silva Rodrigues  already on SE
2024-10-31 14:46:41 INFO João Felipe Grosskopf already on SE
2024-10-31 14:46:41 INFO Claudia Jakelin Martinez Carrasquel  already on SE
2024-10-31 14:46:41 INFO RENAN REZENDE already on SE
2024-10-31 14:46:41 INFO Fabiana Sabino de Souza already on SE
2024-10-31 14:46:41 INFO Felipe  Souza already on SE
2024-10-31 14:46:41 INFO Igor Butzke already on SE
2024-10-31 14:46:41 INFO Michel Barboza Burilli  already on SE
2024-10-31 14:46:41 INFO Luiz Filipe Mafra  already on SE
2024-10-31 14:46:41 INFO Lucas Feitosa Silva already on SE
2024-10-31 14:46:41 INFO VALDIR PEDRO SCHWAAB already on SE
2024-10-31 14:46:41 INFO CARLOS EDUARDO DE BARROS already on SE
2024-10-31 14:46:41 INFO VITORIA EMANUELLE BATISTA VIEIRA  already on SE
2024-10-31 14:46:41 INFO VILMA GONÇALVES CORRA SOARES already on SE
2024-10-31 14:46:41 INFO Matheus william Gonçalves  already on SE
2024-10-31 14:46:41 INFO Mychelle Cordeiro de Oliveira already on SE
2024-10-31 14:46:41 INFO Cristiane Francine Tantsch da Silva  already on SE
2024-10-31 14:46:41 INFO Simone dos Santos Luciano  already on SE
2024-10-31 14:46:41 INFO Vitor Quintino  already on SE
2024-10-31 14:46:41 INFO Josicler Turassi  already on SE
2024-10-31 14:46:41 INFO Andreia Costa Sá already on SE
2024-10-31 14:46:41 INFO Tainá Do Nascimento correa dos Santos  already on SE
2024-10-31 14:46:41 INFO Gracilene Abigail de Souza  already on SE
2024-10-31 14:46:41 INFO ADRIANA REGINA HOLZ SELL already on SE
2024-10-31 14:46:41 INFO JHONY DE MORAES already on SE
2024-10-31 14:46:41 INFO Maria Luiza Pavoski Porto already on SE
2024-10-31 14:46:41 INFO Flávia Cheila Ternoski  already on SE
2024-10-31 14:46:41 INFO Patricia Rosa Will already on SE
2024-10-31 14:46:41 INFO Maria Luiza Melo Ferreira  already on SE
2024-10-31 14:46:41 INFO Martinha kruger  already on SE
2024-10-31 14:46:41 INFO Juan Carlos dos Santos  already on SE
2024-10-31 14:46:41 INFO PRISCILA DOS SANTOS MIGUEL already on SE
2024-10-31 14:46:41 INFO Jeferson Sobral  already on SE
2024-10-31 14:46:41 INFO Carine Rodrigues dos Santos  already on SE
2024-10-31 14:46:41 INFO Emmanuel Delfino dos Passos  already on SE
2024-10-31 14:46:41 INFO JAILSON DA SILVA already on SE
2024-10-31 14:46:41 INFO NAYARA MILENE ALVES already on SE
2024-10-31 14:46:41 INFO Maicon Alexandre de Oliveira  already on SE
2024-10-31 14:46:41 INFO Jefferson William Alves da Silva  already on SE
2024-10-31 14:46:41 INFO Cintia Mendes  already on SE
2024-10-31 14:46:41 INFO Eliane mara cercal already on SE
2024-10-31 14:46:41 INFO Juliane Belo Puccinelli already on SE
2024-10-31 14:46:41 INFO Rosana roque da Cunha Silva  already on SE
2024-10-31 14:46:41 INFO Schirley Dellandrea Hoffmann  already on SE
2024-10-31 14:46:41 INFO Karina Carvalho  already on SE
2024-10-31 14:46:41 INFO Wesley Miguel de Amorim already on SE
2024-10-31 14:46:41 INFO Rubens Vitório Lins Batista already on SE
2024-10-31 14:46:41 INFO Elaine Muller  already on SE
2024-10-31 14:46:41 INFO Janaina Fortunato Pereira Lima de Souza  already on SE
2024-10-31 14:46:41 INFO Bruno Eduardo de Souza  already on SE
2024-10-31 14:46:41 INFO Manuela Silva Souza Simão  already on SE
2024-10-31 14:46:41 INFO Marcos Antônio Sandrini already on SE
2024-10-31 14:46:41 INFO Dayana Martins Ramos  already on SE
2024-10-31 14:46:41 INFO Vivian Maria Linhares  already on SE
2024-10-31 14:46:41 INFO Eliete Alves  already on SE
2024-10-31 14:46:41 INFO Themístocles Duarte  already on SE
2024-10-31 14:46:41 INFO Nancy Esperanza Patino Castellanos  already on SE
2024-10-31 14:46:41 INFO Giani Gonçalves  already on SE
2024-10-31 14:46:41 INFO Luiza Karine de Jesus already on SE
2024-10-31 14:46:41 INFO Grazieli ines cervo  already on SE
2024-10-31 14:46:41 INFO Helena Lemos Simon  already on SE
2024-10-31 14:46:41 INFO Alessandra Avelino de Oliveira already on SE
2024-10-31 14:48:43 INFO Connection successful!
2024-10-31 14:48:43 INFO Executing Script - Wait Finish!, 1: Script Running
2024-10-31 14:48:44 INFO RecordID: 080370
2024-10-31 14:48:44 INFO Status: SUCCESS, Code: 1, Detail: Registro alterado com sucesso de Brenno  Transportation
2024-10-31 14:48:44 INFO Executing Script - Wait Finish!, 2: Script Running
2024-10-31 14:48:45 INFO RecordID: 080371
2024-10-31 14:48:46 INFO Status: SUCCESS, Code: 1, Detail: Registro alterado com sucesso de Daniel Bairros Perrone Transportation
2024-10-31 14:48:46 INFO Executing Script - Wait Finish!, 3: Script Running
2024-10-31 14:48:46 INFO RecordID: 080372
2024-10-31 14:48:47 INFO Status: SUCCESS, Code: 1, Detail: Registro alterado com sucesso de Thaise Cardoso Cavalcante Transportation
2024-10-31 14:48:47 INFO Executing Script - Wait Finish!, 4: Script Running
2024-10-31 14:48:47 INFO RecordID: 080373
2024-10-31 14:48:48 INFO Status: SUCCESS, Code: 1, Detail: Registro alterado com sucesso de Jairo de Faria Barros Filho. Transportation
2024-10-31 14:48:48 INFO Executing Script - Wait Finish!, 5: Script Running
2024-10-31 14:48:48 INFO RecordID: 080374
2024-10-31 14:48:49 INFO Status: SUCCESS, Code: 1, Detail: Registro alterado com sucesso de Cleisson cordeiro dos santos  Transportation
2024-10-31 14:48:49 INFO Executing Script - Wait Finish!, 6: Script Running
2024-10-31 14:48:49 INFO RecordID: 080375
2024-10-31 14:48:50 INFO Status: SUCCESS, Code: 1, Detail: Registro alterado com sucesso de ANA CAROLINE DE BORBA PETROSKI Transportation
2024-10-31 14:48:50 INFO Executing Script - Wait Finish!, 7: Script Running
2024-10-31 14:50:21 INFO File downloaded successfully.200
2024-10-31 14:50:21 INFO Connection successful!
2024-10-31 14:50:21 INFO Brenno  already on SE
2024-10-31 14:50:21 INFO Daniel Bairros Perrone already on SE
2024-10-31 14:50:21 INFO Thaise Cardoso Cavalcante already on SE
2024-10-31 14:50:21 INFO Jairo de Faria Barros Filho. already on SE
2024-10-31 14:50:21 INFO Cleisson cordeiro dos santos  already on SE
2024-10-31 14:50:21 INFO ANA CAROLINE DE BORBA PETROSKI already on SE
2024-10-31 14:50:21 INFO Carlos Eduardo Beluco already on SE
2024-10-31 14:50:21 INFO Kethleen Lanna Lima Pinheiro  already on SE
2024-10-31 14:50:21 INFO Franciele Pagno already on SE
2024-10-31 14:50:21 INFO Pedro Vilson Fernandes Júnior already on SE
2024-10-31 14:50:21 INFO THIAGO CARLOS DE ALENCAR already on SE
2024-10-31 14:50:21 INFO DIANA VALLERY OLIVEIRA MOREIRA already on SE
2024-10-31 14:50:21 INFO PEDRO ANTONIO TESTONI BRUNKEN already on SE
2024-10-31 14:50:21 INFO LEONARDO CARDOSO SANTOS already on SE
2024-10-31 14:50:21 INFO Aline Souza da Luz already on SE
2024-10-31 14:50:21 INFO Maxmaihor Marques already on SE
2024-10-31 14:50:21 INFO Moises Daniel medina abreu already on SE
2024-10-31 14:50:21 INFO Matheus Gonçalves Enes  already on SE
2024-10-31 14:50:21 INFO AMANDA ESPINDOLA GODINHO DOS SANTOS already on SE
2024-10-31 14:50:21 INFO GLEIVIANE DA SILVA COSTA already on SE
2024-10-31 14:50:21 INFO ELUISA EYNG ROMANHA already on SE
2024-10-31 14:50:21 INFO ISABEL CRISTINA LEITE FURTADO already on SE
2024-10-31 14:50:21 INFO EDER JEAN GONÇALVES already on SE
2024-10-31 14:50:21 INFO ANA PAULA ARAUJO DE OLIVEIRA already on SE
2024-10-31 14:50:21 INFO Caroline Vieira Schmidt  already on SE
2024-10-31 14:50:21 INFO Nayara Angélica Struziatto Motta  already on SE
2024-10-31 14:50:21 INFO Rafael de Santana Teixeira Rinaldi already on SE
2024-10-31 14:50:21 INFO João Carlos Bonetti  already on SE
2024-10-31 14:50:21 INFO Patrícia Silva Rodrigues  already on SE
2024-10-31 14:50:21 INFO João Felipe Grosskopf already on SE
2024-10-31 14:50:21 INFO Claudia Jakelin Martinez Carrasquel  already on SE
2024-10-31 14:50:21 INFO RENAN REZENDE already on SE
2024-10-31 14:50:21 INFO Fabiana Sabino de Souza already on SE
2024-10-31 14:50:21 INFO Felipe  Souza already on SE
2024-10-31 14:50:21 INFO Igor Butzke already on SE
2024-10-31 14:50:21 INFO Michel Barboza Burilli  already on SE
2024-10-31 14:50:21 INFO Luiz Filipe Mafra  already on SE
2024-10-31 14:50:21 INFO Lucas Feitosa Silva already on SE
2024-10-31 14:50:21 INFO VALDIR PEDRO SCHWAAB already on SE
2024-10-31 14:50:21 INFO CARLOS EDUARDO DE BARROS already on SE
2024-10-31 14:50:21 INFO VITORIA EMANUELLE BATISTA VIEIRA  already on SE
2024-10-31 14:50:21 INFO VILMA GONÇALVES CORRA SOARES already on SE
2024-10-31 14:50:21 INFO Matheus william Gonçalves  already on SE
2024-10-31 14:50:21 INFO Mychelle Cordeiro de Oliveira already on SE
2024-10-31 14:50:21 INFO Cristiane Francine Tantsch da Silva  already on SE
2024-10-31 14:50:21 INFO Simone dos Santos Luciano  already on SE
2024-10-31 14:50:21 INFO Vitor Quintino  already on SE
2024-10-31 14:50:21 INFO Josicler Turassi  already on SE
2024-10-31 14:50:21 INFO Andreia Costa Sá already on SE
2024-10-31 14:50:21 INFO Tainá Do Nascimento correa dos Santos  already on SE
2024-10-31 14:50:21 INFO Gracilene Abigail de Souza  already on SE
2024-10-31 14:50:21 INFO ADRIANA REGINA HOLZ SELL already on SE
2024-10-31 14:50:21 INFO JHONY DE MORAES already on SE
2024-10-31 14:50:21 INFO Maria Luiza Pavoski Porto already on SE
2024-10-31 14:50:21 INFO Flávia Cheila Ternoski  already on SE
2024-10-31 14:50:21 INFO Patricia Rosa Will already on SE
2024-10-31 14:50:21 INFO Maria Luiza Melo Ferreira  already on SE
2024-10-31 14:50:21 INFO Martinha kruger  already on SE
2024-10-31 14:50:21 INFO Juan Carlos dos Santos  already on SE
2024-10-31 14:50:21 INFO PRISCILA DOS SANTOS MIGUEL already on SE
2024-10-31 14:50:21 INFO Jeferson Sobral  already on SE
2024-10-31 14:50:21 INFO Carine Rodrigues dos Santos  already on SE
2024-10-31 14:50:21 INFO Emmanuel Delfino dos Passos  already on SE
2024-10-31 14:50:21 INFO JAILSON DA SILVA already on SE
2024-10-31 14:50:21 INFO NAYARA MILENE ALVES already on SE
2024-10-31 14:50:21 INFO Maicon Alexandre de Oliveira  already on SE
2024-10-31 14:50:21 INFO Jefferson William Alves da Silva  already on SE
2024-10-31 14:50:21 INFO Cintia Mendes  already on SE
2024-10-31 14:50:21 INFO Eliane mara cercal already on SE
2024-10-31 14:50:21 INFO Juliane Belo Puccinelli already on SE
2024-10-31 14:50:21 INFO Rosana roque da Cunha Silva  already on SE
2024-10-31 14:50:21 INFO Schirley Dellandrea Hoffmann  already on SE
2024-10-31 14:50:21 INFO Karina Carvalho  already on SE
2024-10-31 14:50:21 INFO Wesley Miguel de Amorim already on SE
2024-10-31 14:50:21 INFO Rubens Vitório Lins Batista already on SE
2024-10-31 14:50:21 INFO Elaine Muller  already on SE
2024-10-31 14:50:21 INFO Janaina Fortunato Pereira Lima de Souza  already on SE
2024-10-31 14:50:21 INFO Bruno Eduardo de Souza  already on SE
2024-10-31 14:50:21 INFO Manuela Silva Souza Simão  already on SE
2024-10-31 14:50:21 INFO Marcos Antônio Sandrini already on SE
2024-10-31 14:50:21 INFO Dayana Martins Ramos  already on SE
2024-10-31 14:50:21 INFO Vivian Maria Linhares  already on SE
2024-10-31 14:50:21 INFO Eliete Alves  already on SE
2024-10-31 14:50:21 INFO Themístocles Duarte  already on SE
2024-10-31 14:50:21 INFO Nancy Esperanza Patino Castellanos  already on SE
2024-10-31 14:50:21 INFO Giani Gonçalves  already on SE
2024-10-31 14:50:21 INFO Luiza Karine de Jesus already on SE
2024-10-31 14:50:21 INFO Grazieli ines cervo  already on SE
2024-10-31 14:50:21 INFO Helena Lemos Simon  already on SE
2024-10-31 14:50:21 INFO Alessandra Avelino de Oliveira already on SE
2024-10-31 14:51:08 INFO File downloaded successfully.200
2024-10-31 14:51:08 INFO Connection successful!
2024-10-31 14:51:09 INFO RecordID: 080377
2024-10-31 14:51:09 INFO Status: SUCCESS, Code: 1, Detail: Registro alterado com sucesso de Brenno  Transportation
2024-10-31 14:51:10 INFO RecordID: 080378
2024-10-31 14:51:10 INFO Status: SUCCESS, Code: 1, Detail: Registro alterado com sucesso de Daniel Bairros Perrone Transportation
2024-10-31 14:51:11 INFO RecordID: 080379
2024-10-31 14:51:11 INFO Status: SUCCESS, Code: 1, Detail: Registro alterado com sucesso de Thaise Cardoso Cavalcante Transportation
2024-10-31 14:51:12 INFO RecordID: 080380
2024-10-31 14:51:12 INFO Status: SUCCESS, Code: 1, Detail: Registro alterado com sucesso de Jairo de Faria Barros Filho. Transportation
2024-10-31 14:51:13 INFO RecordID: 080381
2024-10-31 14:51:13 INFO Status: SUCCESS, Code: 1, Detail: Registro alterado com sucesso de Cleisson cordeiro dos santos  Transportation
2024-10-31 14:54:04 INFO File downloaded successfully.200
2024-10-31 14:54:04 INFO Connection successful!
2024-10-31 14:54:05 INFO RecordID: 080383
2024-10-31 14:54:05 INFO Status: SUCCESS, Code: 1, Detail: Registro alterado com sucesso de Brenno  Transportation
2024-10-31 14:54:06 INFO RecordID: 080384
2024-10-31 14:54:06 INFO Status: SUCCESS, Code: 1, Detail: Registro alterado com sucesso de Daniel Bairros Perrone Transportation
2024-10-31 14:54:07 INFO RecordID: 080385
2024-10-31 14:54:07 INFO Status: SUCCESS, Code: 1, Detail: Registro alterado com sucesso de Thaise Cardoso Cavalcante Transportation
2024-10-31 14:54:07 INFO RecordID: 080386
2024-10-31 14:54:08 INFO Status: SUCCESS, Code: 1, Detail: Registro alterado com sucesso de Jairo de Faria Barros Filho. Transportation
2024-10-31 14:54:08 INFO RecordID: 080387
2024-10-31 14:54:08 INFO Status: SUCCESS, Code: 1, Detail: Registro alterado com sucesso de Cleisson cordeiro dos santos  Transportation
2024-10-31 14:54:09 INFO RecordID: 080388
2024-10-31 14:54:09 INFO Status: SUCCESS, Code: 1, Detail: Registro alterado com sucesso de ANA CAROLINE DE BORBA PETROSKI Transportation
2024-10-31 14:54:10 INFO RecordID: 080389
2024-10-31 14:54:10 INFO Status: SUCCESS, Code: 1, Detail: Registro alterado com sucesso de Carlos Eduardo Beluco Transportation
2024-10-31 14:54:11 INFO RecordID: 080390
2024-10-31 14:54:11 INFO Status: SUCCESS, Code: 1, Detail: Registro alterado com sucesso de Kethleen Lanna Lima Pinheiro  Transportation
2024-10-31 14:54:12 INFO RecordID: 080391
2024-10-31 14:54:12 INFO Status: SUCCESS, Code: 1, Detail: Registro alterado com sucesso de Franciele Pagno Transportation
2024-10-31 14:54:13 INFO RecordID: 080392
2024-10-31 14:54:13 INFO Status: SUCCESS, Code: 1, Detail: Registro alterado com sucesso de Pedro Vilson Fernandes Júnior Transportation
2024-10-31 14:54:14 INFO RecordID: 080394
2024-10-31 14:54:14 INFO Status: SUCCESS, Code: 1, Detail: Registro alterado com sucesso de THIAGO CARLOS DE ALENCAR Transportation
2024-10-31 14:54:15 INFO RecordID: 080395
2024-10-31 14:54:16 INFO Status: SUCCESS, Code: 1, Detail: Registro alterado com sucesso de DIANA VALLERY OLIVEIRA MOREIRA Transportation
2024-10-31 14:54:16 INFO RecordID: 080396
2024-10-31 14:54:17 INFO Status: SUCCESS, Code: 1, Detail: Registro alterado com sucesso de PEDRO ANTONIO TESTONI BRUNKEN Transportation
2024-10-31 14:54:17 INFO RecordID: 080397
2024-10-31 14:54:18 INFO Status: SUCCESS, Code: 1, Detail: Registro alterado com sucesso de LEONARDO CARDOSO SANTOS Transportation
2024-10-31 14:54:18 INFO RecordID: 080398
2024-10-31 14:54:19 INFO Status: SUCCESS, Code: 1, Detail: Registro alterado com sucesso de Aline Souza da Luz Transportation
2024-10-31 14:54:19 INFO RecordID: 080399
2024-10-31 14:54:20 INFO Status: SUCCESS, Code: 1, Detail: Registro alterado com sucesso de Maxmaihor Marques Transportation
2024-10-31 14:54:20 INFO RecordID: 080400
2024-10-31 14:54:20 INFO Status: SUCCESS, Code: 1, Detail: Registro alterado com sucesso de Moises Daniel medina abreu Transportation
2024-10-31 14:54:21 INFO RecordID: 080401
2024-10-31 14:54:21 INFO Status: SUCCESS, Code: 1, Detail: Registro alterado com sucesso de Matheus Gonçalves Enes  Transportation
2024-10-31 14:54:22 INFO RecordID: 080402
2024-10-31 14:54:22 INFO Status: SUCCESS, Code: 1, Detail: Registro alterado com sucesso de AMANDA ESPINDOLA GODINHO DOS SANTOS Transportation
2024-10-31 14:54:34 INFO File downloaded successfully.200
2024-10-31 14:54:34 INFO Connection successful!
2024-10-31 14:54:35 INFO RecordID: 080404
2024-10-31 14:54:36 INFO Status: SUCCESS, Code: 1, Detail: Registro alterado com sucesso de Brenno  Transportation
2024-10-31 14:54:36 INFO RecordID: 080405
2024-10-31 14:54:36 INFO Status: SUCCESS, Code: 1, Detail: Registro alterado com sucesso de Daniel Bairros Perrone Transportation
2024-10-31 14:54:37 INFO RecordID: 080406
2024-10-31 14:58:58 INFO File downloaded successfully.200
2024-10-31 14:58:58 INFO Connection successful!
2024-10-31 14:58:59 INFO RecordID: 080413
2024-10-31 14:58:59 INFO Status: SUCCESS, Code: 1, Detail: Registro alterado com sucesso de Brenno  Transportation
2024-10-31 14:59:00 INFO RecordID: 080414
2024-10-31 14:59:01 INFO Status: SUCCESS, Code: 1, Detail: Registro alterado com sucesso de Daniel Bairros Perrone Transportation
2024-10-31 14:59:01 INFO RecordID: 080415
2024-10-31 14:59:02 INFO Status: SUCCESS, Code: 1, Detail: Registro alterado com sucesso de Thaise Cardoso Cavalcante Transportation
2024-10-31 14:59:03 INFO RecordID: 080416
2024-10-31 14:59:03 INFO Status: SUCCESS, Code: 1, Detail: Registro alterado com sucesso de Jairo de Faria Barros Filho. Transportation
