2024-10-29 08:33:57 INFO File downloaded successfully.200
2024-10-29 08:33:58 INFO RecordID: 078182
2024-10-29 08:33:59 INFO Status: FAILURE, Code: -49, Detail: Não foi encontrado um registro através dos filtros informados para o relacionamento [valerefrest] - Transportation
2024-10-29 08:33:59 INFO RecordID: 078183
2024-10-29 08:34:03 INFO Status: SUCCESS, Code: 1, Detail: Registro alterado com sucesso - Transportation
2024-10-29 08:34:03 INFO RecordID: 078184
2024-10-29 08:34:04 INFO Status: SUCCESS, Code: 1, Detail: Registro alterado com sucesso - Transportation
2024-10-29 08:34:04 INFO RecordID: 078185
2024-10-29 08:34:05 INFO Status: SUCCESS, Code: 1, Detail: Registro alterado com sucesso - Transportation
2024-10-29 08:34:05 INFO RecordID: 078186
2024-10-29 08:34:06 INFO Status: FAILURE, Code: -49, Detail: Não foi encontrado um registro através dos filtros informados para o relacionamento [classificacao] - Transportation
2024-10-29 08:34:06 INFO RecordID: 078187
2024-10-29 08:34:07 INFO Status: SUCCESS, Code: 1, Detail: Registro alterado com sucesso - Transportation
2024-10-29 08:34:07 INFO RecordID: 078188
2024-10-29 08:34:08 INFO Status: SUCCESS, Code: 1, Detail: Registro alterado com sucesso - Transportation
2024-10-29 08:34:08 INFO RecordID: 078189
2024-10-29 08:34:09 INFO Status: SUCCESS, Code: 1, Detail: Registro alterado com sucesso - Transportation
2024-10-29 08:34:09 INFO RecordID: 078190
2024-10-29 08:34:10 INFO Status: SUCCESS, Code: 1, Detail: Registro alterado com sucesso - Transportation
2024-10-29 08:34:10 INFO RecordID: 078191
2024-10-29 08:34:11 INFO Status: SUCCESS, Code: 1, Detail: Registro alterado com sucesso - Transportation
2024-10-29 08:34:11 INFO RecordID: 078192
2024-10-29 08:34:12 INFO Status: SUCCESS, Code: 1, Detail: Registro alterado com sucesso - Transportation
2024-10-29 08:34:12 INFO RecordID: 078193
2024-10-29 08:34:13 INFO Status: SUCCESS, Code: 1, Detail: Registro alterado com sucesso - Transportation
2024-10-29 08:34:13 INFO RecordID: 078194
2024-10-29 08:34:13 INFO Status: SUCCESS, Code: 1, Detail: Registro alterado com sucesso - Transportation
2024-10-29 08:34:14 INFO RecordID: 078195
2024-10-29 08:34:14 INFO Status: SUCCESS, Code: 1, Detail: Registro alterado com sucesso - Transportation
2024-10-29 08:34:15 INFO RecordID: 078196
2024-10-29 08:34:16 INFO Status: SUCCESS, Code: 1, Detail: Registro alterado com sucesso - Transportation
2024-10-29 08:34:19 INFO RecordID: 078197
2024-10-29 08:34:19 INFO Status: SUCCESS, Code: 1, Detail: Registro alterado com sucesso - Transportation
2024-10-29 08:34:20 INFO RecordID: 078198
2024-10-29 08:34:21 INFO Status: SUCCESS, Code: 1, Detail: Registro alterado com sucesso - Transportation
2024-10-29 08:34:21 INFO RecordID: 078199
2024-10-29 08:34:21 INFO Status: SUCCESS, Code: 1, Detail: Registro alterado com sucesso - Transportation
2024-10-29 08:34:22 INFO RecordID: 078200
2024-10-29 08:34:23 INFO Status: SUCCESS, Code: 1, Detail: Registro alterado com sucesso - Transportation
2024-10-29 08:34:23 INFO RecordID: 078201
2024-10-29 08:34:24 INFO Status: SUCCESS, Code: 1, Detail: Registro alterado com sucesso - Transportation
2024-10-29 08:34:24 INFO RecordID: 078202
2024-10-29 08:34:24 INFO Status: FAILURE, Code: -4, Detail: Parâmetro [WorkflowID] vazio ou não informado - Transportation
2024-10-29 08:34:25 INFO RecordID: 078203
2024-10-29 08:34:25 INFO Status: SUCCESS, Code: 1, Detail: Registro alterado com sucesso - Transportation
2024-10-29 08:34:26 INFO RecordID: 078204
2024-10-29 08:34:26 INFO Status: SUCCESS, Code: 1, Detail: Registro alterado com sucesso - Transportation
2024-10-29 08:34:27 INFO RecordID: 078205
2024-10-29 08:34:27 INFO Status: SUCCESS, Code: 1, Detail: Registro alterado com sucesso - Transportation
2024-10-29 08:34:28 INFO RecordID: 078206
2024-10-29 08:34:28 INFO Status: SUCCESS, Code: 1, Detail: Registro alterado com sucesso - Transportation
2024-10-29 08:34:28 INFO RecordID: 078207
2024-10-29 08:34:29 INFO Status: SUCCESS, Code: 1, Detail: Registro alterado com sucesso - Transportation
2024-10-29 08:34:29 INFO RecordID: 078208
2024-10-29 08:34:30 INFO Status: SUCCESS, Code: 1, Detail: Registro alterado com sucesso - Transportation
2024-10-29 08:34:30 INFO RecordID: 078209
2024-10-29 08:34:31 INFO Status: SUCCESS, Code: 1, Detail: Registro alterado com sucesso - Transportation
2024-10-29 08:34:31 INFO RecordID: 078210
2024-10-29 08:34:31 INFO Status: SUCCESS, Code: 1, Detail: Registro alterado com sucesso - Transportation
2024-10-29 08:34:32 INFO RecordID: 078211
2024-10-29 08:34:32 INFO Status: SUCCESS, Code: 1, Detail: Registro alterado com sucesso - Transportation
2024-10-29 08:34:33 INFO RecordID: 078212
2024-10-29 08:34:33 INFO Status: SUCCESS, Code: 1, Detail: Registro alterado com sucesso - Transportation
2024-10-29 08:34:34 INFO RecordID: 078213
2024-10-29 08:34:35 INFO Status: SUCCESS, Code: 1, Detail: Registro alterado com sucesso - Transportation
2024-10-29 08:34:35 INFO RecordID: 078214
2024-10-29 08:34:36 INFO Status: SUCCESS, Code: 1, Detail: Registro alterado com sucesso - Transportation
2024-10-29 08:34:36 INFO RecordID: 078215
2024-10-29 08:34:37 INFO Status: SUCCESS, Code: 1, Detail: Registro alterado com sucesso - Transportation
2024-10-29 08:34:37 INFO RecordID: 078216
2024-10-29 08:34:37 INFO Status: SUCCESS, Code: 1, Detail: Registro alterado com sucesso - Transportation
2024-10-29 08:34:38 INFO RecordID: 078217
2024-10-29 08:34:38 INFO Status: SUCCESS, Code: 1, Detail: Registro alterado com sucesso - Transportation
2024-10-29 08:34:39 INFO RecordID: 078218
2024-10-29 08:34:39 INFO Status: SUCCESS, Code: 1, Detail: Registro alterado com sucesso - Transportation
2024-10-29 08:34:40 INFO RecordID: 078219
2024-10-29 08:34:40 INFO Status: SUCCESS, Code: 1, Detail: Registro alterado com sucesso - Transportation
2024-10-29 08:34:41 INFO RecordID: 078220
2024-10-29 08:34:41 INFO Status: SUCCESS, Code: 1, Detail: Registro alterado com sucesso - Transportation
2024-10-29 08:34:42 INFO RecordID: 078221
2024-10-29 08:34:42 INFO Status: SUCCESS, Code: 1, Detail: Registro alterado com sucesso - Transportation
2024-10-29 08:34:43 INFO RecordID: 078222
2024-10-29 08:34:43 INFO Status: SUCCESS, Code: 1, Detail: Registro alterado com sucesso - Transportation
2024-10-29 08:34:44 INFO RecordID: 078223
2024-10-29 08:34:44 INFO Status: SUCCESS, Code: 1, Detail: Registro alterado com sucesso - Transportation
2024-10-29 08:34:44 INFO RecordID: 078224
2024-10-29 08:34:45 INFO Status: SUCCESS, Code: 1, Detail: Registro alterado com sucesso - Transportation
2024-10-29 08:34:45 INFO RecordID: 078225
2024-10-29 08:34:46 INFO Status: SUCCESS, Code: 1, Detail: Registro alterado com sucesso - Transportation
2024-10-29 08:34:46 INFO RecordID: 078226
2024-10-29 08:34:46 INFO Status: SUCCESS, Code: 1, Detail: Registro alterado com sucesso - Transportation
2024-10-29 08:34:47 INFO RecordID: 078227
2024-10-29 08:34:47 INFO Status: SUCCESS, Code: 1, Detail: Registro alterado com sucesso - Transportation
2024-10-29 08:34:48 INFO RecordID: 078228
2024-10-29 08:34:48 INFO Status: SUCCESS, Code: 1, Detail: Registro alterado com sucesso - Transportation
2024-10-29 08:34:49 INFO RecordID: 078229
2024-10-29 08:34:49 INFO Status: SUCCESS, Code: 1, Detail: Registro alterado com sucesso - Transportation
2024-10-29 08:34:50 INFO RecordID: 078230
2024-10-29 08:34:50 INFO Status: SUCCESS, Code: 1, Detail: Registro alterado com sucesso - Transportation
2024-10-29 08:34:50 INFO RecordID: 078231
2024-10-29 08:34:51 INFO Status: SUCCESS, Code: 1, Detail: Registro alterado com sucesso - Transportation
2024-10-29 08:34:51 INFO RecordID: 078232
2024-10-29 08:34:52 INFO Status: SUCCESS, Code: 1, Detail: Registro alterado com sucesso - Transportation
2024-10-29 08:34:52 INFO RecordID: 078233
2024-10-29 08:34:53 INFO Status: SUCCESS, Code: 1, Detail: Registro alterado com sucesso - Transportation
2024-10-29 08:34:53 INFO RecordID: 078234
2024-10-29 08:34:53 INFO Status: SUCCESS, Code: 1, Detail: Registro alterado com sucesso - Transportation
2024-10-29 08:34:54 INFO RecordID: 078235
2024-10-29 08:34:54 INFO Status: SUCCESS, Code: 1, Detail: Registro alterado com sucesso - Transportation
2024-10-29 08:34:55 INFO RecordID: 078236
2024-10-29 08:34:56 INFO Status: SUCCESS, Code: 1, Detail: Registro alterado com sucesso - Transportation
2024-10-29 08:34:56 INFO RecordID: 078237
2024-10-29 08:34:57 INFO Status: SUCCESS, Code: 1, Detail: Registro alterado com sucesso - Transportation
2024-10-29 08:34:57 INFO RecordID: 078238
2024-10-29 08:34:57 INFO Status: SUCCESS, Code: 1, Detail: Registro alterado com sucesso - Transportation
2024-10-29 08:34:58 INFO RecordID: 078239
2024-10-29 08:34:58 INFO Status: SUCCESS, Code: 1, Detail: Registro alterado com sucesso - Transportation
2024-10-29 08:34:59 INFO RecordID: 078240
2024-10-29 08:34:59 INFO Status: SUCCESS, Code: 1, Detail: Registro alterado com sucesso - Transportation
2024-10-29 08:35:00 INFO RecordID: 078241
2024-10-29 08:35:00 INFO Status: SUCCESS, Code: 1, Detail: Registro alterado com sucesso - Transportation
2024-10-29 08:35:01 INFO RecordID: 078242
2024-10-29 08:35:01 INFO Status: SUCCESS, Code: 1, Detail: Registro alterado com sucesso - Transportation
2024-10-29 08:35:02 INFO RecordID: 078243
2024-10-29 08:35:02 INFO Status: SUCCESS, Code: 1, Detail: Registro alterado com sucesso - Transportation
2024-10-29 08:35:03 INFO RecordID: 078244
2024-10-29 08:35:03 INFO Status: SUCCESS, Code: 1, Detail: Registro alterado com sucesso - Transportation
2024-10-29 08:35:04 INFO RecordID: 078245
2024-10-29 08:35:04 INFO Status: SUCCESS, Code: 1, Detail: Registro alterado com sucesso - Transportation
2024-10-29 08:35:05 INFO RecordID: 078246
2024-10-29 08:35:05 INFO Status: SUCCESS, Code: 1, Detail: Registro alterado com sucesso - Transportation
2024-10-29 08:35:06 INFO RecordID: 078247
2024-10-29 08:35:06 INFO Status: SUCCESS, Code: 1, Detail: Registro alterado com sucesso - Transportation
2024-10-29 08:35:07 INFO RecordID: 078248
2024-10-29 08:35:07 INFO Status: SUCCESS, Code: 1, Detail: Registro alterado com sucesso - Transportation
2024-10-29 08:35:08 INFO RecordID: 078249
2024-10-29 08:35:08 INFO Status: SUCCESS, Code: 1, Detail: Registro alterado com sucesso - Transportation
2024-10-29 08:35:08 INFO RecordID: 078250
2024-10-29 08:35:09 INFO Status: FAILURE, Code: -49, Detail: Não foi encontrado um registro através dos filtros informados para o relacionamento [voltariatrab] - Transportation
2024-10-29 08:35:09 INFO RecordID: 078251
2024-10-29 08:35:10 INFO Status: SUCCESS, Code: 1, Detail: Registro alterado com sucesso - Transportation
2024-10-29 08:35:10 INFO RecordID: 078252
2024-10-29 08:35:10 INFO Status: SUCCESS, Code: 1, Detail: Registro alterado com sucesso - Transportation
2024-10-29 08:35:11 INFO RecordID: 078253
2024-10-29 08:35:11 INFO Status: SUCCESS, Code: 1, Detail: Registro alterado com sucesso - Transportation
2024-10-29 08:35:12 INFO RecordID: 078254
2024-10-29 08:35:12 INFO Status: SUCCESS, Code: 1, Detail: Registro alterado com sucesso - Transportation
2024-10-29 08:35:13 INFO RecordID: 078255
2024-10-29 08:35:13 INFO Status: SUCCESS, Code: 1, Detail: Registro alterado com sucesso - Transportation
2024-10-29 08:35:13 INFO RecordID: 078256
2024-10-29 08:35:14 INFO Status: SUCCESS, Code: 1, Detail: Registro alterado com sucesso - Transportation
2024-10-29 08:35:15 INFO RecordID: 078257
2024-10-29 08:35:15 INFO Status: SUCCESS, Code: 1, Detail: Registro alterado com sucesso - Transportation
2024-10-29 08:35:16 INFO RecordID: 078258
2024-10-29 08:35:16 INFO Status: SUCCESS, Code: 1, Detail: Registro alterado com sucesso - Transportation
2024-10-29 08:35:16 INFO RecordID: 078259
2024-10-29 08:35:17 INFO Status: SUCCESS, Code: 1, Detail: Registro alterado com sucesso - Transportation
2024-10-29 08:35:17 INFO RecordID: 078260
2024-10-29 08:35:18 INFO Status: SUCCESS, Code: 1, Detail: Registro alterado com sucesso - Transportation
2024-10-29 08:35:18 INFO RecordID: 078261
2024-10-29 08:35:19 INFO Status: SUCCESS, Code: 1, Detail: Registro alterado com sucesso - Transportation
2024-10-29 08:35:19 INFO RecordID: 078262
2024-10-29 08:35:19 INFO Status: SUCCESS, Code: 1, Detail: Registro alterado com sucesso - Transportation
2024-10-29 08:35:20 INFO RecordID: 078263
2024-10-29 08:35:20 INFO Status: SUCCESS, Code: 1, Detail: Registro alterado com sucesso - Transportation
2024-10-29 08:35:21 INFO RecordID: 078264
2024-10-29 08:35:21 INFO Status: SUCCESS, Code: 1, Detail: Registro alterado com sucesso - Transportation
2024-10-29 08:35:22 INFO RecordID: 078265
2024-10-29 08:35:22 INFO Status: SUCCESS, Code: 1, Detail: Registro alterado com sucesso - Transportation
2024-10-29 08:35:22 INFO RecordID: 078266
2024-10-29 08:35:23 INFO Status: SUCCESS, Code: 1, Detail: Registro alterado com sucesso - Transportation
2024-10-29 08:35:23 INFO RecordID: 078267
2024-10-29 08:35:24 INFO Status: SUCCESS, Code: 1, Detail: Registro alterado com sucesso - Transportation
2024-10-29 08:35:25 INFO RecordID: 078268
2024-10-29 08:35:25 INFO Status: SUCCESS, Code: 1, Detail: Registro alterado com sucesso - Transportation
2024-10-29 08:35:25 INFO RecordID: 078269
2024-10-29 08:35:26 INFO Status: SUCCESS, Code: 1, Detail: Registro alterado com sucesso - Transportation
2024-10-29 08:35:26 INFO RecordID: 078270
2024-10-29 08:35:27 INFO Status: SUCCESS, Code: 1, Detail: Registro alterado com sucesso - Transportation
2024-10-29 08:35:27 INFO RecordID: 078271
2024-10-29 08:35:28 INFO Status: SUCCESS, Code: 1, Detail: Registro alterado com sucesso - Transportation
2024-10-29 08:42:05 INFO File downloaded successfully.200
2024-10-29 08:42:05 ERROR Erro : 'int' object is not callable
2024-10-29 08:42:05 ERROR Erro: 'DatabaseDataReader' object has no attribute 'cursor'
2024-10-29 08:48:52 INFO File downloaded successfully.200
2024-10-29 08:48:52 INFO Connection successful! 
2024-10-29 08:48:52 ERROR Erro: 'DatabaseDataReader' object has no attribute 'cursor'
2024-10-29 08:49:48 INFO File downloaded successfully.200
2024-10-29 08:49:48 INFO Connection successful!
2024-10-29 08:49:49 INFO RecordID: 078272
2024-10-29 08:49:49 INFO Status: FAILURE, Code: -49, Detail: Não foi encontrado um registro através dos filtros informados para o relacionamento [valerefrest] - Transportation
2024-10-29 08:49:50 INFO RecordID: 078273
2024-10-29 08:49:50 INFO Status: SUCCESS, Code: 1, Detail: Registro alterado com sucesso - Transportation
2024-10-29 08:49:50 INFO RecordID: 078274
2024-10-29 08:49:51 INFO Status: SUCCESS, Code: 1, Detail: Registro alterado com sucesso - Transportation
2024-10-29 08:49:51 INFO RecordID: 078275
2024-10-29 08:49:52 INFO Status: SUCCESS, Code: 1, Detail: Registro alterado com sucesso - Transportation
2024-10-29 08:49:52 INFO RecordID: 078276
2024-10-29 08:49:53 INFO Status: FAILURE, Code: -49, Detail: Não foi encontrado um registro através dos filtros informados para o relacionamento [classificacao] - Transportation
2024-10-29 08:49:53 INFO RecordID: 078277
2024-10-29 08:49:53 INFO Status: SUCCESS, Code: 1, Detail: Registro alterado com sucesso - Transportation
2024-10-29 08:49:54 INFO RecordID: 078278
2024-10-29 08:49:54 INFO Status: SUCCESS, Code: 1, Detail: Registro alterado com sucesso - Transportation
2024-10-29 08:49:55 INFO RecordID: 078279
2024-10-29 08:49:55 INFO Status: SUCCESS, Code: 1, Detail: Registro alterado com sucesso - Transportation
2024-10-29 08:49:56 INFO RecordID: 078280
2024-10-29 08:49:56 INFO Status: SUCCESS, Code: 1, Detail: Registro alterado com sucesso - Transportation
2024-10-29 08:49:56 INFO RecordID: 078281
2024-10-29 08:50:00 INFO Status: SUCCESS, Code: 1, Detail: Registro alterado com sucesso - Transportation
2024-10-29 08:50:00 INFO RecordID: 078282
2024-10-29 08:50:01 INFO Status: SUCCESS, Code: 1, Detail: Registro alterado com sucesso - Transportation
2024-10-29 08:50:04 INFO RecordID: 078283
2024-10-29 08:50:05 INFO Status: SUCCESS, Code: 1, Detail: Registro alterado com sucesso - Transportation
2024-10-29 08:50:05 INFO RecordID: 078284
2024-10-29 08:50:06 INFO Status: SUCCESS, Code: 1, Detail: Registro alterado com sucesso - Transportation
2024-10-29 08:50:06 INFO RecordID: 078285
2024-10-29 08:50:07 INFO Status: SUCCESS, Code: 1, Detail: Registro alterado com sucesso - Transportation
2024-10-29 08:50:07 INFO RecordID: 078286
2024-10-29 08:50:07 INFO Status: SUCCESS, Code: 1, Detail: Registro alterado com sucesso - Transportation
2024-10-29 08:50:08 INFO RecordID: 078287
2024-10-29 08:50:08 INFO Status: SUCCESS, Code: 1, Detail: Registro alterado com sucesso - Transportation
2024-10-29 08:50:09 INFO RecordID: 078288
2024-10-29 08:50:09 INFO Status: SUCCESS, Code: 1, Detail: Registro alterado com sucesso - Transportation
2024-10-29 08:50:10 INFO RecordID: 078289
2024-10-29 08:50:10 INFO Status: SUCCESS, Code: 1, Detail: Registro alterado com sucesso - Transportation
2024-10-29 08:50:11 INFO RecordID: 078290
2024-10-29 08:50:11 INFO Status: SUCCESS, Code: 1, Detail: Registro alterado com sucesso - Transportation
2024-10-29 08:50:12 INFO RecordID: 078291
2024-10-29 08:50:12 INFO Status: SUCCESS, Code: 1, Detail: Registro alterado com sucesso - Transportation
2024-10-29 08:50:16 INFO RecordID: 078292
2024-10-29 08:50:16 INFO Status: FAILURE, Code: -4, Detail: Parâmetro [WorkflowID] vazio ou não informado - Transportation
2024-10-29 08:50:16 INFO RecordID: 078293
2024-10-29 08:50:17 INFO Status: SUCCESS, Code: 1, Detail: Registro alterado com sucesso - Transportation
2024-10-29 08:50:17 INFO RecordID: 078294
2024-10-29 08:50:18 INFO Status: SUCCESS, Code: 1, Detail: Registro alterado com sucesso - Transportation
2024-10-29 08:50:18 INFO RecordID: 078295
2024-10-29 08:50:19 INFO Status: SUCCESS, Code: 1, Detail: Registro alterado com sucesso - Transportation
2024-10-29 08:50:20 INFO RecordID: 078296
2024-10-29 08:50:20 INFO Status: SUCCESS, Code: 1, Detail: Registro alterado com sucesso - Transportation
2024-10-29 08:50:21 INFO RecordID: 078297
2024-10-29 08:50:21 INFO Status: SUCCESS, Code: 1, Detail: Registro alterado com sucesso - Transportation
2024-10-29 08:50:21 INFO RecordID: 078298
2024-10-29 08:50:22 INFO Status: SUCCESS, Code: 1, Detail: Registro alterado com sucesso - Transportation
2024-10-29 08:50:22 INFO RecordID: 078299
2024-10-29 08:50:23 INFO Status: SUCCESS, Code: 1, Detail: Registro alterado com sucesso - Transportation
2024-10-29 08:50:23 INFO RecordID: 078300
2024-10-29 08:50:24 INFO Status: SUCCESS, Code: 1, Detail: Registro alterado com sucesso - Transportation
2024-10-29 08:50:24 INFO RecordID: 078301
2024-10-29 08:50:25 INFO Status: SUCCESS, Code: 1, Detail: Registro alterado com sucesso - Transportation
2024-10-29 08:50:25 INFO RecordID: 078302
2024-10-29 08:50:26 INFO Status: SUCCESS, Code: 1, Detail: Registro alterado com sucesso - Transportation
2024-10-29 08:50:26 INFO RecordID: 078303
2024-10-29 08:50:27 INFO Status: SUCCESS, Code: 1, Detail: Registro alterado com sucesso - Transportation
2024-10-29 08:50:27 INFO RecordID: 078304
2024-10-29 08:50:28 INFO Status: SUCCESS, Code: 1, Detail: Registro alterado com sucesso - Transportation
2024-10-29 08:50:29 INFO RecordID: 078305
2024-10-29 08:50:29 INFO Status: SUCCESS, Code: 1, Detail: Registro alterado com sucesso - Transportation
2024-10-29 08:50:30 INFO RecordID: 078306
2024-10-29 08:50:30 INFO Status: SUCCESS, Code: 1, Detail: Registro alterado com sucesso - Transportation
2024-10-29 08:50:31 INFO RecordID: 078307
2024-10-29 08:50:31 INFO Status: SUCCESS, Code: 1, Detail: Registro alterado com sucesso - Transportation
2024-10-29 08:50:32 INFO RecordID: 078308
2024-10-29 08:50:32 INFO Status: SUCCESS, Code: 1, Detail: Registro alterado com sucesso - Transportation
2024-10-29 08:50:33 INFO RecordID: 078309
2024-10-29 08:50:33 INFO Status: SUCCESS, Code: 1, Detail: Registro alterado com sucesso - Transportation
2024-10-29 08:50:33 INFO RecordID: 078310
2024-10-29 08:50:34 INFO Status: SUCCESS, Code: 1, Detail: Registro alterado com sucesso - Transportation
2024-10-29 08:50:34 INFO RecordID: 078311
2024-10-29 08:50:35 INFO Status: SUCCESS, Code: 1, Detail: Registro alterado com sucesso - Transportation
2024-10-29 08:50:35 INFO RecordID: 078312
2024-10-29 08:50:35 INFO Status: SUCCESS, Code: 1, Detail: Registro alterado com sucesso - Transportation
2024-10-29 08:50:36 INFO RecordID: 078313
2024-10-29 08:50:36 INFO Status: SUCCESS, Code: 1, Detail: Registro alterado com sucesso - Transportation
2024-10-29 08:50:37 INFO RecordID: 078314
2024-10-29 08:50:37 INFO Status: SUCCESS, Code: 1, Detail: Registro alterado com sucesso - Transportation
2024-10-29 08:50:41 INFO RecordID: 078315
2024-10-29 08:50:41 INFO Status: SUCCESS, Code: 1, Detail: Registro alterado com sucesso - Transportation
2024-10-29 08:50:42 INFO RecordID: 078316
2024-10-29 08:50:42 INFO Status: SUCCESS, Code: 1, Detail: Registro alterado com sucesso - Transportation
2024-10-29 08:50:42 INFO RecordID: 078317
2024-10-29 08:50:43 INFO Status: SUCCESS, Code: 1, Detail: Registro alterado com sucesso - Transportation
2024-10-29 08:50:43 INFO RecordID: 078318
2024-10-29 08:50:44 INFO Status: SUCCESS, Code: 1, Detail: Registro alterado com sucesso - Transportation
2024-10-29 08:50:44 INFO RecordID: 078319
2024-10-29 08:50:45 INFO Status: SUCCESS, Code: 1, Detail: Registro alterado com sucesso - Transportation
2024-10-29 08:50:45 INFO RecordID: 078320
2024-10-29 08:50:46 INFO Status: SUCCESS, Code: 1, Detail: Registro alterado com sucesso - Transportation
2024-10-29 08:50:46 INFO RecordID: 078321
2024-10-29 08:50:46 INFO Status: SUCCESS, Code: 1, Detail: Registro alterado com sucesso - Transportation
2024-10-29 08:50:47 INFO RecordID: 078322
2024-10-29 08:50:47 INFO Status: SUCCESS, Code: 1, Detail: Registro alterado com sucesso - Transportation
2024-10-29 08:50:48 INFO RecordID: 078323
2024-10-29 08:50:48 INFO Status: SUCCESS, Code: 1, Detail: Registro alterado com sucesso - Transportation
2024-10-29 08:50:49 INFO RecordID: 078324
2024-10-29 08:50:49 INFO Status: SUCCESS, Code: 1, Detail: Registro alterado com sucesso - Transportation
2024-10-29 08:50:50 INFO RecordID: 078325
2024-10-29 08:50:50 INFO Status: SUCCESS, Code: 1, Detail: Registro alterado com sucesso - Transportation
2024-10-29 08:50:51 INFO RecordID: 078326
2024-10-29 08:50:51 INFO Status: SUCCESS, Code: 1, Detail: Registro alterado com sucesso - Transportation
2024-10-29 08:50:51 INFO RecordID: 078327
2024-10-29 08:50:52 INFO Status: SUCCESS, Code: 1, Detail: Registro alterado com sucesso - Transportation
2024-10-29 08:50:52 INFO RecordID: 078328
2024-10-29 08:50:52 INFO Status: SUCCESS, Code: 1, Detail: Registro alterado com sucesso - Transportation
2024-10-29 08:50:53 INFO RecordID: 078329
2024-10-29 08:50:53 INFO Status: SUCCESS, Code: 1, Detail: Registro alterado com sucesso - Transportation
2024-10-29 08:50:54 INFO RecordID: 078330
2024-10-29 08:50:54 INFO Status: SUCCESS, Code: 1, Detail: Registro alterado com sucesso - Transportation
2024-10-29 08:50:54 INFO RecordID: 078331
2024-10-29 08:50:55 INFO Status: SUCCESS, Code: 1, Detail: Registro alterado com sucesso - Transportation
2024-10-29 08:50:55 INFO RecordID: 078332
2024-10-29 08:50:56 INFO Status: SUCCESS, Code: 1, Detail: Registro alterado com sucesso - Transportation
2024-10-29 08:50:56 INFO RecordID: 078333
2024-10-29 08:50:56 INFO Status: SUCCESS, Code: 1, Detail: Registro alterado com sucesso - Transportation
2024-10-29 08:50:57 INFO RecordID: 078334
2024-10-29 08:50:57 INFO Status: SUCCESS, Code: 1, Detail: Registro alterado com sucesso - Transportation
2024-10-29 08:50:58 INFO RecordID: 078335
2024-10-29 08:50:58 INFO Status: SUCCESS, Code: 1, Detail: Registro alterado com sucesso - Transportation
2024-10-29 08:50:59 INFO RecordID: 078336
2024-10-29 08:50:59 INFO Status: SUCCESS, Code: 1, Detail: Registro alterado com sucesso - Transportation
2024-10-29 08:50:59 INFO RecordID: 078337
2024-10-29 08:51:00 INFO Status: SUCCESS, Code: 1, Detail: Registro alterado com sucesso - Transportation
2024-10-29 08:51:00 INFO RecordID: 078338
2024-10-29 08:51:01 INFO Status: SUCCESS, Code: 1, Detail: Registro alterado com sucesso - Transportation
2024-10-29 08:51:01 INFO RecordID: 078339
2024-10-29 08:51:01 INFO Status: SUCCESS, Code: 1, Detail: Registro alterado com sucesso - Transportation
2024-10-29 08:51:02 INFO RecordID: 078340
2024-10-29 08:51:05 INFO Status: FAILURE, Code: -49, Detail: Não foi encontrado um registro através dos filtros informados para o relacionamento [voltariatrab] - Transportation
2024-10-29 08:51:06 INFO RecordID: 078341
2024-10-29 08:51:06 INFO Status: SUCCESS, Code: 1, Detail: Registro alterado com sucesso - Transportation
2024-10-29 08:51:07 INFO RecordID: 078342
2024-10-29 08:51:07 INFO Status: SUCCESS, Code: 1, Detail: Registro alterado com sucesso - Transportation
2024-10-29 08:51:08 INFO RecordID: 078343
2024-10-29 08:51:08 INFO Status: SUCCESS, Code: 1, Detail: Registro alterado com sucesso - Transportation
2024-10-29 08:51:09 INFO RecordID: 078344
2024-10-29 08:51:09 INFO Status: SUCCESS, Code: 1, Detail: Registro alterado com sucesso - Transportation
2024-10-29 08:51:10 INFO RecordID: 078345
2024-10-29 08:51:10 INFO Status: SUCCESS, Code: 1, Detail: Registro alterado com sucesso - Transportation
2024-10-29 08:51:11 INFO RecordID: 078346
2024-10-29 08:51:11 INFO Status: SUCCESS, Code: 1, Detail: Registro alterado com sucesso - Transportation
2024-10-29 08:51:12 INFO RecordID: 078347
2024-10-29 08:51:12 INFO Status: SUCCESS, Code: 1, Detail: Registro alterado com sucesso - Transportation
2024-10-29 08:51:13 INFO RecordID: 078348
2024-10-29 08:51:13 INFO Status: SUCCESS, Code: 1, Detail: Registro alterado com sucesso - Transportation
2024-10-29 08:51:13 INFO RecordID: 078349
2024-10-29 08:51:14 INFO Status: SUCCESS, Code: 1, Detail: Registro alterado com sucesso - Transportation
2024-10-29 08:51:15 INFO RecordID: 078350
2024-10-29 08:51:15 INFO Status: SUCCESS, Code: 1, Detail: Registro alterado com sucesso - Transportation
2024-10-29 08:51:15 INFO RecordID: 078351
2024-10-29 08:51:16 INFO Status: SUCCESS, Code: 1, Detail: Registro alterado com sucesso - Transportation
2024-10-29 08:51:16 INFO RecordID: 078352
2024-10-29 08:51:17 INFO Status: SUCCESS, Code: 1, Detail: Registro alterado com sucesso - Transportation
2024-10-29 08:51:17 INFO RecordID: 078353
2024-10-29 08:51:17 INFO Status: SUCCESS, Code: 1, Detail: Registro alterado com sucesso - Transportation
2024-10-29 08:51:18 INFO RecordID: 078354
2024-10-29 08:51:18 INFO Status: SUCCESS, Code: 1, Detail: Registro alterado com sucesso - Transportation
2024-10-29 08:51:19 INFO RecordID: 078355
2024-10-29 08:51:19 INFO Status: SUCCESS, Code: 1, Detail: Registro alterado com sucesso - Transportation
2024-10-29 08:51:20 INFO RecordID: 078356
2024-10-29 08:51:20 INFO Status: SUCCESS, Code: 1, Detail: Registro alterado com sucesso - Transportation
2024-10-29 08:51:21 INFO RecordID: 078357
2024-10-29 08:51:21 INFO Status: SUCCESS, Code: 1, Detail: Registro alterado com sucesso - Transportation
2024-10-29 08:51:22 INFO RecordID: 078358
2024-10-29 08:51:22 INFO Status: SUCCESS, Code: 1, Detail: Registro alterado com sucesso - Transportation
2024-10-29 08:51:22 INFO RecordID: 078359
2024-10-29 08:51:23 INFO Status: SUCCESS, Code: 1, Detail: Registro alterado com sucesso - Transportation
2024-10-29 08:51:23 INFO RecordID: 078360
2024-10-29 08:51:24 INFO Status: SUCCESS, Code: 1, Detail: Registro alterado com sucesso - Transportation
2024-10-29 08:51:24 INFO RecordID: 078361
2024-10-29 08:51:24 INFO Status: SUCCESS, Code: 1, Detail: Registro alterado com sucesso - Transportation
2024-10-29 08:54:45 INFO File downloaded successfully.200
2024-10-29 08:54:46 INFO Connection successful!
2024-10-29 08:54:47 INFO RecordID: 078362
2024-10-29 08:54:47 INFO Status: FAILURE, Code: -49, Detail: Não foi encontrado um registro através dos filtros informados para o relacionamento [valerefrest] - Transportation
2024-10-29 08:54:47 INFO RecordID: 078363
2024-10-29 08:54:48 INFO Status: SUCCESS, Code: 1, Detail: Registro alterado com sucesso - Transportation
2024-10-29 08:54:48 INFO RecordID: 078364
2024-10-29 08:54:49 INFO Status: SUCCESS, Code: 1, Detail: Registro alterado com sucesso - Transportation
2024-10-29 08:54:49 INFO RecordID: 078365
2024-10-29 08:54:50 INFO Status: SUCCESS, Code: 1, Detail: Registro alterado com sucesso - Transportation
2024-10-29 08:54:50 INFO RecordID: 078366
2024-10-29 08:54:51 INFO Status: FAILURE, Code: -49, Detail: Não foi encontrado um registro através dos filtros informados para o relacionamento [classificacao] - Transportation
2024-10-29 08:54:52 INFO RecordID: 078367
2024-10-29 08:54:55 INFO Status: SUCCESS, Code: 1, Detail: Registro alterado com sucesso - Transportation
2024-10-29 08:54:56 INFO RecordID: 078368
2024-10-29 08:54:56 INFO Status: SUCCESS, Code: 1, Detail: Registro alterado com sucesso - Transportation
2024-10-29 08:54:57 INFO RecordID: 078369
2024-10-29 08:54:57 INFO Status: SUCCESS, Code: 1, Detail: Registro alterado com sucesso - Transportation
2024-10-29 08:54:58 INFO RecordID: 078370
2024-10-29 08:54:58 INFO Status: SUCCESS, Code: 1, Detail: Registro alterado com sucesso - Transportation
2024-10-29 08:54:58 INFO RecordID: 078371
2024-10-29 08:54:59 INFO Status: SUCCESS, Code: 1, Detail: Registro alterado com sucesso - Transportation
2024-10-29 08:54:59 INFO RecordID: 078372
2024-10-29 08:55:00 INFO Status: SUCCESS, Code: 1, Detail: Registro alterado com sucesso - Transportation
2024-10-29 08:55:00 INFO RecordID: 078373
2024-10-29 08:55:01 INFO Status: SUCCESS, Code: 1, Detail: Registro alterado com sucesso - Transportation
2024-10-29 08:55:01 INFO RecordID: 078374
2024-10-29 08:55:01 INFO Status: SUCCESS, Code: 1, Detail: Registro alterado com sucesso - Transportation
2024-10-29 08:55:02 INFO RecordID: 078375
2024-10-29 08:55:02 INFO Status: SUCCESS, Code: 1, Detail: Registro alterado com sucesso - Transportation
2024-10-29 08:55:03 INFO RecordID: 078376
2024-10-29 08:55:03 INFO Status: SUCCESS, Code: 1, Detail: Registro alterado com sucesso - Transportation
2024-10-29 08:55:04 INFO RecordID: 078377
2024-10-29 08:55:04 INFO Status: SUCCESS, Code: 1, Detail: Registro alterado com sucesso - Transportation
2024-10-29 08:55:05 INFO RecordID: 078378
2024-10-29 08:55:05 INFO Status: SUCCESS, Code: 1, Detail: Registro alterado com sucesso - Transportation
2024-10-29 08:55:05 INFO RecordID: 078379
2024-10-29 08:55:06 INFO Status: SUCCESS, Code: 1, Detail: Registro alterado com sucesso - Transportation
2024-10-29 08:55:06 INFO RecordID: 078380
2024-10-29 08:55:07 INFO Status: SUCCESS, Code: 1, Detail: Registro alterado com sucesso - Transportation
2024-10-29 08:55:07 INFO RecordID: 078381
2024-10-29 08:55:08 INFO Status: SUCCESS, Code: 1, Detail: Registro alterado com sucesso - Transportation
2024-10-29 08:55:08 INFO RecordID: 078382
2024-10-29 08:55:08 INFO Status: FAILURE, Code: -4, Detail: Parâmetro [WorkflowID] vazio ou não informado - Transportation
2024-10-29 08:55:09 INFO RecordID: 078383
2024-10-29 08:55:09 INFO Status: SUCCESS, Code: 1, Detail: Registro alterado com sucesso - Transportation
2024-10-29 08:55:10 INFO RecordID: 078384
2024-10-29 08:55:10 INFO Status: SUCCESS, Code: 1, Detail: Registro alterado com sucesso - Transportation
2024-10-29 08:55:11 INFO RecordID: 078385
2024-10-29 08:55:11 INFO Status: SUCCESS, Code: 1, Detail: Registro alterado com sucesso - Transportation
2024-10-29 08:55:11 INFO RecordID: 078386
2024-10-29 08:55:12 INFO Status: SUCCESS, Code: 1, Detail: Registro alterado com sucesso - Transportation
2024-10-29 08:55:13 INFO RecordID: 078387
2024-10-29 08:55:13 INFO Status: SUCCESS, Code: 1, Detail: Registro alterado com sucesso - Transportation
2024-10-29 08:55:13 INFO RecordID: 078388
2024-10-29 08:55:14 INFO Status: SUCCESS, Code: 1, Detail: Registro alterado com sucesso - Transportation
2024-10-29 08:55:14 INFO RecordID: 078389
2024-10-29 08:55:15 INFO Status: SUCCESS, Code: 1, Detail: Registro alterado com sucesso - Transportation
2024-10-29 08:55:15 INFO RecordID: 078390
2024-10-29 08:55:16 INFO Status: SUCCESS, Code: 1, Detail: Registro alterado com sucesso - Transportation
2024-10-29 08:55:16 INFO RecordID: 078391
2024-10-29 08:55:17 INFO Status: SUCCESS, Code: 1, Detail: Registro alterado com sucesso - Transportation
2024-10-29 08:55:17 INFO RecordID: 078392
2024-10-29 08:55:17 INFO Status: SUCCESS, Code: 1, Detail: Registro alterado com sucesso - Transportation
2024-10-29 08:55:18 INFO RecordID: 078393
2024-10-29 08:55:18 INFO Status: SUCCESS, Code: 1, Detail: Registro alterado com sucesso - Transportation
2024-10-29 08:55:19 INFO RecordID: 078394
2024-10-29 08:55:19 INFO Status: SUCCESS, Code: 1, Detail: Registro alterado com sucesso - Transportation
2024-10-29 08:55:20 INFO RecordID: 078395
2024-10-29 08:55:20 INFO Status: SUCCESS, Code: 1, Detail: Registro alterado com sucesso - Transportation
2024-10-29 08:55:21 INFO RecordID: 078396
2024-10-29 08:55:22 INFO Status: SUCCESS, Code: 1, Detail: Registro alterado com sucesso - Transportation
2024-10-29 08:55:23 INFO RecordID: 078397
2024-10-29 08:55:23 INFO Status: SUCCESS, Code: 1, Detail: Registro alterado com sucesso - Transportation
2024-10-29 08:55:24 INFO RecordID: 078398
2024-10-29 08:55:24 INFO Status: SUCCESS, Code: 1, Detail: Registro alterado com sucesso - Transportation
2024-10-29 08:55:25 INFO RecordID: 078399
2024-10-29 08:55:25 INFO Status: SUCCESS, Code: 1, Detail: Registro alterado com sucesso - Transportation
2024-10-29 08:55:26 INFO RecordID: 078400
2024-10-29 08:55:26 INFO Status: SUCCESS, Code: 1, Detail: Registro alterado com sucesso - Transportation
2024-10-29 08:55:27 INFO RecordID: 078401
2024-10-29 08:55:27 INFO Status: SUCCESS, Code: 1, Detail: Registro alterado com sucesso - Transportation
2024-10-29 08:55:28 INFO RecordID: 078402
2024-10-29 08:55:28 INFO Status: SUCCESS, Code: 1, Detail: Registro alterado com sucesso - Transportation
2024-10-29 08:55:29 INFO RecordID: 078403
2024-10-29 08:55:29 INFO Status: SUCCESS, Code: 1, Detail: Registro alterado com sucesso - Transportation
2024-10-29 08:55:30 INFO RecordID: 078404
2024-10-29 08:55:30 INFO Status: SUCCESS, Code: 1, Detail: Registro alterado com sucesso - Transportation
2024-10-29 08:55:31 INFO RecordID: 078405
2024-10-29 08:55:31 INFO Status: SUCCESS, Code: 1, Detail: Registro alterado com sucesso - Transportation
2024-10-29 08:55:32 INFO RecordID: 078406
2024-10-29 08:55:32 INFO Status: SUCCESS, Code: 1, Detail: Registro alterado com sucesso - Transportation
2024-10-29 08:55:33 INFO RecordID: 078407
2024-10-29 08:55:33 INFO Status: SUCCESS, Code: 1, Detail: Registro alterado com sucesso - Transportation
2024-10-29 08:55:34 INFO RecordID: 078408
2024-10-29 08:55:34 INFO Status: SUCCESS, Code: 1, Detail: Registro alterado com sucesso - Transportation
2024-10-29 08:55:35 INFO RecordID: 078409
2024-10-29 08:55:35 INFO Status: SUCCESS, Code: 1, Detail: Registro alterado com sucesso - Transportation
2024-10-29 08:55:36 INFO RecordID: 078410
2024-10-29 08:55:36 INFO Status: SUCCESS, Code: 1, Detail: Registro alterado com sucesso - Transportation
2024-10-29 08:55:37 INFO RecordID: 078411
2024-10-29 08:55:37 INFO Status: SUCCESS, Code: 1, Detail: Registro alterado com sucesso - Transportation
2024-10-29 08:55:37 INFO RecordID: 078412
2024-10-29 08:55:38 INFO Status: SUCCESS, Code: 1, Detail: Registro alterado com sucesso - Transportation
2024-10-29 08:55:38 INFO RecordID: 078413
2024-10-29 08:55:39 INFO Status: SUCCESS, Code: 1, Detail: Registro alterado com sucesso - Transportation
2024-10-29 08:55:39 INFO RecordID: 078414
2024-10-29 08:55:40 INFO Status: SUCCESS, Code: 1, Detail: Registro alterado com sucesso - Transportation
2024-10-29 08:55:40 INFO RecordID: 078415
2024-10-29 08:55:40 INFO Status: SUCCESS, Code: 1, Detail: Registro alterado com sucesso - Transportation
2024-10-29 08:55:41 INFO RecordID: 078416
2024-10-29 08:55:41 INFO Status: SUCCESS, Code: 1, Detail: Registro alterado com sucesso - Transportation
2024-10-29 08:55:42 INFO RecordID: 078417
2024-10-29 08:55:42 INFO Status: SUCCESS, Code: 1, Detail: Registro alterado com sucesso - Transportation
2024-10-29 08:55:43 INFO RecordID: 078418
2024-10-29 08:55:43 INFO Status: SUCCESS, Code: 1, Detail: Registro alterado com sucesso - Transportation
2024-10-29 08:55:44 INFO RecordID: 078419
2024-10-29 08:55:44 INFO Status: SUCCESS, Code: 1, Detail: Registro alterado com sucesso - Transportation
2024-10-29 08:55:45 INFO RecordID: 078420
2024-10-29 08:55:45 INFO Status: SUCCESS, Code: 1, Detail: Registro alterado com sucesso - Transportation
2024-10-29 08:55:46 INFO RecordID: 078421
2024-10-29 08:55:46 INFO Status: SUCCESS, Code: 1, Detail: Registro alterado com sucesso - Transportation
2024-10-29 08:55:47 INFO RecordID: 078422
2024-10-29 08:55:47 INFO Status: SUCCESS, Code: 1, Detail: Registro alterado com sucesso - Transportation
2024-10-29 08:55:47 INFO RecordID: 078423
2024-10-29 08:55:48 INFO Status: SUCCESS, Code: 1, Detail: Registro alterado com sucesso - Transportation
2024-10-29 08:55:48 INFO RecordID: 078424
2024-10-29 08:55:49 INFO Status: SUCCESS, Code: 1, Detail: Registro alterado com sucesso - Transportation
2024-10-29 08:55:49 INFO RecordID: 078425
2024-10-29 08:55:49 INFO Status: SUCCESS, Code: 1, Detail: Registro alterado com sucesso - Transportation
2024-10-29 08:55:50 INFO RecordID: 078426
2024-10-29 08:55:50 INFO Status: SUCCESS, Code: 1, Detail: Registro alterado com sucesso - Transportation
2024-10-29 08:55:51 INFO RecordID: 078427
2024-10-29 08:55:51 INFO Status: SUCCESS, Code: 1, Detail: Registro alterado com sucesso - Transportation
2024-10-29 08:55:52 INFO RecordID: 078428
2024-10-29 08:55:52 INFO Status: SUCCESS, Code: 1, Detail: Registro alterado com sucesso - Transportation
2024-10-29 08:55:53 INFO RecordID: 078429
2024-10-29 08:55:53 INFO Status: SUCCESS, Code: 1, Detail: Registro alterado com sucesso - Transportation
2024-10-29 08:55:54 INFO RecordID: 078430
2024-10-29 08:55:54 INFO Status: FAILURE, Code: -49, Detail: Não foi encontrado um registro através dos filtros informados para o relacionamento [voltariatrab] - Transportation
2024-10-29 08:55:54 INFO RecordID: 078431
2024-10-29 08:55:55 INFO Status: SUCCESS, Code: 1, Detail: Registro alterado com sucesso - Transportation
2024-10-29 08:55:55 INFO RecordID: 078432
2024-10-29 08:55:55 INFO Status: SUCCESS, Code: 1, Detail: Registro alterado com sucesso - Transportation
2024-10-29 08:55:56 INFO RecordID: 078433
2024-10-29 08:55:56 INFO Status: SUCCESS, Code: 1, Detail: Registro alterado com sucesso - Transportation
2024-10-29 08:55:57 INFO RecordID: 078434
2024-10-29 08:55:57 INFO Status: SUCCESS, Code: 1, Detail: Registro alterado com sucesso - Transportation
2024-10-29 08:55:58 INFO RecordID: 078435
2024-10-29 08:55:58 INFO Status: SUCCESS, Code: 1, Detail: Registro alterado com sucesso - Transportation
2024-10-29 08:55:59 INFO RecordID: 078436
2024-10-29 08:55:59 INFO Status: SUCCESS, Code: 1, Detail: Registro alterado com sucesso - Transportation
2024-10-29 08:56:00 INFO RecordID: 078437
2024-10-29 08:56:00 INFO Status: SUCCESS, Code: 1, Detail: Registro alterado com sucesso - Transportation
2024-10-29 08:56:00 INFO RecordID: 078438
2024-10-29 08:56:01 INFO Status: SUCCESS, Code: 1, Detail: Registro alterado com sucesso - Transportation
2024-10-29 08:56:01 INFO RecordID: 078439
2024-10-29 08:56:02 INFO Status: SUCCESS, Code: 1, Detail: Registro alterado com sucesso - Transportation
2024-10-29 08:56:02 INFO RecordID: 078440
2024-10-29 08:56:03 INFO Status: SUCCESS, Code: 1, Detail: Registro alterado com sucesso - Transportation
2024-10-29 08:56:03 INFO RecordID: 078441
2024-10-29 08:56:03 INFO Status: SUCCESS, Code: 1, Detail: Registro alterado com sucesso - Transportation
2024-10-29 08:56:04 INFO RecordID: 078442
2024-10-29 08:56:04 INFO Status: SUCCESS, Code: 1, Detail: Registro alterado com sucesso - Transportation
2024-10-29 08:56:05 INFO RecordID: 078443
2024-10-29 08:56:05 INFO Status: SUCCESS, Code: 1, Detail: Registro alterado com sucesso - Transportation
2024-10-29 08:56:06 INFO RecordID: 078444
2024-10-29 08:56:06 INFO Status: SUCCESS, Code: 1, Detail: Registro alterado com sucesso - Transportation
2024-10-29 08:56:06 INFO RecordID: 078445
2024-10-29 08:56:07 INFO Status: SUCCESS, Code: 1, Detail: Registro alterado com sucesso - Transportation
2024-10-29 08:56:07 INFO RecordID: 078446
2024-10-29 08:56:08 INFO Status: SUCCESS, Code: 1, Detail: Registro alterado com sucesso - Transportation
2024-10-29 08:56:08 INFO RecordID: 078447
2024-10-29 08:56:08 INFO Status: SUCCESS, Code: 1, Detail: Registro alterado com sucesso - Transportation
2024-10-29 08:56:09 INFO RecordID: 078448
2024-10-29 08:56:09 INFO Status: SUCCESS, Code: 1, Detail: Registro alterado com sucesso - Transportation
2024-10-29 08:56:10 INFO RecordID: 078449
2024-10-29 08:56:10 INFO Status: SUCCESS, Code: 1, Detail: Registro alterado com sucesso - Transportation
2024-10-29 08:56:11 INFO RecordID: 078450
2024-10-29 08:56:11 INFO Status: SUCCESS, Code: 1, Detail: Registro alterado com sucesso - Transportation
2024-10-29 08:56:11 INFO RecordID: 078451
2024-10-29 08:56:12 INFO Status: SUCCESS, Code: 1, Detail: Registro alterado com sucesso - Transportation
2024-10-29 08:56:12 INFO RecordID: 078452
2024-10-29 08:56:13 INFO Status: SUCCESS, Code: 1, Detail: Registro alterado com sucesso - Transportation
2024-10-29 08:59:39 INFO <Response [200]>
2024-10-29 08:59:39 INFO File downloaded successfully.200
2024-10-29 08:59:39 INFO Connection successful!
2024-10-29 08:59:40 INFO RecordID: 078453
2024-10-29 08:59:40 INFO Status: FAILURE, Code: -49, Detail: Não foi encontrado um registro através dos filtros informados para o relacionamento [valerefrest] - Transportation
2024-10-29 08:59:41 INFO RecordID: 078454
2024-10-29 08:59:41 INFO Status: SUCCESS, Code: 1, Detail: Registro alterado com sucesso - Transportation
2024-10-29 08:59:42 INFO RecordID: 078455
2024-10-29 08:59:42 INFO Status: SUCCESS, Code: 1, Detail: Registro alterado com sucesso - Transportation
2024-10-29 08:59:43 INFO RecordID: 078456
2024-10-29 08:59:43 INFO Status: SUCCESS, Code: 1, Detail: Registro alterado com sucesso - Transportation
2024-10-29 08:59:43 INFO RecordID: 078457
2024-10-29 08:59:44 INFO Status: FAILURE, Code: -49, Detail: Não foi encontrado um registro através dos filtros informados para o relacionamento [classificacao] - Transportation
2024-10-29 08:59:44 INFO RecordID: 078458
2024-10-29 08:59:45 INFO Status: SUCCESS, Code: 1, Detail: Registro alterado com sucesso - Transportation
2024-10-29 08:59:45 INFO RecordID: 078459
2024-10-29 08:59:46 INFO Status: SUCCESS, Code: 1, Detail: Registro alterado com sucesso - Transportation
2024-10-29 08:59:46 INFO RecordID: 078460
2024-10-29 08:59:47 INFO Status: SUCCESS, Code: 1, Detail: Registro alterado com sucesso - Transportation
2024-10-29 08:59:47 INFO RecordID: 078461
2024-10-29 08:59:48 INFO Status: SUCCESS, Code: 1, Detail: Registro alterado com sucesso - Transportation
2024-10-29 08:59:48 INFO RecordID: 078462
2024-10-29 08:59:48 INFO Status: SUCCESS, Code: 1, Detail: Registro alterado com sucesso - Transportation
2024-10-29 08:59:49 INFO RecordID: 078463
2024-10-29 08:59:49 INFO Status: SUCCESS, Code: 1, Detail: Registro alterado com sucesso - Transportation
2024-10-29 08:59:50 INFO RecordID: 078464
2024-10-29 08:59:50 INFO Status: SUCCESS, Code: 1, Detail: Registro alterado com sucesso - Transportation
2024-10-29 08:59:51 INFO RecordID: 078465
2024-10-29 08:59:51 INFO Status: SUCCESS, Code: 1, Detail: Registro alterado com sucesso - Transportation
2024-10-29 08:59:51 INFO RecordID: 078466
2024-10-29 08:59:52 INFO Status: SUCCESS, Code: 1, Detail: Registro alterado com sucesso - Transportation
2024-10-29 08:59:52 INFO RecordID: 078467
2024-10-29 08:59:52 INFO Status: SUCCESS, Code: 1, Detail: Registro alterado com sucesso - Transportation
2024-10-29 08:59:53 INFO RecordID: 078468
2024-10-29 08:59:53 INFO Status: SUCCESS, Code: 1, Detail: Registro alterado com sucesso - Transportation
2024-10-29 08:59:54 INFO RecordID: 078469
2024-10-29 09:00:04 INFO {"@odata.context":"https://graph.microsoft.com/v1.0/$metadata#Collection(driveItem)/$entity","@microsoft.graph.downloadUrl":"https://fgmjvl-my.sharepoint.com/personal/tahiz_lopes_fgmdentalgroup_com/_layouts/15/download.aspx?UniqueId=8e9d722a-93b5-46fc-bb0b-337634f5f0ef&Translate=false&tempauth=v1.eyJzaXRlaWQiOiIyNDVkYmZmZC1lZGJiLTQ2NTgtOTE5MC02NDkyNzVjODEzZjIiLCJhcHBfZGlzcGxheW5hbWUiOiJJbnRlZ3Jhw6fDo28gU0UiLCJhdWQiOiIwMDAwMDAwMy0wMDAwLTBmZjEtY2UwMC0wMDAwMDAwMDAwMDAvZmdtanZsLW15LnNoYXJlcG9pbnQuY29tQGUyMjBkMzY5LWU2YTgtNDEyNi04M2VmLWI0YjZiYmZkOTM2NyIsImV4cCI6IjE3MzAyMDY4MDQifQ.CgoKBHNuaWQSAjY0EgsIxJWuouiGvD0QBRoMNDAuMTI2LjQ1LjI3KixUcDhoSkV1LzJHZ29CbHdHRGlxZXBzOE9OUzVJRmxIRTNXNlBEM2haRkxVPTCgATgBQhChXqUpSrAAYL8hO5wGYWTiShBoYXNoZWRwcm9vZnRva2VuegExugEsYWxsc2l0ZXMucmVhZCBhbGxmaWxlcy5yZWFkIGFsbHByb2ZpbGVzLnJlYWTCAUk2MDM5MGZkOS01MzlkLTRiOTQtYjU5NS02YjdkNWFiNTdmNDhAZTIyMGQzNjktZTZhOC00MTI2LTgzZWYtYjRiNmJiZmQ5MzY3yAEB.UY7HmdsVSWbGXC-6SuOm2HgmPOOI4MWc42E8g0Vj2kU&ApiVersion=2.0","createdBy":{"application":{"id":"c9a559d2-7aab-4f13-a6ed-e7e9c52aec87","displayName":"Microsoft Forms"},"user":{"email":"tahiz.lopes@fgmjvl.onmicrosoft.com","id":"40859a01-3c28-4357-a671-54c4dd043e5b","displayName":"Tahiz da Costa Lopes"}},"createdDateTime":"2024-04-05T10:52:41Z","eTag":"\"{8E9D722A-93B5-46FC-BB0B-337634F5F0EF},81\"","id":"01RGONH7RKOKOY5NMT7RDLWCZTOY2PL4HP","lastModifiedBy":{"user":{"email":"jhonny.souza@fgmdentalgroup.com","id":"d602bd3e-6752-4b4a-9dc0-c7ab6020f2d3","displayName":"Jhonny Anthony de Souza"}},"lastModifiedDateTime":"2024-10-29T11:54:38Z","name":"ENTREVISTA DE DESLIGAMENTO.xlsx","parentReference":{"driveType":"business","driveId":"b!_b9dJLvtWEaRkGSSdcgT8iXu96lrxKlOnnsynz0B976osXfRKwHpQoFm_8hJi3Nv","id":"01RGONH7V6Y2GOVW7725BZO354PWSELRRZ","name":"Documents","path":"/drives/b!_b9dJLvtWEaRkGSSdcgT8iXu96lrxKlOnnsynz0B976osXfRKwHpQoFm_8hJi3Nv/root:","siteId":"245dbffd-edbb-4658-9190-649275c813f2"},"webUrl":"https://fgmjvl-my.sharepoint.com/personal/tahiz_lopes_fgmdentalgroup_com/_layouts/15/Doc.aspx?sourcedoc=%7B8E9D722A-93B5-46FC-BB0B-337634F5F0EF%7D&file=ENTREVISTA%20DE%20DESLIGAMENTO.xlsx&action=default&mobileredirect=true","cTag":"\"c:{8E9D722A-93B5-46FC-BB0B-337634F5F0EF},77\"","file":{"hashes":{"quickXorHash":"RhjoIgIDFgDdSqiaUtcSrLUCsCM="},"mimeType":"application/vnd.openxmlformats-officedocument.spreadsheetml.sheet"},"fileSystemInfo":{"createdDateTime":"2024-04-05T10:52:41Z","lastModifiedDateTime":"2024-10-29T11:54:38Z"},"shared":{"scope":"users"},"size":76377}
2024-10-29 09:00:05 INFO File downloaded successfully.200
2024-10-29 09:00:05 INFO Connection successful!
2024-10-29 09:00:05 INFO RecordID: 078470
2024-10-29 09:00:06 INFO Status: FAILURE, Code: -49, Detail: Não foi encontrado um registro através dos filtros informados para o relacionamento [valerefrest] - Transportation
2024-10-29 09:00:06 INFO RecordID: 078471
2024-10-29 09:00:07 INFO Status: SUCCESS, Code: 1, Detail: Registro alterado com sucesso - Transportation
2024-10-29 09:00:07 INFO RecordID: 078472
2024-10-29 09:00:07 INFO Status: SUCCESS, Code: 1, Detail: Registro alterado com sucesso - Transportation
2024-10-29 09:00:08 INFO RecordID: 078473
2024-10-29 09:07:23 INFO File downloaded successfully.200
2024-10-29 09:07:24 INFO Connection successful!
2024-10-29 09:07:24 INFO RecordID: 078474
2024-10-29 09:07:25 INFO Status: FAILURE, Code: -49, Detail: Não foi encontrado um registro através dos filtros informados para o relacionamento [valerefrest] - Transportation
2024-10-29 09:07:25 INFO RecordID: 078475
2024-10-29 09:07:26 INFO Status: SUCCESS, Code: 1, Detail: Registro alterado com sucesso - Transportation
2024-10-29 09:07:26 INFO RecordID: 078476
2024-10-29 09:07:27 INFO Status: SUCCESS, Code: 1, Detail: Registro alterado com sucesso - Transportation
2024-10-29 09:07:27 INFO RecordID: 078477
2024-10-29 09:07:28 INFO Status: SUCCESS, Code: 1, Detail: Registro alterado com sucesso - Transportation
2024-10-29 09:07:29 INFO RecordID: 078478
2024-10-29 09:07:29 INFO Status: FAILURE, Code: -49, Detail: Não foi encontrado um registro através dos filtros informados para o relacionamento [classificacao] - Transportation
2024-10-29 09:07:29 INFO RecordID: 078479
2024-10-29 09:07:30 INFO Status: SUCCESS, Code: 1, Detail: Registro alterado com sucesso - Transportation
2024-10-29 09:07:30 INFO RecordID: 078480
2024-10-29 09:07:31 INFO Status: SUCCESS, Code: 1, Detail: Registro alterado com sucesso - Transportation
2024-10-29 09:07:31 INFO RecordID: 078481
2024-10-29 09:07:32 INFO Status: SUCCESS, Code: 1, Detail: Registro alterado com sucesso - Transportation
2024-10-29 09:07:32 INFO RecordID: 078482
2024-10-29 09:07:33 INFO Status: SUCCESS, Code: 1, Detail: Registro alterado com sucesso - Transportation
2024-10-29 09:07:33 INFO RecordID: 078483
2024-10-29 09:07:33 INFO Status: SUCCESS, Code: 1, Detail: Registro alterado com sucesso - Transportation
2024-10-29 09:07:34 INFO RecordID: 078484
2024-10-29 09:07:34 INFO Status: SUCCESS, Code: 1, Detail: Registro alterado com sucesso - Transportation
2024-10-29 09:07:35 INFO RecordID: 078485
2024-10-29 09:07:35 INFO Status: SUCCESS, Code: 1, Detail: Registro alterado com sucesso - Transportation
2024-10-29 09:07:35 INFO RecordID: 078486
2024-10-29 09:07:36 INFO Status: SUCCESS, Code: 1, Detail: Registro alterado com sucesso - Transportation
2024-10-29 09:07:36 INFO RecordID: 078487
2024-10-29 09:07:37 INFO Status: SUCCESS, Code: 1, Detail: Registro alterado com sucesso - Transportation
2024-10-29 09:07:37 INFO RecordID: 078488
2024-10-29 09:07:37 INFO Status: SUCCESS, Code: 1, Detail: Registro alterado com sucesso - Transportation
2024-10-29 09:07:38 INFO RecordID: 078489
2024-10-29 09:07:38 INFO Status: SUCCESS, Code: 1, Detail: Registro alterado com sucesso - Transportation
2024-10-29 09:07:39 INFO RecordID: 078490
2024-10-29 09:07:39 INFO Status: SUCCESS, Code: 1, Detail: Registro alterado com sucesso - Transportation
2024-10-29 09:07:40 INFO RecordID: 078491
2024-10-29 09:07:40 INFO Status: SUCCESS, Code: 1, Detail: Registro alterado com sucesso - Transportation
2024-10-29 09:07:40 INFO RecordID: 078492
2024-10-29 09:07:41 INFO Status: SUCCESS, Code: 1, Detail: Registro alterado com sucesso - Transportation
2024-10-29 09:07:41 INFO RecordID: 078493
2024-10-29 09:07:41 INFO Status: SUCCESS, Code: 1, Detail: Registro alterado com sucesso - Transportation
2024-10-29 09:07:42 INFO RecordID: 078494
2024-10-29 09:07:42 INFO Status: FAILURE, Code: -4, Detail: Parâmetro [WorkflowID] vazio ou não informado - Transportation
2024-10-29 09:07:43 INFO RecordID: 078495
2024-10-29 09:07:43 INFO Status: SUCCESS, Code: 1, Detail: Registro alterado com sucesso - Transportation
2024-10-29 09:07:43 INFO RecordID: 078496
2024-10-29 09:07:44 INFO Status: SUCCESS, Code: 1, Detail: Registro alterado com sucesso - Transportation
2024-10-29 09:07:44 INFO RecordID: 078497
2024-10-29 09:07:45 INFO Status: SUCCESS, Code: 1, Detail: Registro alterado com sucesso - Transportation
2024-10-29 09:07:45 INFO RecordID: 078498
2024-10-29 09:07:45 INFO Status: SUCCESS, Code: 1, Detail: Registro alterado com sucesso - Transportation
2024-10-29 09:07:46 INFO RecordID: 078499
2024-10-29 09:07:46 INFO Status: SUCCESS, Code: 1, Detail: Registro alterado com sucesso - Transportation
2024-10-29 09:07:47 INFO RecordID: 078500
2024-10-29 09:07:47 INFO Status: SUCCESS, Code: 1, Detail: Registro alterado com sucesso - Transportation
2024-10-29 09:07:47 INFO RecordID: 078501
2024-10-29 09:07:48 INFO Status: SUCCESS, Code: 1, Detail: Registro alterado com sucesso - Transportation
2024-10-29 09:07:48 INFO RecordID: 078502
2024-10-29 09:07:49 INFO Status: SUCCESS, Code: 1, Detail: Registro alterado com sucesso - Transportation
2024-10-29 09:07:49 INFO RecordID: 078503
2024-10-29 09:07:50 INFO Status: SUCCESS, Code: 1, Detail: Registro alterado com sucesso - Transportation
2024-10-29 09:07:50 INFO RecordID: 078504
2024-10-29 09:07:51 INFO Status: SUCCESS, Code: 1, Detail: Registro alterado com sucesso - Transportation
2024-10-29 09:07:51 INFO RecordID: 078505
2024-10-29 09:07:51 INFO Status: SUCCESS, Code: 1, Detail: Registro alterado com sucesso - Transportation
2024-10-29 09:07:52 INFO RecordID: 078506
2024-10-29 09:07:52 INFO Status: SUCCESS, Code: 1, Detail: Registro alterado com sucesso - Transportation
2024-10-29 09:07:53 INFO RecordID: 078507
2024-10-29 09:07:53 INFO Status: SUCCESS, Code: 1, Detail: Registro alterado com sucesso - Transportation
2024-10-29 09:07:53 INFO RecordID: 078508
2024-10-29 09:07:54 INFO Status: SUCCESS, Code: 1, Detail: Registro alterado com sucesso - Transportation
2024-10-29 09:07:54 INFO RecordID: 078509
2024-10-29 09:07:55 INFO Status: SUCCESS, Code: 1, Detail: Registro alterado com sucesso - Transportation
2024-10-29 09:07:56 INFO RecordID: 078510
2024-10-29 09:07:56 INFO Status: SUCCESS, Code: 1, Detail: Registro alterado com sucesso - Transportation
2024-10-29 09:07:57 INFO RecordID: 078511
2024-10-29 09:07:57 INFO Status: SUCCESS, Code: 1, Detail: Registro alterado com sucesso - Transportation
2024-10-29 09:07:58 INFO RecordID: 078512
2024-10-29 09:07:58 INFO Status: SUCCESS, Code: 1, Detail: Registro alterado com sucesso - Transportation
2024-10-29 09:07:59 INFO RecordID: 078513
2024-10-29 09:07:59 INFO Status: SUCCESS, Code: 1, Detail: Registro alterado com sucesso - Transportation
2024-10-29 09:08:00 INFO RecordID: 078514
2024-10-29 09:08:00 INFO Status: SUCCESS, Code: 1, Detail: Registro alterado com sucesso - Transportation
2024-10-29 09:08:01 INFO RecordID: 078515
2024-10-29 09:08:01 INFO Status: SUCCESS, Code: 1, Detail: Registro alterado com sucesso - Transportation
2024-10-29 09:08:01 INFO RecordID: 078516
2024-10-29 09:08:02 INFO Status: SUCCESS, Code: 1, Detail: Registro alterado com sucesso - Transportation
2024-10-29 09:08:02 INFO RecordID: 078517
2024-10-29 09:08:03 INFO Status: SUCCESS, Code: 1, Detail: Registro alterado com sucesso - Transportation
2024-10-29 09:08:03 INFO RecordID: 078518
2024-10-29 09:08:03 INFO Status: SUCCESS, Code: 1, Detail: Registro alterado com sucesso - Transportation
2024-10-29 09:08:04 INFO RecordID: 078519
2024-10-29 09:08:04 INFO Status: SUCCESS, Code: 1, Detail: Registro alterado com sucesso - Transportation
2024-10-29 09:08:05 INFO RecordID: 078520
2024-10-29 09:08:05 INFO Status: SUCCESS, Code: 1, Detail: Registro alterado com sucesso - Transportation
2024-10-29 09:08:05 INFO RecordID: 078521
2024-10-29 09:08:06 INFO Status: SUCCESS, Code: 1, Detail: Registro alterado com sucesso - Transportation
2024-10-29 09:08:06 INFO RecordID: 078522
2024-10-29 09:08:07 INFO Status: SUCCESS, Code: 1, Detail: Registro alterado com sucesso - Transportation
2024-10-29 09:08:08 INFO RecordID: 078523
2024-10-29 09:08:08 INFO Status: SUCCESS, Code: 1, Detail: Registro alterado com sucesso - Transportation
2024-10-29 09:08:08 INFO RecordID: 078524
2024-10-29 09:08:09 INFO Status: SUCCESS, Code: 1, Detail: Registro alterado com sucesso - Transportation
2024-10-29 09:08:09 INFO RecordID: 078525
2024-10-29 09:08:10 INFO Status: SUCCESS, Code: 1, Detail: Registro alterado com sucesso - Transportation
2024-10-29 09:08:10 INFO RecordID: 078526
2024-10-29 09:08:10 INFO Status: SUCCESS, Code: 1, Detail: Registro alterado com sucesso - Transportation
2024-10-29 09:08:11 INFO RecordID: 078527
2024-10-29 09:08:11 INFO Status: SUCCESS, Code: 1, Detail: Registro alterado com sucesso - Transportation
2024-10-29 09:08:12 INFO RecordID: 078528
2024-10-29 09:08:12 INFO Status: SUCCESS, Code: 1, Detail: Registro alterado com sucesso - Transportation
2024-10-29 09:08:13 INFO RecordID: 078529
2024-10-29 09:08:13 INFO Status: SUCCESS, Code: 1, Detail: Registro alterado com sucesso - Transportation
2024-10-29 09:08:13 INFO RecordID: 078530
2024-10-29 09:08:14 INFO Status: SUCCESS, Code: 1, Detail: Registro alterado com sucesso - Transportation
2024-10-29 09:08:14 INFO RecordID: 078531
2024-10-29 09:08:15 INFO Status: SUCCESS, Code: 1, Detail: Registro alterado com sucesso - Transportation
2024-10-29 09:08:15 INFO RecordID: 078532
2024-10-29 09:08:15 INFO Status: SUCCESS, Code: 1, Detail: Registro alterado com sucesso - Transportation
2024-10-29 09:08:16 INFO RecordID: 078533
2024-10-29 09:08:16 INFO Status: SUCCESS, Code: 1, Detail: Registro alterado com sucesso - Transportation
2024-10-29 09:08:17 INFO RecordID: 078534
2024-10-29 09:08:21 INFO Status: SUCCESS, Code: 1, Detail: Registro alterado com sucesso - Transportation
2024-10-29 09:08:21 INFO RecordID: 078535
2024-10-29 09:08:21 INFO Status: SUCCESS, Code: 1, Detail: Registro alterado com sucesso - Transportation
2024-10-29 09:08:22 INFO RecordID: 078536
2024-10-29 09:08:22 INFO Status: SUCCESS, Code: 1, Detail: Registro alterado com sucesso - Transportation
2024-10-29 09:08:23 INFO RecordID: 078537
2024-10-29 09:08:23 INFO Status: SUCCESS, Code: 1, Detail: Registro alterado com sucesso - Transportation
2024-10-29 09:08:23 INFO RecordID: 078538
2024-10-29 09:08:24 INFO Status: SUCCESS, Code: 1, Detail: Registro alterado com sucesso - Transportation
2024-10-29 09:08:24 INFO RecordID: 078539
2024-10-29 09:08:25 INFO Status: SUCCESS, Code: 1, Detail: Registro alterado com sucesso - Transportation
2024-10-29 09:08:25 INFO RecordID: 078540
2024-10-29 09:08:26 INFO Status: SUCCESS, Code: 1, Detail: Registro alterado com sucesso - Transportation
2024-10-29 09:08:26 INFO RecordID: 078541
2024-10-29 09:08:27 INFO Status: SUCCESS, Code: 1, Detail: Registro alterado com sucesso - Transportation
2024-10-29 09:08:27 INFO RecordID: 078542
2024-10-29 09:08:28 INFO Status: FAILURE, Code: -49, Detail: Não foi encontrado um registro através dos filtros informados para o relacionamento [voltariatrab] - Transportation
2024-10-29 09:08:28 INFO RecordID: 078543
2024-10-29 09:08:29 INFO Status: SUCCESS, Code: 1, Detail: Registro alterado com sucesso - Transportation
2024-10-29 09:08:29 INFO RecordID: 078544
2024-10-29 09:08:29 INFO Status: SUCCESS, Code: 1, Detail: Registro alterado com sucesso - Transportation
2024-10-29 09:08:30 INFO RecordID: 078545
2024-10-29 09:08:30 INFO Status: SUCCESS, Code: 1, Detail: Registro alterado com sucesso - Transportation
2024-10-29 09:08:31 INFO RecordID: 078546
2024-10-29 09:08:31 INFO Status: SUCCESS, Code: 1, Detail: Registro alterado com sucesso - Transportation
2024-10-29 09:08:32 INFO RecordID: 078547
2024-10-29 09:08:32 INFO Status: SUCCESS, Code: 1, Detail: Registro alterado com sucesso - Transportation
2024-10-29 09:08:33 INFO RecordID: 078548
2024-10-29 09:08:33 INFO Status: SUCCESS, Code: 1, Detail: Registro alterado com sucesso - Transportation
2024-10-29 09:08:34 INFO RecordID: 078549
2024-10-29 09:08:34 INFO Status: SUCCESS, Code: 1, Detail: Registro alterado com sucesso - Transportation
2024-10-29 09:08:34 INFO RecordID: 078550
2024-10-29 09:08:35 INFO Status: SUCCESS, Code: 1, Detail: Registro alterado com sucesso - Transportation
2024-10-29 09:08:35 INFO RecordID: 078551
2024-10-29 09:08:35 INFO Status: SUCCESS, Code: 1, Detail: Registro alterado com sucesso - Transportation
2024-10-29 09:08:36 INFO RecordID: 078552
2024-10-29 09:08:36 INFO Status: SUCCESS, Code: 1, Detail: Registro alterado com sucesso - Transportation
2024-10-29 09:08:37 INFO RecordID: 078553
2024-10-29 09:08:37 INFO Status: SUCCESS, Code: 1, Detail: Registro alterado com sucesso - Transportation
2024-10-29 09:08:38 INFO RecordID: 078554
2024-10-29 09:08:38 INFO Status: SUCCESS, Code: 1, Detail: Registro alterado com sucesso - Transportation
2024-10-29 09:08:39 INFO RecordID: 078555
2024-10-29 09:08:39 INFO Status: SUCCESS, Code: 1, Detail: Registro alterado com sucesso - Transportation
2024-10-29 09:08:39 INFO RecordID: 078556
2024-10-29 09:08:40 INFO Status: SUCCESS, Code: 1, Detail: Registro alterado com sucesso - Transportation
2024-10-29 09:08:40 INFO RecordID: 078557
2024-10-29 09:08:40 INFO Status: SUCCESS, Code: 1, Detail: Registro alterado com sucesso - Transportation
2024-10-29 09:08:41 INFO RecordID: 078558
2024-10-29 09:08:41 INFO Status: SUCCESS, Code: 1, Detail: Registro alterado com sucesso - Transportation
2024-10-29 09:08:42 INFO RecordID: 078559
2024-10-29 09:08:42 INFO Status: SUCCESS, Code: 1, Detail: Registro alterado com sucesso - Transportation
2024-10-29 09:08:43 INFO RecordID: 078560
2024-10-29 09:08:43 INFO Status: SUCCESS, Code: 1, Detail: Registro alterado com sucesso - Transportation
2024-10-29 09:08:43 INFO RecordID: 078561
2024-10-29 09:08:44 INFO Status: SUCCESS, Code: 1, Detail: Registro alterado com sucesso - Transportation
2024-10-29 09:08:44 INFO RecordID: 078562
2024-10-29 09:08:45 INFO Status: SUCCESS, Code: 1, Detail: Registro alterado com sucesso - Transportation
2024-10-29 09:08:45 INFO RecordID: 078563
2024-10-29 09:08:45 INFO Status: SUCCESS, Code: 1, Detail: Registro alterado com sucesso - Transportation
2024-10-29 09:08:46 INFO RecordID: 078564
2024-10-29 09:08:46 INFO Status: SUCCESS, Code: 1, Detail: Registro alterado com sucesso - Transportation
2024-10-29 11:40:36 INFO File downloaded successfully.200
2024-10-29 11:40:36 INFO Connection successful!
2024-10-29 11:40:37 INFO RecordID: 078565
2024-10-29 11:40:37 INFO Status: FAILURE, Code: -49, Detail: Não foi encontrado um registro através dos filtros informados para o relacionamento [valerefrest] - Transportation
2024-10-29 11:40:38 INFO RecordID: 078566
2024-10-29 11:40:39 INFO Status: SUCCESS, Code: 1, Detail: Registro alterado com sucesso - Transportation
2024-10-29 11:40:42 INFO RecordID: 078567
2024-10-29 11:40:43 INFO Status: SUCCESS, Code: 1, Detail: Registro alterado com sucesso - Transportation
2024-10-29 11:40:43 INFO RecordID: 078568
2024-10-29 11:40:45 INFO Status: SUCCESS, Code: 1, Detail: Registro alterado com sucesso - Transportation
2024-10-29 11:40:45 INFO RecordID: 078569
2024-10-29 11:40:46 INFO Status: FAILURE, Code: -49, Detail: Não foi encontrado um registro através dos filtros informados para o relacionamento [classificacao] - Transportation
2024-10-29 11:40:46 INFO RecordID: 078570
2024-10-29 11:40:47 INFO Status: SUCCESS, Code: 1, Detail: Registro alterado com sucesso - Transportation
2024-10-29 11:40:47 INFO RecordID: 078571
2024-10-29 11:40:48 INFO Status: SUCCESS, Code: 1, Detail: Registro alterado com sucesso - Transportation
2024-10-29 11:40:48 INFO RecordID: 078572
2024-10-29 11:40:49 INFO Status: SUCCESS, Code: 1, Detail: Registro alterado com sucesso - Transportation
2024-10-29 11:40:49 INFO RecordID: 078573
2024-10-29 11:40:49 INFO Status: SUCCESS, Code: 1, Detail: Registro alterado com sucesso - Transportation
2024-10-29 11:40:50 INFO RecordID: 078574
2024-10-29 11:40:50 INFO Status: SUCCESS, Code: 1, Detail: Registro alterado com sucesso - Transportation
2024-10-29 11:40:51 INFO RecordID: 078575
2024-10-29 11:40:51 INFO Status: SUCCESS, Code: 1, Detail: Registro alterado com sucesso - Transportation
2024-10-29 11:40:55 INFO RecordID: 078576
2024-10-29 11:40:55 INFO Status: SUCCESS, Code: 1, Detail: Registro alterado com sucesso - Transportation
2024-10-29 11:40:56 INFO RecordID: 078577
2024-10-29 11:40:56 INFO Status: SUCCESS, Code: 1, Detail: Registro alterado com sucesso - Transportation
2024-10-29 11:40:57 INFO RecordID: 078578
2024-10-29 11:40:57 INFO Status: SUCCESS, Code: 1, Detail: Registro alterado com sucesso - Transportation
2024-10-29 11:40:58 INFO RecordID: 078579
2024-10-29 11:40:58 INFO Status: SUCCESS, Code: 1, Detail: Registro alterado com sucesso - Transportation
2024-10-29 11:40:59 INFO RecordID: 078580
2024-10-29 11:40:59 INFO Status: SUCCESS, Code: 1, Detail: Registro alterado com sucesso - Transportation
2024-10-29 11:41:00 INFO RecordID: 078581
2024-10-29 11:41:00 INFO Status: SUCCESS, Code: 1, Detail: Registro alterado com sucesso - Transportation
2024-10-29 11:41:01 INFO RecordID: 078582
2024-10-29 11:41:01 INFO Status: SUCCESS, Code: 1, Detail: Registro alterado com sucesso - Transportation
2024-10-29 11:41:02 INFO RecordID: 078583
2024-10-29 11:41:02 INFO Status: SUCCESS, Code: 1, Detail: Registro alterado com sucesso - Transportation
2024-10-29 11:41:03 INFO RecordID: 078584
2024-10-29 11:41:04 INFO Status: SUCCESS, Code: 1, Detail: Registro alterado com sucesso - Transportation
2024-10-29 11:41:04 INFO RecordID: 078585
2024-10-29 11:41:05 INFO Status: FAILURE, Code: -4, Detail: Parâmetro [WorkflowID] vazio ou não informado - Transportation
2024-10-29 11:41:08 INFO RecordID: 078586
2024-10-29 11:41:09 INFO Status: SUCCESS, Code: 1, Detail: Registro alterado com sucesso - Transportation
2024-10-29 11:41:09 INFO RecordID: 078587
2024-10-29 11:41:13 INFO Status: SUCCESS, Code: 1, Detail: Registro alterado com sucesso - Transportation
2024-10-29 11:41:14 INFO RecordID: 078588
2024-10-29 11:41:14 INFO Status: SUCCESS, Code: 1, Detail: Registro alterado com sucesso - Transportation
2024-10-29 11:41:15 INFO RecordID: 078589
2024-10-29 11:41:15 INFO Status: SUCCESS, Code: 1, Detail: Registro alterado com sucesso - Transportation
2024-10-29 11:41:16 INFO RecordID: 078590
2024-10-29 11:41:16 INFO Status: SUCCESS, Code: 1, Detail: Registro alterado com sucesso - Transportation
2024-10-29 11:41:17 INFO RecordID: 078591
2024-10-29 11:41:17 INFO Status: SUCCESS, Code: 1, Detail: Registro alterado com sucesso - Transportation
2024-10-29 11:41:18 INFO RecordID: 078592
2024-10-29 11:41:18 INFO Status: SUCCESS, Code: 1, Detail: Registro alterado com sucesso - Transportation
2024-10-29 11:41:19 INFO RecordID: 078593
2024-10-29 11:41:19 INFO Status: SUCCESS, Code: 1, Detail: Registro alterado com sucesso - Transportation
2024-10-29 11:41:20 INFO RecordID: 078594
2024-10-29 11:41:20 INFO Status: SUCCESS, Code: 1, Detail: Registro alterado com sucesso - Transportation
2024-10-29 11:41:21 INFO RecordID: 078595
2024-10-29 11:41:21 INFO Status: SUCCESS, Code: 1, Detail: Registro alterado com sucesso - Transportation
2024-10-29 11:41:22 INFO RecordID: 078596
2024-10-29 11:41:22 INFO Status: SUCCESS, Code: 1, Detail: Registro alterado com sucesso - Transportation
2024-10-29 11:41:23 INFO RecordID: 078597
2024-10-29 11:41:23 INFO Status: SUCCESS, Code: 1, Detail: Registro alterado com sucesso - Transportation
2024-10-29 11:41:24 INFO RecordID: 078598
2024-10-29 11:41:24 INFO Status: SUCCESS, Code: 1, Detail: Registro alterado com sucesso - Transportation
2024-10-29 11:41:25 INFO RecordID: 078599
2024-10-29 11:41:25 INFO Status: SUCCESS, Code: 1, Detail: Registro alterado com sucesso - Transportation
2024-10-29 11:41:26 INFO RecordID: 078600
2024-10-29 11:41:26 INFO Status: SUCCESS, Code: 1, Detail: Registro alterado com sucesso - Transportation
2024-10-29 11:41:27 INFO RecordID: 078601
2024-10-29 11:41:27 INFO Status: SUCCESS, Code: 1, Detail: Registro alterado com sucesso - Transportation
2024-10-29 11:41:28 INFO RecordID: 078602
2024-10-29 11:41:28 INFO Status: SUCCESS, Code: 1, Detail: Registro alterado com sucesso - Transportation
2024-10-29 11:41:29 INFO RecordID: 078603
2024-10-29 11:41:29 INFO Status: SUCCESS, Code: 1, Detail: Registro alterado com sucesso - Transportation
2024-10-29 11:41:30 INFO RecordID: 078604
2024-10-29 11:41:30 INFO Status: SUCCESS, Code: 1, Detail: Registro alterado com sucesso - Transportation
2024-10-29 11:41:30 INFO RecordID: 078605
2024-10-29 11:41:31 INFO Status: SUCCESS, Code: 1, Detail: Registro alterado com sucesso - Transportation
2024-10-29 11:41:31 INFO RecordID: 078606
2024-10-29 11:41:32 INFO Status: SUCCESS, Code: 1, Detail: Registro alterado com sucesso - Transportation
2024-10-29 11:41:32 INFO RecordID: 078607
2024-10-29 11:41:33 INFO Status: SUCCESS, Code: 1, Detail: Registro alterado com sucesso - Transportation
2024-10-29 11:41:33 INFO RecordID: 078608
2024-10-29 11:41:34 INFO Status: SUCCESS, Code: 1, Detail: Registro alterado com sucesso - Transportation
2024-10-29 11:41:34 INFO RecordID: 078609
2024-10-29 11:41:35 INFO Status: SUCCESS, Code: 1, Detail: Registro alterado com sucesso - Transportation
2024-10-29 11:41:35 INFO RecordID: 078610
2024-10-29 11:41:36 INFO Status: SUCCESS, Code: 1, Detail: Registro alterado com sucesso - Transportation
2024-10-29 11:41:36 INFO RecordID: 078611
2024-10-29 11:41:37 INFO Status: SUCCESS, Code: 1, Detail: Registro alterado com sucesso - Transportation
2024-10-29 11:41:37 INFO RecordID: 078612
2024-10-29 11:41:38 INFO Status: SUCCESS, Code: 1, Detail: Registro alterado com sucesso - Transportation
2024-10-29 11:41:38 INFO RecordID: 078613
2024-10-29 11:41:39 INFO Status: SUCCESS, Code: 1, Detail: Registro alterado com sucesso - Transportation
2024-10-29 11:41:39 INFO RecordID: 078614
2024-10-29 11:41:40 INFO Status: SUCCESS, Code: 1, Detail: Registro alterado com sucesso - Transportation
2024-10-29 11:41:40 INFO RecordID: 078615
2024-10-29 11:41:41 INFO Status: SUCCESS, Code: 1, Detail: Registro alterado com sucesso - Transportation
2024-10-29 11:41:41 INFO RecordID: 078616
2024-10-29 11:41:42 INFO Status: SUCCESS, Code: 1, Detail: Registro alterado com sucesso - Transportation
2024-10-29 11:41:42 INFO RecordID: 078617
2024-10-29 11:41:43 INFO Status: SUCCESS, Code: 1, Detail: Registro alterado com sucesso - Transportation
2024-10-29 11:41:43 INFO RecordID: 078618
2024-10-29 11:41:44 INFO Status: SUCCESS, Code: 1, Detail: Registro alterado com sucesso - Transportation
2024-10-29 11:41:44 INFO RecordID: 078619
2024-10-29 11:41:45 INFO Status: SUCCESS, Code: 1, Detail: Registro alterado com sucesso - Transportation
2024-10-29 11:41:45 INFO RecordID: 078620
2024-10-29 11:41:46 INFO Status: SUCCESS, Code: 1, Detail: Registro alterado com sucesso - Transportation
2024-10-29 11:41:46 INFO RecordID: 078621
2024-10-29 11:41:47 INFO Status: SUCCESS, Code: 1, Detail: Registro alterado com sucesso - Transportation
2024-10-29 11:41:48 INFO RecordID: 078622
2024-10-29 11:41:48 INFO Status: SUCCESS, Code: 1, Detail: Registro alterado com sucesso - Transportation
2024-10-29 11:41:49 INFO RecordID: 078623
2024-10-29 11:41:49 INFO Status: SUCCESS, Code: 1, Detail: Registro alterado com sucesso - Transportation
2024-10-29 11:41:50 INFO RecordID: 078624
2024-10-29 11:41:50 INFO Status: SUCCESS, Code: 1, Detail: Registro alterado com sucesso - Transportation
2024-10-29 11:41:51 INFO RecordID: 078625
2024-10-29 11:41:51 INFO Status: SUCCESS, Code: 1, Detail: Registro alterado com sucesso - Transportation
2024-10-29 11:41:52 INFO RecordID: 078626
2024-10-29 11:41:52 INFO Status: SUCCESS, Code: 1, Detail: Registro alterado com sucesso - Transportation
2024-10-29 11:41:53 INFO RecordID: 078627
2024-10-29 11:41:56 INFO Status: SUCCESS, Code: 1, Detail: Registro alterado com sucesso - Transportation
2024-10-29 11:41:57 INFO RecordID: 078628
2024-10-29 11:41:57 INFO Status: SUCCESS, Code: 1, Detail: Registro alterado com sucesso - Transportation
2024-10-29 11:41:58 INFO RecordID: 078629
2024-10-29 11:41:58 INFO Status: SUCCESS, Code: 1, Detail: Registro alterado com sucesso - Transportation
2024-10-29 11:41:59 INFO RecordID: 078630
2024-10-29 11:41:59 INFO Status: SUCCESS, Code: 1, Detail: Registro alterado com sucesso - Transportation
2024-10-29 11:42:00 INFO RecordID: 078631
2024-10-29 11:42:00 INFO Status: SUCCESS, Code: 1, Detail: Registro alterado com sucesso - Transportation
2024-10-29 11:42:01 INFO RecordID: 078632
2024-10-29 11:42:01 INFO Status: SUCCESS, Code: 1, Detail: Registro alterado com sucesso - Transportation
2024-10-29 11:42:02 INFO RecordID: 078633
2024-10-29 11:42:02 INFO Status: FAILURE, Code: -49, Detail: Não foi encontrado um registro através dos filtros informados para o relacionamento [voltariatrab] - Transportation
2024-10-29 11:42:03 INFO RecordID: 078634
2024-10-29 11:42:03 INFO Status: SUCCESS, Code: 1, Detail: Registro alterado com sucesso - Transportation
2024-10-29 11:42:04 INFO RecordID: 078635
2024-10-29 11:42:04 INFO Status: SUCCESS, Code: 1, Detail: Registro alterado com sucesso - Transportation
2024-10-29 11:42:05 INFO RecordID: 078636
2024-10-29 11:42:05 INFO Status: SUCCESS, Code: 1, Detail: Registro alterado com sucesso - Transportation
2024-10-29 11:42:05 INFO RecordID: 078637
2024-10-29 11:42:06 INFO Status: SUCCESS, Code: 1, Detail: Registro alterado com sucesso - Transportation
2024-10-29 11:42:06 INFO RecordID: 078638
2024-10-29 11:42:07 INFO Status: SUCCESS, Code: 1, Detail: Registro alterado com sucesso - Transportation
2024-10-29 11:42:07 INFO RecordID: 078639
2024-10-29 11:42:08 INFO Status: SUCCESS, Code: 1, Detail: Registro alterado com sucesso - Transportation
2024-10-29 11:42:08 INFO RecordID: 078640
2024-10-29 11:42:09 INFO Status: SUCCESS, Code: 1, Detail: Registro alterado com sucesso - Transportation
2024-10-29 11:42:09 INFO RecordID: 078641
2024-10-29 11:42:10 INFO Status: SUCCESS, Code: 1, Detail: Registro alterado com sucesso - Transportation
2024-10-29 11:42:11 INFO RecordID: 078642
2024-10-29 11:42:12 INFO Status: SUCCESS, Code: 1, Detail: Registro alterado com sucesso - Transportation
2024-10-29 11:42:12 INFO RecordID: 078643
2024-10-29 11:42:13 INFO Status: SUCCESS, Code: 1, Detail: Registro alterado com sucesso - Transportation
2024-10-29 11:42:13 INFO RecordID: 078644
2024-10-29 11:42:14 INFO Status: SUCCESS, Code: 1, Detail: Registro alterado com sucesso - Transportation
2024-10-29 11:42:14 INFO RecordID: 078645
2024-10-29 11:42:14 INFO Status: SUCCESS, Code: 1, Detail: Registro alterado com sucesso - Transportation
2024-10-29 11:42:15 INFO RecordID: 078646
2024-10-29 11:42:15 INFO Status: SUCCESS, Code: 1, Detail: Registro alterado com sucesso - Transportation
2024-10-29 11:42:16 INFO RecordID: 078647
2024-10-29 11:42:16 INFO Status: SUCCESS, Code: 1, Detail: Registro alterado com sucesso - Transportation
2024-10-29 11:42:17 INFO RecordID: 078648
2024-10-29 11:42:17 INFO Status: SUCCESS, Code: 1, Detail: Registro alterado com sucesso - Transportation
2024-10-29 11:42:18 INFO RecordID: 078649
2024-10-29 11:42:18 INFO Status: SUCCESS, Code: 1, Detail: Registro alterado com sucesso - Transportation
2024-10-29 11:42:19 INFO RecordID: 078650
2024-10-29 11:42:20 INFO Status: SUCCESS, Code: 1, Detail: Registro alterado com sucesso - Transportation
2024-10-29 11:42:20 INFO RecordID: 078651
2024-10-29 11:42:21 INFO Status: SUCCESS, Code: 1, Detail: Registro alterado com sucesso - Transportation
2024-10-29 11:42:21 INFO RecordID: 078652
2024-10-29 11:42:22 INFO Status: SUCCESS, Code: 1, Detail: Registro alterado com sucesso - Transportation
2024-10-29 11:42:22 INFO RecordID: 078653
2024-10-29 11:42:23 INFO Status: SUCCESS, Code: 1, Detail: Registro alterado com sucesso - Transportation
2024-10-29 11:42:23 INFO RecordID: 078654
2024-10-29 11:42:24 INFO Status: SUCCESS, Code: 1, Detail: Registro alterado com sucesso - Transportation
2024-10-29 11:42:24 INFO RecordID: 078655
2024-10-29 11:42:25 INFO Status: SUCCESS, Code: 1, Detail: Registro alterado com sucesso - Transportation
2024-10-29 13:11:25 INFO File downloaded successfully.200
2024-10-29 13:17:09 INFO File downloaded successfully.200
2024-10-29 13:17:10 INFO RecordID: 078656
2024-10-29 13:17:10 INFO Status: FAILURE, Code: -49, Detail: Não foi encontrado um registro através dos filtros informados para o relacionamento [valerefrest] - Transportation
2024-10-29 13:17:10 INFO RecordID: 078657
2024-10-29 13:17:11 INFO Status: SUCCESS, Code: 1, Detail: Registro alterado com sucesso - Transportation
2024-10-29 13:17:12 INFO RecordID: 078658
2024-10-29 13:17:12 INFO Status: SUCCESS, Code: 1, Detail: Registro alterado com sucesso - Transportation
2024-10-29 13:17:13 INFO RecordID: 078659
2024-10-29 13:17:13 INFO Status: SUCCESS, Code: 1, Detail: Registro alterado com sucesso - Transportation
2024-10-29 13:21:21 INFO File downloaded successfully.200
2024-10-29 13:21:21 INFO RecordID: 078661
2024-10-29 13:21:22 INFO Status: FAILURE, Code: -49, Detail: Não foi encontrado um registro através dos filtros informados para o relacionamento [valerefrest] - Transportation
2024-10-29 13:21:22 INFO RecordID: 078662
2024-10-29 13:21:23 INFO Status: SUCCESS, Code: 1, Detail: Registro alterado com sucesso - Transportation
2024-10-29 13:21:23 INFO RecordID: 078663
2024-10-29 13:21:24 INFO Status: SUCCESS, Code: 1, Detail: Registro alterado com sucesso - Transportation
2024-10-29 13:21:24 INFO RecordID: 078664
2024-10-29 13:21:24 INFO Status: SUCCESS, Code: 1, Detail: Registro alterado com sucesso - Transportation
2024-10-29 13:21:25 INFO RecordID: 078665
2024-10-29 14:41:46 INFO File downloaded successfully.200
2024-10-29 14:41:47 INFO Connection successful!
2024-10-29 14:41:48 INFO RecordID: 078666
2024-10-29 14:41:48 INFO Status: FAILURE, Code: -49, Detail: Não foi encontrado um registro através dos filtros informados para o relacionamento [valerefrest] - Transportation
2024-10-29 14:41:48 INFO RecordID: 078667
2024-10-29 14:41:49 INFO Status: SUCCESS, Code: 1, Detail: Registro alterado com sucesso - Transportation
2024-10-29 14:41:49 INFO RecordID: 078668
2024-10-29 14:41:50 INFO Status: SUCCESS, Code: 1, Detail: Registro alterado com sucesso - Transportation
2024-10-29 14:41:50 INFO RecordID: 078669
2024-10-29 14:41:51 INFO Status: SUCCESS, Code: 1, Detail: Registro alterado com sucesso - Transportation
2024-10-29 14:41:51 INFO RecordID: 078670
2024-10-29 14:41:52 INFO Status: FAILURE, Code: -49, Detail: Não foi encontrado um registro através dos filtros informados para o relacionamento [classificacao] - Transportation
2024-10-29 14:41:52 INFO RecordID: 078671
2024-10-29 14:41:52 INFO Status: SUCCESS, Code: 1, Detail: Registro alterado com sucesso - Transportation
2024-10-29 14:41:54 INFO RecordID: 078672
2024-10-29 14:41:54 INFO Status: SUCCESS, Code: 1, Detail: Registro alterado com sucesso - Transportation
2024-10-29 14:41:55 INFO RecordID: 078673
2024-10-29 14:41:55 INFO Status: SUCCESS, Code: 1, Detail: Registro alterado com sucesso - Transportation
2024-10-29 14:57:23 INFO File downloaded successfully.200
2024-10-29 14:57:23 INFO Connection successful!
2024-10-29 14:57:24 INFO RecordID: 078675
2024-10-29 14:57:25 INFO Status: FAILURE, Code: -49, Detail: Não foi encontrado um registro através dos filtros informados para o relacionamento [valerefrest] - Transportation
2024-10-29 14:57:26 INFO RecordID: 078676
2024-10-29 14:57:26 INFO Status: SUCCESS, Code: 1, Detail: Registro alterado com sucesso - Transportation
2024-10-29 14:57:27 INFO RecordID: 078677
2024-10-29 14:57:27 INFO Status: SUCCESS, Code: 1, Detail: Registro alterado com sucesso - Transportation
2024-10-29 14:57:28 INFO RecordID: 078678
2024-10-29 14:57:28 INFO Status: SUCCESS, Code: 1, Detail: Registro alterado com sucesso - Transportation
2024-10-29 14:57:29 INFO RecordID: 078679
2024-10-29 14:57:29 INFO Status: FAILURE, Code: -49, Detail: Não foi encontrado um registro através dos filtros informados para o relacionamento [classificacao] - Transportation
2024-10-29 14:57:30 INFO RecordID: 078680
2024-10-29 14:57:30 INFO Status: SUCCESS, Code: 1, Detail: Registro alterado com sucesso - Transportation
2024-10-29 14:57:31 INFO RecordID: 078681
2024-10-29 14:57:31 INFO Status: SUCCESS, Code: 1, Detail: Registro alterado com sucesso - Transportation
2024-10-29 14:57:31 INFO RecordID: 078682
2024-10-29 14:57:32 INFO Status: SUCCESS, Code: 1, Detail: Registro alterado com sucesso - Transportation
2024-10-29 14:57:33 INFO RecordID: 078683
2024-10-29 14:57:33 INFO Status: SUCCESS, Code: 1, Detail: Registro alterado com sucesso - Transportation
2024-10-29 14:57:34 INFO RecordID: 078684
2024-10-29 14:57:34 INFO Status: SUCCESS, Code: 1, Detail: Registro alterado com sucesso - Transportation
2024-10-29 14:57:35 INFO RecordID: 078685
2024-10-29 14:57:35 INFO Status: SUCCESS, Code: 1, Detail: Registro alterado com sucesso - Transportation
2024-10-29 14:57:36 INFO RecordID: 078686
2024-10-29 14:57:36 INFO Status: SUCCESS, Code: 1, Detail: Registro alterado com sucesso - Transportation
2024-10-29 14:57:37 INFO RecordID: 078687
2024-10-29 14:57:37 INFO Status: SUCCESS, Code: 1, Detail: Registro alterado com sucesso - Transportation
2024-10-29 14:57:38 INFO RecordID: 078688
2024-10-29 14:57:38 INFO Status: SUCCESS, Code: 1, Detail: Registro alterado com sucesso - Transportation
2024-10-29 14:57:39 INFO RecordID: 078689
2024-10-29 14:57:39 INFO Status: SUCCESS, Code: 1, Detail: Registro alterado com sucesso - Transportation
2024-10-29 14:57:40 INFO RecordID: 078690
2024-10-29 14:57:40 INFO Status: SUCCESS, Code: 1, Detail: Registro alterado com sucesso - Transportation
2024-10-29 14:57:41 INFO RecordID: 078691
2024-10-29 14:57:41 INFO Status: SUCCESS, Code: 1, Detail: Registro alterado com sucesso - Transportation
2024-10-29 14:57:42 INFO RecordID: 078692
2024-10-29 14:57:42 INFO Status: SUCCESS, Code: 1, Detail: Registro alterado com sucesso - Transportation
2024-10-29 14:57:43 INFO RecordID: 078693
2024-10-29 14:57:43 INFO Status: SUCCESS, Code: 1, Detail: Registro alterado com sucesso - Transportation
2024-10-29 14:57:44 INFO RecordID: 078694
2024-10-29 14:57:44 INFO Status: SUCCESS, Code: 1, Detail: Registro alterado com sucesso - Transportation
2024-10-29 14:57:45 INFO RecordID: 078695
2024-10-29 14:57:45 INFO Status: FAILURE, Code: -4, Detail: Parâmetro [WorkflowID] vazio ou não informado - Transportation
2024-10-29 14:57:46 INFO RecordID: 078696
2024-10-29 14:57:46 INFO Status: SUCCESS, Code: 1, Detail: Registro alterado com sucesso - Transportation
2024-10-29 14:57:47 INFO RecordID: 078697
2024-10-29 14:57:48 INFO Status: SUCCESS, Code: 1, Detail: Registro alterado com sucesso - Transportation
2024-10-29 14:57:48 INFO RecordID: 078698
2024-10-29 14:57:49 INFO Status: SUCCESS, Code: 1, Detail: Registro alterado com sucesso - Transportation
2024-10-29 14:57:49 INFO RecordID: 078699
2024-10-29 14:57:50 INFO Status: SUCCESS, Code: 1, Detail: Registro alterado com sucesso - Transportation
2024-10-29 14:57:50 INFO RecordID: 078700
2024-10-29 14:57:51 INFO Status: SUCCESS, Code: 1, Detail: Registro alterado com sucesso - Transportation
2024-10-29 14:57:51 INFO RecordID: 078701
2024-10-29 14:57:52 INFO Status: SUCCESS, Code: 1, Detail: Registro alterado com sucesso - Transportation
2024-10-29 14:57:52 INFO RecordID: 078702
2024-10-29 14:57:53 INFO Status: SUCCESS, Code: 1, Detail: Registro alterado com sucesso - Transportation
2024-10-29 14:57:53 INFO RecordID: 078703
2024-10-29 14:57:54 INFO Status: SUCCESS, Code: 1, Detail: Registro alterado com sucesso - Transportation
2024-10-29 14:57:54 INFO RecordID: 078704
