2024-11-04 09:34:34 INFO File downloaded successfully.200
2024-11-04 09:34:34 ERROR Error: ('28000', "[28000] [Microsoft][ODBC SQL Server Driver][SQL Server]Login failed for user 'sesuite_integracao'. (18456) (SQLDriverConnect); [28000] [Microsoft][ODBC SQL Server Driver][SQL Server]Login failed for user 'sesuite_integracao'. (18456)")
2024-11-04 09:38:42 INFO File downloaded successfully.200
2024-11-04 09:38:42 ERROR Error: ('28000', "[28000] [Microsoft][ODBC SQL Server Driver][SQL Server]Login failed for user 'sesuite_integracao'. (18456) (SQLDriverConnect); [28000] [Microsoft][ODBC SQL Server Driver][SQL Server]Login failed for user 'sesuite_integracao'. (18456)")
2024-11-04 09:39:14 INFO File downloaded successfully.200
2024-11-04 09:39:14 ERROR Error: ('28000', "[28000] [Microsoft][ODBC SQL Server Driver][SQL Server]Login failed for user 'sesuite_integracao'. (18456) (SQLDriverConnect); [28000] [Microsoft][ODBC SQL Server Driver][SQL Server]Login failed for user 'sesuite_integracao'. (18456)")
2024-11-04 09:40:37 INFO File downloaded successfully.200
2024-11-04 09:40:37 ERROR Error: ('28000', "[28000] [Microsoft][ODBC SQL Server Driver][SQL Server]Login failed for user 'sesuite_integracao'. (18456) (SQLDriverConnect); [28000] [Microsoft][ODBC SQL Server Driver][SQL Server]Login failed for user 'sesuite_integracao'. (18456)")
2024-11-04 09:42:08 INFO File downloaded successfully.200
2024-11-04 09:42:08 INFO Connection successful!
2024-11-04 09:42:08 INFO Brenno  already on SE
2024-11-04 09:42:08 INFO Daniel Bairros Perrone already on SE
2024-11-04 09:42:08 INFO Thaise Cardoso Cavalcante already on SE
2024-11-04 09:42:08 INFO Jairo de Faria Barros Filho. already on SE
2024-11-04 09:42:08 INFO Cleisson cordeiro dos santos  already on SE
2024-11-04 09:42:08 INFO ANA CAROLINE DE BORBA PETROSKI already on SE
2024-11-04 09:42:08 INFO Carlos Eduardo Beluco already on SE
2024-11-04 09:42:08 INFO Kethleen Lanna Lima Pinheiro  already on SE
2024-11-04 09:42:08 INFO Franciele Pagno already on SE
2024-11-04 09:42:08 INFO Pedro Vilson Fernandes Júnior already on SE
2024-11-04 09:42:08 INFO THIAGO CARLOS DE ALENCAR already on SE
2024-11-04 09:42:08 INFO DIANA VALLERY OLIVEIRA MOREIRA already on SE
2024-11-04 09:42:08 INFO PEDRO ANTONIO TESTONI BRUNKEN already on SE
2024-11-04 09:42:08 INFO LEONARDO CARDOSO SANTOS already on SE
2024-11-04 09:42:08 INFO Aline Souza da Luz already on SE
2024-11-04 09:42:08 INFO Maxmaihor Marques already on SE
2024-11-04 09:42:08 INFO Moises Daniel medina abreu already on SE
2024-11-04 09:42:08 INFO Matheus Gonçalves Enes  already on SE
2024-11-04 09:42:08 INFO AMANDA ESPINDOLA GODINHO DOS SANTOS already on SE
2024-11-04 09:42:08 INFO GLEIVIANE DA SILVA COSTA already on SE
2024-11-04 09:42:08 INFO ELUISA EYNG ROMANHA already on SE
2024-11-04 09:42:08 INFO ISABEL CRISTINA LEITE FURTADO already on SE
2024-11-04 09:42:08 INFO EDER JEAN GONÇALVES already on SE
2024-11-04 09:42:08 INFO ANA PAULA ARAUJO DE OLIVEIRA already on SE
2024-11-04 09:42:08 INFO Caroline Vieira Schmidt  already on SE
2024-11-04 09:42:08 INFO Nayara Angélica Struziatto Motta  already on SE
2024-11-04 09:42:08 INFO Rafael de Santana Teixeira Rinaldi already on SE
2024-11-04 09:42:08 INFO João Carlos Bonetti  already on SE
2024-11-04 09:42:08 INFO Patrícia Silva Rodrigues  already on SE
2024-11-04 09:42:08 INFO João Felipe Grosskopf already on SE
2024-11-04 09:42:08 INFO Claudia Jakelin Martinez Carrasquel  already on SE
2024-11-04 09:42:08 INFO RENAN REZENDE already on SE
2024-11-04 09:42:08 INFO Fabiana Sabino de Souza already on SE
2024-11-04 09:42:08 INFO Felipe  Souza already on SE
2024-11-04 09:42:08 INFO Igor Butzke already on SE
2024-11-04 09:42:08 INFO Michel Barboza Burilli  already on SE
2024-11-04 09:42:08 INFO Luiz Filipe Mafra  already on SE
2024-11-04 09:42:08 INFO Lucas Feitosa Silva already on SE
2024-11-04 09:42:08 INFO VALDIR PEDRO SCHWAAB already on SE
2024-11-04 09:42:08 INFO CARLOS EDUARDO DE BARROS already on SE
2024-11-04 09:42:08 INFO VITORIA EMANUELLE BATISTA VIEIRA  already on SE
2024-11-04 09:42:08 INFO VILMA GONÇALVES CORRA SOARES already on SE
2024-11-04 09:42:08 INFO Matheus william Gonçalves  already on SE
2024-11-04 09:42:08 INFO Mychelle Cordeiro de Oliveira already on SE
2024-11-04 09:42:08 INFO Cristiane Francine Tantsch da Silva  already on SE
2024-11-04 09:42:08 INFO Simone dos Santos Luciano  already on SE
2024-11-04 09:42:08 INFO Vitor Quintino  already on SE
2024-11-04 09:42:08 INFO Josicler Turassi  already on SE
2024-11-04 09:42:08 INFO Andreia Costa Sá already on SE
2024-11-04 09:42:08 INFO Tainá Do Nascimento correa dos Santos  already on SE
2024-11-04 09:42:08 INFO Gracilene Abigail de Souza  already on SE
2024-11-04 09:42:08 INFO ADRIANA REGINA HOLZ SELL already on SE
2024-11-04 09:42:08 INFO JHONY DE MORAES already on SE
2024-11-04 09:42:08 INFO Maria Luiza Pavoski Porto already on SE
2024-11-04 09:42:08 INFO Flávia Cheila Ternoski  already on SE
2024-11-04 09:42:08 INFO Patricia Rosa Will already on SE
2024-11-04 09:42:08 INFO Maria Luiza Melo Ferreira  already on SE
2024-11-04 09:42:08 INFO Martinha kruger  already on SE
2024-11-04 09:42:08 INFO Juan Carlos dos Santos  already on SE
2024-11-04 09:42:08 INFO PRISCILA DOS SANTOS MIGUEL already on SE
2024-11-04 09:42:08 INFO Jeferson Sobral  already on SE
2024-11-04 09:42:08 INFO Carine Rodrigues dos Santos  already on SE
2024-11-04 09:42:08 INFO Emmanuel Delfino dos Passos  already on SE
2024-11-04 09:42:08 INFO JAILSON DA SILVA already on SE
2024-11-04 09:42:08 INFO NAYARA MILENE ALVES already on SE
2024-11-04 09:42:08 INFO Maicon Alexandre de Oliveira  already on SE
2024-11-04 09:42:08 INFO Jefferson William Alves da Silva  already on SE
2024-11-04 09:42:08 INFO Cintia Mendes  already on SE
2024-11-04 09:42:08 INFO Eliane mara cercal already on SE
2024-11-04 09:42:08 INFO Juliane Belo Puccinelli already on SE
2024-11-04 09:42:08 INFO Rosana roque da Cunha Silva  already on SE
2024-11-04 09:42:08 INFO Schirley Dellandrea Hoffmann  already on SE
2024-11-04 09:42:08 INFO Karina Carvalho  already on SE
2024-11-04 09:42:09 INFO RecordID: 080606
2024-11-04 09:42:09 INFO Status: SUCCESS, Code: 1, Detail: Registro alterado com sucesso de Wesley Miguel de Amorim Transportation
2024-11-04 09:42:10 INFO RecordID: 080607
2024-11-04 09:42:10 INFO Status: SUCCESS, Code: 1, Detail: Registro alterado com sucesso de Rubens Vitório Lins Batista Transportation
2024-11-04 09:42:11 INFO RecordID: 080608
2024-11-04 09:42:11 INFO Status: SUCCESS, Code: 1, Detail: Registro alterado com sucesso de Elaine Muller  Transportation
2024-11-04 09:42:12 INFO RecordID: 080609
2024-11-04 09:42:12 INFO Status: SUCCESS, Code: 1, Detail: Registro alterado com sucesso de Janaina Fortunato Pereira Lima de Souza  Transportation
2024-11-04 09:42:13 INFO RecordID: 080610
2024-11-04 09:42:13 INFO Status: SUCCESS, Code: 1, Detail: Registro alterado com sucesso de Bruno Eduardo de Souza  Transportation
2024-11-04 09:42:14 INFO RecordID: 080611
2024-11-04 09:42:14 INFO Status: SUCCESS, Code: 1, Detail: Registro alterado com sucesso de Manuela Silva Souza Simão  Transportation
2024-11-04 09:42:15 INFO RecordID: 080612
2024-11-04 09:42:15 INFO Status: SUCCESS, Code: 1, Detail: Registro alterado com sucesso de Marcos Antônio Sandrini Transportation
2024-11-04 09:56:47 INFO File downloaded successfully.200
2024-11-04 09:56:47 INFO Connection successful!
2024-11-04 09:56:47 INFO Brenno  already on SE
2024-11-04 09:56:47 INFO Daniel Bairros Perrone already on SE
2024-11-04 09:56:47 INFO Thaise Cardoso Cavalcante already on SE
2024-11-04 09:56:47 INFO Jairo de Faria Barros Filho. already on SE
2024-11-04 09:56:47 INFO Cleisson cordeiro dos santos  already on SE
2024-11-04 09:56:47 INFO ANA CAROLINE DE BORBA PETROSKI already on SE
2024-11-04 09:56:47 INFO Carlos Eduardo Beluco already on SE
2024-11-04 09:56:47 INFO Kethleen Lanna Lima Pinheiro  already on SE
2024-11-04 09:56:47 INFO Franciele Pagno already on SE
2024-11-04 09:56:47 INFO Pedro Vilson Fernandes Júnior already on SE
2024-11-04 09:56:47 INFO THIAGO CARLOS DE ALENCAR already on SE
2024-11-04 09:56:47 INFO DIANA VALLERY OLIVEIRA MOREIRA already on SE
2024-11-04 09:56:47 INFO PEDRO ANTONIO TESTONI BRUNKEN already on SE
2024-11-04 09:56:47 INFO LEONARDO CARDOSO SANTOS already on SE
2024-11-04 09:56:47 INFO Aline Souza da Luz already on SE
2024-11-04 09:56:47 INFO Maxmaihor Marques already on SE
2024-11-04 09:56:47 INFO Moises Daniel medina abreu already on SE
2024-11-04 09:56:47 INFO Matheus Gonçalves Enes  already on SE
2024-11-04 09:56:47 INFO AMANDA ESPINDOLA GODINHO DOS SANTOS already on SE
2024-11-04 09:56:47 INFO GLEIVIANE DA SILVA COSTA already on SE
2024-11-04 09:56:47 INFO ELUISA EYNG ROMANHA already on SE
2024-11-04 09:56:47 INFO ISABEL CRISTINA LEITE FURTADO already on SE
2024-11-04 09:56:47 INFO EDER JEAN GONÇALVES already on SE
2024-11-04 09:56:47 INFO ANA PAULA ARAUJO DE OLIVEIRA already on SE
2024-11-04 09:56:47 INFO Caroline Vieira Schmidt  already on SE
2024-11-04 09:56:47 INFO Nayara Angélica Struziatto Motta  already on SE
2024-11-04 09:56:47 INFO Rafael de Santana Teixeira Rinaldi already on SE
2024-11-04 09:56:47 INFO João Carlos Bonetti  already on SE
2024-11-04 09:56:47 INFO Patrícia Silva Rodrigues  already on SE
2024-11-04 09:56:47 INFO João Felipe Grosskopf already on SE
2024-11-04 09:56:47 INFO Claudia Jakelin Martinez Carrasquel  already on SE
2024-11-04 09:56:47 INFO RENAN REZENDE already on SE
2024-11-04 09:56:47 INFO Fabiana Sabino de Souza already on SE
2024-11-04 09:56:47 INFO Felipe  Souza already on SE
2024-11-04 09:56:47 INFO Igor Butzke already on SE
2024-11-04 09:56:47 INFO Michel Barboza Burilli  already on SE
2024-11-04 09:56:47 INFO Luiz Filipe Mafra  already on SE
2024-11-04 09:56:47 INFO Lucas Feitosa Silva already on SE
2024-11-04 09:56:47 INFO VALDIR PEDRO SCHWAAB already on SE
2024-11-04 09:56:47 INFO CARLOS EDUARDO DE BARROS already on SE
2024-11-04 09:56:47 INFO VITORIA EMANUELLE BATISTA VIEIRA  already on SE
2024-11-04 09:56:47 INFO VILMA GONÇALVES CORRA SOARES already on SE
2024-11-04 09:56:47 INFO Matheus william Gonçalves  already on SE
2024-11-04 09:56:47 INFO Mychelle Cordeiro de Oliveira already on SE
2024-11-04 09:56:47 INFO Cristiane Francine Tantsch da Silva  already on SE
2024-11-04 09:56:47 INFO Simone dos Santos Luciano  already on SE
2024-11-04 09:56:47 INFO Vitor Quintino  already on SE
2024-11-04 09:56:47 INFO Josicler Turassi  already on SE
2024-11-04 09:56:47 INFO Andreia Costa Sá already on SE
2024-11-04 09:56:47 INFO Tainá Do Nascimento correa dos Santos  already on SE
2024-11-04 09:56:47 INFO Gracilene Abigail de Souza  already on SE
2024-11-04 09:56:47 INFO ADRIANA REGINA HOLZ SELL already on SE
2024-11-04 09:56:47 INFO JHONY DE MORAES already on SE
2024-11-04 09:56:47 INFO Maria Luiza Pavoski Porto already on SE
2024-11-04 09:56:47 INFO Flávia Cheila Ternoski  already on SE
2024-11-04 09:56:47 INFO Patricia Rosa Will already on SE
2024-11-04 09:56:47 INFO Maria Luiza Melo Ferreira  already on SE
2024-11-04 09:56:47 INFO Martinha kruger  already on SE
2024-11-04 09:56:47 INFO Juan Carlos dos Santos  already on SE
2024-11-04 09:56:47 INFO PRISCILA DOS SANTOS MIGUEL already on SE
2024-11-04 09:56:47 INFO Jeferson Sobral  already on SE
2024-11-04 09:56:47 INFO Carine Rodrigues dos Santos  already on SE
2024-11-04 09:56:47 INFO Emmanuel Delfino dos Passos  already on SE
2024-11-04 09:56:47 INFO JAILSON DA SILVA already on SE
2024-11-04 09:56:47 INFO NAYARA MILENE ALVES already on SE
2024-11-04 09:56:47 INFO Maicon Alexandre de Oliveira  already on SE
2024-11-04 09:56:47 INFO Jefferson William Alves da Silva  already on SE
2024-11-04 09:56:47 INFO Cintia Mendes  already on SE
2024-11-04 09:56:47 INFO Eliane mara cercal already on SE
2024-11-04 09:56:47 INFO Juliane Belo Puccinelli already on SE
2024-11-04 09:56:47 INFO Rosana roque da Cunha Silva  already on SE
2024-11-04 09:56:47 INFO Schirley Dellandrea Hoffmann  already on SE
2024-11-04 09:56:47 INFO Karina Carvalho  already on SE
2024-11-04 09:56:47 INFO Wesley Miguel de Amorim already on SE
2024-11-04 09:56:47 INFO Rubens Vitório Lins Batista already on SE
2024-11-04 09:56:47 INFO Elaine Muller  already on SE
2024-11-04 09:56:47 INFO Janaina Fortunato Pereira Lima de Souza  already on SE
2024-11-04 09:56:47 INFO Bruno Eduardo de Souza  already on SE
2024-11-04 09:56:47 INFO Manuela Silva Souza Simão  already on SE
2024-11-04 09:56:47 INFO Marcos Antônio Sandrini already on SE
2024-11-04 09:56:48 INFO RecordID: 080614
2024-11-04 11:10:33 INFO File downloaded successfully.200
2024-11-04 11:10:33 INFO Connection successful!
2024-11-04 11:10:33 INFO Brenno  already on SE
2024-11-04 11:10:33 INFO Daniel Bairros Perrone already on SE
2024-11-04 11:10:33 INFO Thaise Cardoso Cavalcante already on SE
2024-11-04 11:10:33 INFO Jairo de Faria Barros Filho. already on SE
2024-11-04 11:10:33 INFO Cleisson cordeiro dos santos  already on SE
2024-11-04 11:10:33 INFO ANA CAROLINE DE BORBA PETROSKI already on SE
2024-11-04 11:10:33 INFO Carlos Eduardo Beluco already on SE
2024-11-04 11:10:33 INFO Kethleen Lanna Lima Pinheiro  already on SE
2024-11-04 11:10:33 INFO Franciele Pagno already on SE
2024-11-04 11:10:33 INFO Pedro Vilson Fernandes Júnior already on SE
2024-11-04 11:10:33 INFO THIAGO CARLOS DE ALENCAR already on SE
2024-11-04 11:10:33 INFO DIANA VALLERY OLIVEIRA MOREIRA already on SE
2024-11-04 11:10:33 INFO PEDRO ANTONIO TESTONI BRUNKEN already on SE
2024-11-04 11:10:33 INFO LEONARDO CARDOSO SANTOS already on SE
2024-11-04 11:10:33 INFO Aline Souza da Luz already on SE
2024-11-04 11:10:33 INFO Maxmaihor Marques already on SE
2024-11-04 11:10:33 INFO Moises Daniel medina abreu already on SE
2024-11-04 11:10:33 INFO Matheus Gonçalves Enes  already on SE
2024-11-04 11:10:33 INFO AMANDA ESPINDOLA GODINHO DOS SANTOS already on SE
2024-11-04 11:10:33 INFO GLEIVIANE DA SILVA COSTA already on SE
2024-11-04 11:10:33 INFO ELUISA EYNG ROMANHA already on SE
2024-11-04 11:10:33 INFO ISABEL CRISTINA LEITE FURTADO already on SE
2024-11-04 11:10:33 INFO EDER JEAN GONÇALVES already on SE
2024-11-04 11:10:33 INFO ANA PAULA ARAUJO DE OLIVEIRA already on SE
2024-11-04 11:10:33 INFO Caroline Vieira Schmidt  already on SE
2024-11-04 11:10:33 INFO Nayara Angélica Struziatto Motta  already on SE
2024-11-04 11:10:33 INFO Rafael de Santana Teixeira Rinaldi already on SE
2024-11-04 11:10:33 INFO João Carlos Bonetti  already on SE
2024-11-04 11:10:33 INFO Patrícia Silva Rodrigues  already on SE
2024-11-04 11:10:33 INFO João Felipe Grosskopf already on SE
2024-11-04 11:10:33 INFO Claudia Jakelin Martinez Carrasquel  already on SE
2024-11-04 11:10:33 INFO RENAN REZENDE already on SE
2024-11-04 11:10:33 INFO Fabiana Sabino de Souza already on SE
2024-11-04 11:10:33 INFO Felipe  Souza already on SE
2024-11-04 11:10:33 INFO Igor Butzke already on SE
2024-11-04 11:10:33 INFO Michel Barboza Burilli  already on SE
2024-11-04 11:10:33 INFO Luiz Filipe Mafra  already on SE
2024-11-04 11:10:33 INFO Lucas Feitosa Silva already on SE
2024-11-04 11:10:33 INFO VALDIR PEDRO SCHWAAB already on SE
2024-11-04 11:10:33 INFO CARLOS EDUARDO DE BARROS already on SE
2024-11-04 11:10:33 INFO VITORIA EMANUELLE BATISTA VIEIRA  already on SE
2024-11-04 11:10:33 INFO VILMA GONÇALVES CORRA SOARES already on SE
2024-11-04 11:10:33 INFO Matheus william Gonçalves  already on SE
2024-11-04 11:10:33 INFO Mychelle Cordeiro de Oliveira already on SE
2024-11-04 11:10:33 INFO Cristiane Francine Tantsch da Silva  already on SE
2024-11-04 11:10:33 INFO Simone dos Santos Luciano  already on SE
2024-11-04 11:10:33 INFO Vitor Quintino  already on SE
2024-11-04 11:10:33 INFO Josicler Turassi  already on SE
2024-11-04 11:10:33 INFO Andreia Costa Sá already on SE
2024-11-04 11:10:33 INFO Tainá Do Nascimento correa dos Santos  already on SE
2024-11-04 11:10:33 INFO Gracilene Abigail de Souza  already on SE
2024-11-04 11:10:33 INFO ADRIANA REGINA HOLZ SELL already on SE
2024-11-04 11:10:33 INFO JHONY DE MORAES already on SE
2024-11-04 11:10:33 INFO Maria Luiza Pavoski Porto already on SE
2024-11-04 11:10:33 INFO Flávia Cheila Ternoski  already on SE
2024-11-04 11:10:33 INFO Patricia Rosa Will already on SE
2024-11-04 11:10:33 INFO Maria Luiza Melo Ferreira  already on SE
2024-11-04 11:10:33 INFO Martinha kruger  already on SE
2024-11-04 11:10:33 INFO Juan Carlos dos Santos  already on SE
2024-11-04 11:10:33 INFO PRISCILA DOS SANTOS MIGUEL already on SE
2024-11-04 11:10:33 INFO Jeferson Sobral  already on SE
2024-11-04 11:10:33 INFO Carine Rodrigues dos Santos  already on SE
2024-11-04 11:10:33 INFO Emmanuel Delfino dos Passos  already on SE
2024-11-04 11:10:33 INFO JAILSON DA SILVA already on SE
2024-11-04 11:10:33 INFO NAYARA MILENE ALVES already on SE
2024-11-04 11:10:33 INFO Maicon Alexandre de Oliveira  already on SE
2024-11-04 11:10:33 INFO Jefferson William Alves da Silva  already on SE
2024-11-04 11:10:33 INFO Cintia Mendes  already on SE
2024-11-04 11:10:33 INFO Eliane mara cercal already on SE
2024-11-04 11:10:33 INFO Juliane Belo Puccinelli already on SE
2024-11-04 11:10:33 INFO Rosana roque da Cunha Silva  already on SE
2024-11-04 11:10:33 INFO Schirley Dellandrea Hoffmann  already on SE
2024-11-04 11:10:33 INFO Karina Carvalho  already on SE
2024-11-04 11:10:33 INFO Wesley Miguel de Amorim already on SE
2024-11-04 11:10:33 INFO Rubens Vitório Lins Batista already on SE
2024-11-04 11:10:33 INFO Elaine Muller  already on SE
2024-11-04 11:10:33 INFO Janaina Fortunato Pereira Lima de Souza  already on SE
2024-11-04 11:10:33 INFO Bruno Eduardo de Souza  already on SE
2024-11-04 11:10:33 INFO Manuela Silva Souza Simão  already on SE
2024-11-04 11:10:33 INFO Marcos Antônio Sandrini already on SE
2024-11-04 11:10:33 INFO Dayana Martins Ramos  already on SE
2024-11-04 11:10:34 INFO RecordID: 080616
2024-11-04 11:10:35 INFO Status: SUCCESS, Code: 1, Detail: Registro alterado com sucesso de Vivian Maria Linhares  Transportation
2024-11-04 11:10:35 INFO RecordID: 080617
2024-11-04 11:10:36 INFO Status: SUCCESS, Code: 1, Detail: Registro alterado com sucesso de Eliete Alves  Transportation
2024-11-04 11:10:36 INFO RecordID: 080618
2024-11-04 11:35:43 INFO File downloaded successfully.200
2024-11-04 11:35:43 INFO Connection successful!
2024-11-04 11:35:43 INFO Brenno  already on SE
2024-11-04 11:35:43 INFO Daniel Bairros Perrone already on SE
2024-11-04 11:35:43 INFO Thaise Cardoso Cavalcante already on SE
2024-11-04 11:35:43 INFO Jairo de Faria Barros Filho. already on SE
2024-11-04 11:35:43 INFO Cleisson cordeiro dos santos  already on SE
2024-11-04 11:35:43 INFO ANA CAROLINE DE BORBA PETROSKI already on SE
2024-11-04 11:35:43 INFO Carlos Eduardo Beluco already on SE
2024-11-04 11:35:43 INFO Kethleen Lanna Lima Pinheiro  already on SE
2024-11-04 11:35:43 INFO Franciele Pagno already on SE
2024-11-04 11:35:43 INFO Pedro Vilson Fernandes Júnior already on SE
2024-11-04 11:35:43 INFO THIAGO CARLOS DE ALENCAR already on SE
2024-11-04 11:35:43 INFO DIANA VALLERY OLIVEIRA MOREIRA already on SE
2024-11-04 11:35:43 INFO PEDRO ANTONIO TESTONI BRUNKEN already on SE
2024-11-04 11:35:43 INFO LEONARDO CARDOSO SANTOS already on SE
2024-11-04 11:35:43 INFO Aline Souza da Luz already on SE
2024-11-04 11:35:43 INFO Maxmaihor Marques already on SE
2024-11-04 11:35:43 INFO Moises Daniel medina abreu already on SE
2024-11-04 11:35:43 INFO Matheus Gonçalves Enes  already on SE
2024-11-04 11:35:43 INFO AMANDA ESPINDOLA GODINHO DOS SANTOS already on SE
2024-11-04 11:35:43 INFO GLEIVIANE DA SILVA COSTA already on SE
2024-11-04 11:35:43 INFO ELUISA EYNG ROMANHA already on SE
2024-11-04 11:35:43 INFO ISABEL CRISTINA LEITE FURTADO already on SE
2024-11-04 11:35:43 INFO EDER JEAN GONÇALVES already on SE
2024-11-04 11:35:43 INFO ANA PAULA ARAUJO DE OLIVEIRA already on SE
2024-11-04 11:35:43 INFO Caroline Vieira Schmidt  already on SE
2024-11-04 11:35:43 INFO Nayara Angélica Struziatto Motta  already on SE
2024-11-04 11:35:43 INFO Rafael de Santana Teixeira Rinaldi already on SE
2024-11-04 11:35:43 INFO João Carlos Bonetti  already on SE
2024-11-04 11:35:43 INFO Patrícia Silva Rodrigues  already on SE
2024-11-04 11:35:43 INFO João Felipe Grosskopf already on SE
2024-11-04 11:35:43 INFO Claudia Jakelin Martinez Carrasquel  already on SE
2024-11-04 11:35:43 INFO RENAN REZENDE already on SE
2024-11-04 11:35:43 INFO Fabiana Sabino de Souza already on SE
2024-11-04 11:35:43 INFO Felipe  Souza already on SE
2024-11-04 11:35:43 INFO Igor Butzke already on SE
2024-11-04 11:35:43 INFO Michel Barboza Burilli  already on SE
2024-11-04 11:35:43 INFO Luiz Filipe Mafra  already on SE
2024-11-04 11:35:43 INFO Lucas Feitosa Silva already on SE
2024-11-04 11:35:43 INFO VALDIR PEDRO SCHWAAB already on SE
2024-11-04 11:35:43 INFO CARLOS EDUARDO DE BARROS already on SE
2024-11-04 11:35:43 INFO VITORIA EMANUELLE BATISTA VIEIRA  already on SE
2024-11-04 11:35:43 INFO VILMA GONÇALVES CORRA SOARES already on SE
2024-11-04 11:35:43 INFO Matheus william Gonçalves  already on SE
2024-11-04 11:35:43 INFO Mychelle Cordeiro de Oliveira already on SE
2024-11-04 11:35:43 INFO Cristiane Francine Tantsch da Silva  already on SE
2024-11-04 11:35:43 INFO Simone dos Santos Luciano  already on SE
2024-11-04 11:35:43 INFO Vitor Quintino  already on SE
2024-11-04 11:35:43 INFO Josicler Turassi  already on SE
2024-11-04 11:35:43 INFO Andreia Costa Sá already on SE
2024-11-04 11:35:43 INFO Tainá Do Nascimento correa dos Santos  already on SE
2024-11-04 11:35:43 INFO Gracilene Abigail de Souza  already on SE
2024-11-04 11:35:43 INFO ADRIANA REGINA HOLZ SELL already on SE
2024-11-04 11:35:43 INFO JHONY DE MORAES already on SE
2024-11-04 11:35:43 INFO Maria Luiza Pavoski Porto already on SE
2024-11-04 11:35:43 INFO Flávia Cheila Ternoski  already on SE
2024-11-04 11:35:43 INFO Patricia Rosa Will already on SE
2024-11-04 11:35:43 INFO Maria Luiza Melo Ferreira  already on SE
2024-11-04 11:35:43 INFO Martinha kruger  already on SE
2024-11-04 11:35:43 INFO Juan Carlos dos Santos  already on SE
2024-11-04 11:35:43 INFO PRISCILA DOS SANTOS MIGUEL already on SE
2024-11-04 11:35:43 INFO Jeferson Sobral  already on SE
2024-11-04 11:35:43 INFO Carine Rodrigues dos Santos  already on SE
2024-11-04 11:35:43 INFO Emmanuel Delfino dos Passos  already on SE
2024-11-04 11:35:43 INFO JAILSON DA SILVA already on SE
2024-11-04 11:35:43 INFO NAYARA MILENE ALVES already on SE
2024-11-04 11:35:43 INFO Maicon Alexandre de Oliveira  already on SE
2024-11-04 11:35:43 INFO Jefferson William Alves da Silva  already on SE
2024-11-04 11:35:43 INFO Cintia Mendes  already on SE
2024-11-04 11:35:43 INFO Eliane mara cercal already on SE
2024-11-04 11:35:43 INFO Juliane Belo Puccinelli already on SE
2024-11-04 11:35:43 INFO Rosana roque da Cunha Silva  already on SE
2024-11-04 11:35:43 INFO Schirley Dellandrea Hoffmann  already on SE
2024-11-04 11:35:43 INFO Karina Carvalho  already on SE
2024-11-04 11:35:43 INFO Wesley Miguel de Amorim already on SE
2024-11-04 11:35:43 INFO Rubens Vitório Lins Batista already on SE
2024-11-04 11:35:43 INFO Elaine Muller  already on SE
2024-11-04 11:35:43 INFO Janaina Fortunato Pereira Lima de Souza  already on SE
2024-11-04 11:35:43 INFO Bruno Eduardo de Souza  already on SE
2024-11-04 11:35:43 INFO Manuela Silva Souza Simão  already on SE
2024-11-04 11:35:43 INFO Marcos Antônio Sandrini already on SE
2024-11-04 11:35:43 INFO Dayana Martins Ramos  already on SE
2024-11-04 11:35:43 INFO Vivian Maria Linhares  already on SE
2024-11-04 11:35:43 INFO Eliete Alves  already on SE
2024-11-04 11:35:44 INFO RecordID: 080619
2024-11-04 11:35:45 INFO Status: SUCCESS, Code: 1, Detail: Registro alterado com sucesso de Themístocles Duarte  Transportation
2024-11-04 11:35:45 INFO RecordID: 080620
2024-11-04 11:35:46 INFO Status: SUCCESS, Code: 1, Detail: Registro alterado com sucesso de Nancy Esperanza Patino Castellanos  Transportation
2024-11-04 11:35:46 INFO RecordID: 080621
2024-11-04 11:39:07 INFO File downloaded successfully.200
2024-11-04 11:39:08 INFO Connection successful!
2024-11-04 11:39:08 INFO RecordID: 080622
2024-11-04 11:39:09 INFO Status: SUCCESS, Code: 1, Detail: Registro alterado com sucesso de Brenno  Transportation
2024-11-04 11:39:10 INFO Status: SUCCESS, Code: 1, Detail: Atividade executada com sucesso. - Close Workflow
2024-11-04 11:39:10 INFO Daniel Bairros Perrone already on SE
2024-11-04 11:39:10 INFO Thaise Cardoso Cavalcante already on SE
2024-11-04 11:39:11 INFO RecordID: 080623
2024-11-04 11:39:11 INFO Status: SUCCESS, Code: 1, Detail: Registro alterado com sucesso de Jairo de Faria Barros Filho. Transportation
2024-11-04 11:39:12 INFO Status: SUCCESS, Code: 1, Detail: Atividade executada com sucesso. - Close Workflow
2024-11-04 11:39:12 INFO Cleisson cordeiro dos santos  already on SE
2024-11-04 11:39:12 INFO ANA CAROLINE DE BORBA PETROSKI already on SE
2024-11-04 11:39:12 INFO Carlos Eduardo Beluco already on SE
2024-11-04 11:39:13 INFO RecordID: 080624
2024-11-04 11:39:13 INFO Status: SUCCESS, Code: 1, Detail: Registro alterado com sucesso de Kethleen Lanna Lima Pinheiro  Transportation
2024-11-04 11:39:14 INFO Status: SUCCESS, Code: 1, Detail: Atividade executada com sucesso. - Close Workflow
2024-11-04 11:39:14 INFO Franciele Pagno already on SE
2024-11-04 11:39:14 INFO Pedro Vilson Fernandes Júnior already on SE
2024-11-04 11:39:14 INFO THIAGO CARLOS DE ALENCAR already on SE
2024-11-04 11:39:14 INFO DIANA VALLERY OLIVEIRA MOREIRA already on SE
2024-11-04 11:39:14 INFO PEDRO ANTONIO TESTONI BRUNKEN already on SE
2024-11-04 11:39:14 INFO LEONARDO CARDOSO SANTOS already on SE
2024-11-04 11:39:14 INFO Aline Souza da Luz already on SE
2024-11-04 11:39:14 INFO Maxmaihor Marques already on SE
2024-11-04 11:39:14 INFO Moises Daniel medina abreu already on SE
2024-11-04 11:39:14 INFO Matheus Gonçalves Enes  already on SE
2024-11-04 11:39:14 INFO AMANDA ESPINDOLA GODINHO DOS SANTOS already on SE
2024-11-04 11:39:14 INFO GLEIVIANE DA SILVA COSTA already on SE
2024-11-04 11:39:15 INFO RecordID: 080625
2024-11-04 11:39:15 INFO Status: SUCCESS, Code: 1, Detail: Registro alterado com sucesso de ELUISA EYNG ROMANHA Transportation
2024-11-04 11:39:16 INFO Status: SUCCESS, Code: 1, Detail: Atividade executada com sucesso. - Close Workflow
2024-11-04 11:39:16 INFO ISABEL CRISTINA LEITE FURTADO already on SE
2024-11-04 11:39:16 INFO EDER JEAN GONÇALVES already on SE
2024-11-04 11:39:16 INFO ANA PAULA ARAUJO DE OLIVEIRA already on SE
2024-11-04 11:39:16 INFO Caroline Vieira Schmidt  already on SE
2024-11-04 11:39:16 INFO Nayara Angélica Struziatto Motta  already on SE
2024-11-04 11:39:16 INFO Rafael de Santana Teixeira Rinaldi already on SE
2024-11-04 11:39:16 INFO João Carlos Bonetti  already on SE
2024-11-04 11:39:16 INFO Patrícia Silva Rodrigues  already on SE
2024-11-04 11:39:16 INFO João Felipe Grosskopf already on SE
2024-11-04 11:39:16 INFO Claudia Jakelin Martinez Carrasquel  already on SE
2024-11-04 11:39:16 INFO RENAN REZENDE already on SE
2024-11-04 11:39:16 INFO Fabiana Sabino de Souza already on SE
2024-11-04 11:39:16 INFO Felipe  Souza already on SE
2024-11-04 11:39:16 INFO Igor Butzke already on SE
2024-11-04 11:39:16 INFO Michel Barboza Burilli  already on SE
2024-11-04 11:39:16 INFO Luiz Filipe Mafra  already on SE
2024-11-04 11:39:16 INFO Lucas Feitosa Silva already on SE
2024-11-04 11:39:16 INFO VALDIR PEDRO SCHWAAB already on SE
2024-11-04 11:39:16 INFO CARLOS EDUARDO DE BARROS already on SE
2024-11-04 11:39:16 INFO VITORIA EMANUELLE BATISTA VIEIRA  already on SE
2024-11-04 11:39:16 INFO VILMA GONÇALVES CORRA SOARES already on SE
2024-11-04 11:39:16 INFO Matheus william Gonçalves  already on SE
2024-11-04 11:39:16 INFO Mychelle Cordeiro de Oliveira already on SE
2024-11-04 11:39:16 INFO Cristiane Francine Tantsch da Silva  already on SE
2024-11-04 11:39:16 INFO Simone dos Santos Luciano  already on SE
2024-11-04 11:39:16 INFO Vitor Quintino  already on SE
2024-11-04 11:39:16 INFO Josicler Turassi  already on SE
2024-11-04 11:39:16 INFO Andreia Costa Sá already on SE
2024-11-04 11:39:17 INFO RecordID: 080626
2024-11-04 11:39:18 INFO Status: SUCCESS, Code: 1, Detail: Registro alterado com sucesso de Tainá Do Nascimento correa dos Santos  Transportation
2024-11-04 11:39:19 INFO Status: SUCCESS, Code: 1, Detail: Atividade executada com sucesso. - Close Workflow
2024-11-04 11:39:19 INFO Gracilene Abigail de Souza  already on SE
2024-11-04 11:39:19 INFO ADRIANA REGINA HOLZ SELL already on SE
2024-11-04 11:39:19 INFO JHONY DE MORAES already on SE
2024-11-04 11:39:19 INFO Maria Luiza Pavoski Porto already on SE
2024-11-04 11:39:19 INFO Flávia Cheila Ternoski  already on SE
2024-11-04 11:39:19 INFO Patricia Rosa Will already on SE
2024-11-04 11:39:19 INFO Maria Luiza Melo Ferreira  already on SE
2024-11-04 11:39:19 INFO Martinha kruger  already on SE
2024-11-04 11:39:19 INFO Juan Carlos dos Santos  already on SE
2024-11-04 11:39:19 INFO PRISCILA DOS SANTOS MIGUEL already on SE
2024-11-04 11:39:19 INFO Jeferson Sobral  already on SE
2024-11-04 11:39:19 INFO Carine Rodrigues dos Santos  already on SE
2024-11-04 11:39:19 INFO Emmanuel Delfino dos Passos  already on SE
2024-11-04 11:39:19 INFO JAILSON DA SILVA already on SE
2024-11-04 11:39:19 INFO NAYARA MILENE ALVES already on SE
2024-11-04 11:39:19 INFO Maicon Alexandre de Oliveira  already on SE
2024-11-04 11:39:19 INFO Jefferson William Alves da Silva  already on SE
2024-11-04 11:39:19 INFO RecordID: 080627
2024-11-04 11:39:20 INFO Status: SUCCESS, Code: 1, Detail: Registro alterado com sucesso de Cintia Mendes  Transportation
2024-11-04 11:39:20 INFO Status: SUCCESS, Code: 1, Detail: Atividade executada com sucesso. - Close Workflow
2024-11-04 11:39:21 INFO RecordID: 080628
2024-11-04 11:39:21 INFO Status: SUCCESS, Code: 1, Detail: Registro alterado com sucesso de Eliane mara cercal Transportation
2024-11-04 11:39:23 INFO Status: SUCCESS, Code: 1, Detail: Atividade executada com sucesso. - Close Workflow
2024-11-04 11:39:23 INFO RecordID: 080629
2024-11-04 11:39:23 INFO Status: SUCCESS, Code: 1, Detail: Registro alterado com sucesso de Juliane Belo Puccinelli Transportation
2024-11-04 11:39:25 INFO Status: SUCCESS, Code: 1, Detail: Atividade executada com sucesso. - Close Workflow
2024-11-04 11:39:25 INFO RecordID: 080630
2024-11-04 11:39:26 INFO Status: SUCCESS, Code: 1, Detail: Registro alterado com sucesso de Rosana roque da Cunha Silva  Transportation
2024-11-04 11:39:27 INFO Status: SUCCESS, Code: 1, Detail: Atividade executada com sucesso. - Close Workflow
2024-11-04 11:39:28 INFO RecordID: 080631
2024-11-04 11:39:28 INFO Status: SUCCESS, Code: 1, Detail: Registro alterado com sucesso de Schirley Dellandrea Hoffmann  Transportation
2024-11-04 11:39:29 INFO Status: SUCCESS, Code: 1, Detail: Atividade executada com sucesso. - Close Workflow
2024-11-04 11:39:30 INFO RecordID: 080632
2024-11-04 11:39:30 INFO Status: SUCCESS, Code: 1, Detail: Registro alterado com sucesso de Karina Carvalho  Transportation
2024-11-04 11:39:31 INFO Status: SUCCESS, Code: 1, Detail: Atividade executada com sucesso. - Close Workflow
2024-11-04 11:39:32 INFO RecordID: 080633
2024-11-04 11:39:32 INFO Status: SUCCESS, Code: 1, Detail: Registro alterado com sucesso de Wesley Miguel de Amorim Transportation
2024-11-04 11:39:34 INFO Status: SUCCESS, Code: 1, Detail: Atividade executada com sucesso. - Close Workflow
2024-11-04 11:39:34 INFO RecordID: 080634
2024-11-04 11:39:35 INFO Status: SUCCESS, Code: 1, Detail: Registro alterado com sucesso de Rubens Vitório Lins Batista Transportation
2024-11-04 11:39:36 INFO Status: SUCCESS, Code: 1, Detail: Atividade executada com sucesso. - Close Workflow
2024-11-04 11:39:36 INFO RecordID: 080635
2024-11-04 11:39:36 INFO Status: SUCCESS, Code: 1, Detail: Registro alterado com sucesso de Elaine Muller  Transportation
2024-11-04 11:39:37 INFO Status: SUCCESS, Code: 1, Detail: Atividade executada com sucesso. - Close Workflow
2024-11-04 11:39:38 INFO RecordID: 080636
2024-11-04 11:39:38 INFO Status: SUCCESS, Code: 1, Detail: Registro alterado com sucesso de Janaina Fortunato Pereira Lima de Souza  Transportation
2024-11-04 11:39:39 INFO Status: SUCCESS, Code: 1, Detail: Atividade executada com sucesso. - Close Workflow
2024-11-04 11:39:40 INFO RecordID: 080637
2024-11-04 11:39:40 INFO Status: SUCCESS, Code: 1, Detail: Registro alterado com sucesso de Bruno Eduardo de Souza  Transportation
2024-11-04 11:39:41 INFO Status: SUCCESS, Code: 1, Detail: Atividade executada com sucesso. - Close Workflow
2024-11-04 11:39:42 INFO RecordID: 080638
2024-11-04 11:39:42 INFO Status: SUCCESS, Code: 1, Detail: Registro alterado com sucesso de Manuela Silva Souza Simão  Transportation
2024-11-04 11:39:43 INFO Status: SUCCESS, Code: 1, Detail: Atividade executada com sucesso. - Close Workflow
2024-11-04 11:39:44 INFO RecordID: 080639
2024-11-04 11:39:44 INFO Status: SUCCESS, Code: 1, Detail: Registro alterado com sucesso de Marcos Antônio Sandrini Transportation
2024-11-04 11:39:45 INFO Status: SUCCESS, Code: 1, Detail: Atividade executada com sucesso. - Close Workflow
2024-11-04 11:39:46 INFO RecordID: 080640
2024-11-04 11:39:46 INFO Status: SUCCESS, Code: 1, Detail: Registro alterado com sucesso de Dayana Martins Ramos  Transportation
2024-11-04 11:39:47 INFO Status: SUCCESS, Code: 1, Detail: Atividade executada com sucesso. - Close Workflow
2024-11-04 11:39:48 INFO RecordID: 080641
2024-11-04 11:39:48 INFO Status: SUCCESS, Code: 1, Detail: Registro alterado com sucesso de Vivian Maria Linhares  Transportation
2024-11-04 11:39:49 INFO Status: SUCCESS, Code: 1, Detail: Atividade executada com sucesso. - Close Workflow
2024-11-04 11:39:50 INFO RecordID: 080642
2024-11-04 11:39:50 INFO Status: SUCCESS, Code: 1, Detail: Registro alterado com sucesso de Eliete Alves  Transportation
2024-11-04 11:39:52 INFO Status: SUCCESS, Code: 1, Detail: Atividade executada com sucesso. - Close Workflow
2024-11-04 11:39:52 INFO RecordID: 080643
2024-11-04 11:39:53 INFO Status: SUCCESS, Code: 1, Detail: Registro alterado com sucesso de Themístocles Duarte  Transportation
2024-11-04 11:39:54 INFO Status: SUCCESS, Code: 1, Detail: Atividade executada com sucesso. - Close Workflow
2024-11-04 11:40:04 INFO RecordID: 080644
2024-11-04 11:40:04 INFO Status: SUCCESS, Code: 1, Detail: Registro alterado com sucesso de Nancy Esperanza Patino Castellanos  Transportation
2024-11-04 11:40:05 INFO Status: SUCCESS, Code: 1, Detail: Atividade executada com sucesso. - Close Workflow
2024-11-04 11:40:05 INFO RecordID: 080645
2024-11-04 11:40:06 INFO Status: SUCCESS, Code: 1, Detail: Registro alterado com sucesso de Giani Gonçalves  Transportation
2024-11-04 11:40:07 INFO Status: SUCCESS, Code: 1, Detail: Atividade executada com sucesso. - Close Workflow
2024-11-04 11:40:07 INFO RecordID: 080646
2024-11-04 11:40:08 INFO Status: SUCCESS, Code: 1, Detail: Registro alterado com sucesso de Luiza Karine de Jesus Transportation
2024-11-04 11:40:09 INFO Status: SUCCESS, Code: 1, Detail: Atividade executada com sucesso. - Close Workflow
2024-11-04 11:40:10 INFO RecordID: 080647
2024-11-04 11:40:10 INFO Status: SUCCESS, Code: 1, Detail: Registro alterado com sucesso de Grazieli ines cervo  Transportation
2024-11-04 11:40:11 INFO Status: SUCCESS, Code: 1, Detail: Atividade executada com sucesso. - Close Workflow
2024-11-04 11:40:12 INFO RecordID: 080648
2024-11-04 11:40:12 INFO Status: SUCCESS, Code: 1, Detail: Registro alterado com sucesso de Helena Lemos Simon  Transportation
2024-11-04 11:40:13 INFO Status: SUCCESS, Code: 1, Detail: Atividade executada com sucesso. - Close Workflow
2024-11-04 11:40:14 INFO RecordID: 080649
2024-11-04 11:40:14 INFO Status: SUCCESS, Code: 1, Detail: Registro alterado com sucesso de Alessandra Avelino de Oliveira Transportation
2024-11-04 11:40:15 INFO Status: SUCCESS, Code: 1, Detail: Atividade executada com sucesso. - Close Workflow
2024-11-04 11:56:40 INFO File downloaded successfully.200
2024-11-04 11:56:40 INFO Connection successful!
2024-11-04 11:56:40 INFO Brenno  already on SE
2024-11-04 11:56:40 INFO Daniel Bairros Perrone already on SE
2024-11-04 11:56:40 INFO Thaise Cardoso Cavalcante already on SE
2024-11-04 11:56:40 INFO Jairo de Faria Barros Filho. already on SE
2024-11-04 11:56:40 INFO Cleisson cordeiro dos santos  already on SE
2024-11-04 11:56:40 INFO ANA CAROLINE DE BORBA PETROSKI already on SE
2024-11-04 11:56:40 INFO Carlos Eduardo Beluco already on SE
2024-11-04 11:56:40 INFO Kethleen Lanna Lima Pinheiro  already on SE
2024-11-04 11:56:40 INFO Franciele Pagno already on SE
2024-11-04 11:56:40 INFO Pedro Vilson Fernandes Júnior already on SE
2024-11-04 11:56:40 INFO THIAGO CARLOS DE ALENCAR already on SE
2024-11-04 11:56:40 INFO DIANA VALLERY OLIVEIRA MOREIRA already on SE
2024-11-04 11:56:40 INFO PEDRO ANTONIO TESTONI BRUNKEN already on SE
2024-11-04 11:56:40 INFO LEONARDO CARDOSO SANTOS already on SE
2024-11-04 11:56:40 INFO Aline Souza da Luz already on SE
2024-11-04 11:56:40 INFO Maxmaihor Marques already on SE
2024-11-04 11:56:40 INFO Moises Daniel medina abreu already on SE
2024-11-04 11:56:40 INFO Matheus Gonçalves Enes  already on SE
2024-11-04 11:56:40 INFO AMANDA ESPINDOLA GODINHO DOS SANTOS already on SE
2024-11-04 11:56:40 INFO GLEIVIANE DA SILVA COSTA already on SE
2024-11-04 11:56:40 INFO ELUISA EYNG ROMANHA already on SE
2024-11-04 11:56:40 INFO ISABEL CRISTINA LEITE FURTADO already on SE
2024-11-04 11:56:40 INFO EDER JEAN GONÇALVES already on SE
2024-11-04 11:56:40 INFO ANA PAULA ARAUJO DE OLIVEIRA already on SE
2024-11-04 11:56:40 INFO Caroline Vieira Schmidt  already on SE
2024-11-04 11:56:40 INFO Nayara Angélica Struziatto Motta  already on SE
2024-11-04 11:56:40 INFO Rafael de Santana Teixeira Rinaldi already on SE
2024-11-04 11:56:40 INFO João Carlos Bonetti  already on SE
2024-11-04 11:56:40 INFO Patrícia Silva Rodrigues  already on SE
2024-11-04 11:56:40 INFO João Felipe Grosskopf already on SE
2024-11-04 11:56:40 INFO Claudia Jakelin Martinez Carrasquel  already on SE
2024-11-04 11:56:40 INFO RENAN REZENDE already on SE
2024-11-04 11:56:40 INFO Fabiana Sabino de Souza already on SE
2024-11-04 11:56:40 INFO Felipe  Souza already on SE
2024-11-04 11:56:40 INFO Igor Butzke already on SE
2024-11-04 11:56:40 INFO Michel Barboza Burilli  already on SE
2024-11-04 11:56:40 INFO Luiz Filipe Mafra  already on SE
2024-11-04 11:56:40 INFO Lucas Feitosa Silva already on SE
2024-11-04 11:56:40 INFO VALDIR PEDRO SCHWAAB already on SE
2024-11-04 11:56:40 INFO CARLOS EDUARDO DE BARROS already on SE
2024-11-04 11:56:40 INFO VITORIA EMANUELLE BATISTA VIEIRA  already on SE
2024-11-04 11:56:40 INFO VILMA GONÇALVES CORRA SOARES already on SE
2024-11-04 11:56:40 INFO Matheus william Gonçalves  already on SE
2024-11-04 11:56:40 INFO Mychelle Cordeiro de Oliveira already on SE
2024-11-04 11:56:40 INFO Cristiane Francine Tantsch da Silva  already on SE
2024-11-04 11:56:40 INFO Simone dos Santos Luciano  already on SE
2024-11-04 11:56:40 INFO Vitor Quintino  already on SE
2024-11-04 11:56:40 INFO Josicler Turassi  already on SE
2024-11-04 11:56:40 INFO Andreia Costa Sá already on SE
2024-11-04 11:56:40 INFO Tainá Do Nascimento correa dos Santos  already on SE
2024-11-04 11:56:40 INFO Gracilene Abigail de Souza  already on SE
2024-11-04 11:56:40 INFO ADRIANA REGINA HOLZ SELL already on SE
2024-11-04 11:56:40 INFO JHONY DE MORAES already on SE
2024-11-04 11:56:40 INFO Maria Luiza Pavoski Porto already on SE
2024-11-04 11:56:40 INFO Flávia Cheila Ternoski  already on SE
2024-11-04 11:56:40 INFO Patricia Rosa Will already on SE
2024-11-04 11:56:40 INFO Maria Luiza Melo Ferreira  already on SE
2024-11-04 11:56:40 INFO Martinha kruger  already on SE
2024-11-04 11:56:40 INFO Juan Carlos dos Santos  already on SE
2024-11-04 11:56:40 INFO PRISCILA DOS SANTOS MIGUEL already on SE
2024-11-04 11:56:40 INFO Jeferson Sobral  already on SE
2024-11-04 11:56:40 INFO Carine Rodrigues dos Santos  already on SE
2024-11-04 11:56:40 INFO Emmanuel Delfino dos Passos  already on SE
2024-11-04 11:56:40 INFO JAILSON DA SILVA already on SE
2024-11-04 11:56:40 INFO NAYARA MILENE ALVES already on SE
2024-11-04 11:56:40 INFO Maicon Alexandre de Oliveira  already on SE
2024-11-04 11:56:40 INFO Jefferson William Alves da Silva  already on SE
2024-11-04 11:56:40 INFO Cintia Mendes  already on SE
2024-11-04 11:56:40 INFO Eliane mara cercal already on SE
2024-11-04 11:56:40 INFO Juliane Belo Puccinelli already on SE
2024-11-04 11:56:40 INFO Rosana roque da Cunha Silva  already on SE
2024-11-04 11:56:40 INFO Schirley Dellandrea Hoffmann  already on SE
2024-11-04 11:56:40 INFO Karina Carvalho  already on SE
2024-11-04 11:56:40 INFO Wesley Miguel de Amorim already on SE
2024-11-04 11:56:40 INFO Rubens Vitório Lins Batista already on SE
2024-11-04 11:56:40 INFO Elaine Muller  already on SE
2024-11-04 11:56:40 INFO Janaina Fortunato Pereira Lima de Souza  already on SE
2024-11-04 11:56:40 INFO Bruno Eduardo de Souza  already on SE
2024-11-04 11:56:40 INFO Manuela Silva Souza Simão  already on SE
2024-11-04 11:56:40 INFO Marcos Antônio Sandrini already on SE
2024-11-04 11:56:40 INFO Dayana Martins Ramos  already on SE
2024-11-04 11:56:40 INFO Vivian Maria Linhares  already on SE
2024-11-04 11:56:40 INFO Eliete Alves  already on SE
2024-11-04 11:56:40 INFO Themístocles Duarte  already on SE
2024-11-04 11:56:40 INFO Nancy Esperanza Patino Castellanos  already on SE
2024-11-04 11:56:40 INFO Giani Gonçalves  already on SE
2024-11-04 11:56:40 INFO Luiza Karine de Jesus already on SE
2024-11-04 11:56:40 INFO Grazieli ines cervo  already on SE
2024-11-04 11:56:40 INFO Helena Lemos Simon  already on SE
2024-11-04 11:56:40 INFO Alessandra Avelino de Oliveira already on SE
