2024-11-28 14:04:25 INFO File downloaded successfully.200
2024-11-28 14:04:25 INFO Connection successful!
2024-11-28 14:04:25 INFO Brenno  already on SE
2024-11-28 14:04:25 INFO Daniel Bairros Perrone already on SE
2024-11-28 14:04:25 INFO Thaise Cardoso Cavalcante already on SE
2024-11-28 14:04:25 INFO Jairo de Faria Barros Filho. already on SE
2024-11-28 14:04:25 INFO Cleisson cordeiro dos santos  already on SE
2024-11-28 14:04:25 INFO ANA CAROLINE DE BORBA PETROSKI already on SE
2024-11-28 14:04:25 INFO Carlos Eduardo Beluco already on SE
2024-11-28 14:04:25 INFO Kethleen Lanna Lima Pinheiro  already on SE
2024-11-28 14:04:25 INFO Franciele Pagno already on SE
2024-11-28 14:04:25 INFO Pedro Vilson Fernandes Júnior already on SE
2024-11-28 14:04:25 INFO THIAGO CARLOS DE ALENCAR already on SE
2024-11-28 14:04:25 INFO DIANA VALLERY OLIVEIRA MOREIRA already on SE
2024-11-28 14:04:25 INFO PEDRO ANTONIO TESTONI BRUNKEN already on SE
2024-11-28 14:04:25 INFO LEONARDO CARDOSO SANTOS already on SE
2024-11-28 14:04:25 INFO Aline Souza da Luz already on SE
2024-11-28 14:04:25 INFO Maxmaihor Marques already on SE
2024-11-28 14:04:25 INFO Moises Daniel medina abreu already on SE
2024-11-28 14:04:25 INFO Matheus Gonçalves Enes  already on SE
2024-11-28 14:04:25 INFO AMANDA ESPINDOLA GODINHO DOS SANTOS already on SE
2024-11-28 14:04:25 INFO GLEIVIANE DA SILVA COSTA already on SE
2024-11-28 14:04:25 INFO ELUISA EYNG ROMANHA already on SE
2024-11-28 14:04:25 INFO ISABEL CRISTINA LEITE FURTADO already on SE
2024-11-28 14:04:25 INFO EDER JEAN GONÇALVES already on SE
2024-11-28 14:04:25 INFO ANA PAULA ARAUJO DE OLIVEIRA already on SE
2024-11-28 14:04:25 INFO Caroline Vieira Schmidt  already on SE
2024-11-28 14:04:25 INFO Nayara Angélica Struziatto Motta  already on SE
2024-11-28 14:04:25 INFO Rafael de Santana Teixeira Rinaldi already on SE
2024-11-28 14:04:25 INFO João Carlos Bonetti  already on SE
2024-11-28 14:04:25 INFO Patrícia Silva Rodrigues  already on SE
2024-11-28 14:04:25 INFO João Felipe Grosskopf already on SE
2024-11-28 14:04:25 INFO Claudia Jakelin Martinez Carrasquel  already on SE
2024-11-28 14:04:25 INFO RENAN REZENDE already on SE
2024-11-28 14:04:25 INFO Fabiana Sabino de Souza already on SE
2024-11-28 14:04:25 INFO Felipe  Souza already on SE
2024-11-28 14:04:25 INFO Igor Butzke already on SE
2024-11-28 14:04:25 INFO Michel Barboza Burilli  already on SE
2024-11-28 14:04:25 INFO Luiz Filipe Mafra  already on SE
2024-11-28 14:04:25 INFO Lucas Feitosa Silva already on SE
2024-11-28 14:04:25 INFO VALDIR PEDRO SCHWAAB already on SE
2024-11-28 14:04:25 INFO CARLOS EDUARDO DE BARROS already on SE
2024-11-28 14:04:25 INFO VITORIA EMANUELLE BATISTA VIEIRA  already on SE
2024-11-28 14:04:25 INFO VILMA GONÇALVES CORRA SOARES already on SE
2024-11-28 14:04:25 INFO Matheus william Gonçalves  already on SE
2024-11-28 14:04:25 INFO Mychelle Cordeiro de Oliveira already on SE
2024-11-28 14:04:25 INFO Cristiane Francine Tantsch da Silva  already on SE
2024-11-28 14:04:25 INFO Simone dos Santos Luciano  already on SE
2024-11-28 14:04:25 INFO Vitor Quintino  already on SE
2024-11-28 14:04:25 INFO Josicler Turassi  already on SE
2024-11-28 14:04:25 INFO Andreia Costa Sá already on SE
2024-11-28 14:04:25 INFO Tainá Do Nascimento correa dos Santos  already on SE
2024-11-28 14:04:25 INFO Gracilene Abigail de Souza  already on SE
2024-11-28 14:04:25 INFO ADRIANA REGINA HOLZ SELL already on SE
2024-11-28 14:04:25 INFO JHONY DE MORAES already on SE
2024-11-28 14:04:25 INFO Maria Luiza Pavoski Porto already on SE
2024-11-28 14:04:25 INFO Flávia Cheila Ternoski  already on SE
2024-11-28 14:04:25 INFO Patricia Rosa Will already on SE
2024-11-28 14:04:25 INFO Maria Luiza Melo Ferreira  already on SE
2024-11-28 14:04:25 INFO Martinha kruger  already on SE
2024-11-28 14:04:25 INFO Juan Carlos dos Santos  already on SE
2024-11-28 14:04:25 INFO PRISCILA DOS SANTOS MIGUEL already on SE
2024-11-28 14:04:25 INFO Jeferson Sobral  already on SE
2024-11-28 14:04:25 INFO Carine Rodrigues dos Santos  already on SE
2024-11-28 14:04:25 INFO Emmanuel Delfino dos Passos  already on SE
2024-11-28 14:04:25 INFO JAILSON DA SILVA already on SE
2024-11-28 14:04:25 INFO NAYARA MILENE ALVES already on SE
2024-11-28 14:04:25 INFO Maicon Alexandre de Oliveira  already on SE
2024-11-28 14:04:25 INFO Jefferson William Alves da Silva  already on SE
2024-11-28 14:04:25 INFO Cintia Mendes  already on SE
2024-11-28 14:04:25 INFO Eliane mara cercal already on SE
2024-11-28 14:04:25 INFO Juliane Belo Puccinelli already on SE
2024-11-28 14:04:25 INFO Rosana roque da Cunha Silva  already on SE
2024-11-28 14:04:25 INFO Schirley Dellandrea Hoffmann  already on SE
2024-11-28 14:04:25 INFO Karina Carvalho  already on SE
2024-11-28 14:04:25 INFO Wesley Miguel de Amorim already on SE
2024-11-28 14:04:25 INFO Rubens Vitório Lins Batista already on SE
2024-11-28 14:04:25 INFO Elaine Muller  already on SE
2024-11-28 14:04:25 INFO Janaina Fortunato Pereira Lima de Souza  already on SE
2024-11-28 14:04:25 INFO Bruno Eduardo de Souza  already on SE
2024-11-28 14:04:25 INFO Manuela Silva Souza Simão  already on SE
2024-11-28 14:04:25 INFO Marcos Antônio Sandrini already on SE
2024-11-28 14:04:25 INFO Dayana Martins Ramos  already on SE
2024-11-28 14:04:25 INFO Vivian Maria Linhares  already on SE
2024-11-28 14:04:25 INFO Eliete Alves  already on SE
2024-11-28 14:04:25 INFO Themístocles Duarte  already on SE
2024-11-28 14:04:25 INFO Nancy Esperanza Patino Castellanos  already on SE
2024-11-28 14:04:25 INFO Giani Gonçalves  already on SE
2024-11-28 14:04:25 INFO Luiza Karine de Jesus already on SE
2024-11-28 14:04:25 INFO Grazieli ines cervo  already on SE
2024-11-28 14:04:25 INFO Helena Lemos Simon  already on SE
2024-11-28 14:04:25 INFO Alessandra Avelino de Oliveira already on SE
2024-11-28 14:04:25 INFO Yasmin de Oliveira dos Santos already on SE
2024-11-28 14:04:25 INFO Claudemir Siqueira already on SE
2024-11-28 14:04:25 INFO Fernando de Leão already on SE
